2025-12-12 10:12:41,282 - INFO - ============================================================
2025-12-12 10:12:41,282 - INFO - ETF轮动策略组合净值分析系统启动
2025-12-12 10:12:41,282 - INFO - 日志文件: /home/user0/project/etf/output/etf_analysis_20251212_101241.log
2025-12-12 10:12:41,282 - INFO - 权重方法: s1
2025-12-12 10:12:41,282 - INFO - ============================================================
2025-12-12 10:12:41,282 - INFO - ============================================================
2025-12-12 10:12:41,282 - INFO - 开始ETF轮动策略组合净值分析（含初始资金量计算）
2025-12-12 10:12:41,282 - INFO - ============================================================
2025-12-12 10:12:41,282 - INFO - 加载策略数据...
2025-12-12 10:12:41,371 - INFO - 策略数据加载完成，共290条记录
2025-12-12 10:12:41,371 - INFO - 日期范围: 20241011 至 20251107
2025-12-12 10:12:41,371 - INFO - 初始资金量: 100,000,000 元
2025-12-12 10:12:41,371 - INFO - 获取交易日列表...
2025-12-12 10:12:41,372 - INFO - 共找到694个交易日
2025-12-12 10:12:41,372 - INFO - 加载净值数据...
2025-12-12 10:12:43,057 - INFO - 净值数据加载完成
2025-12-12 10:12:43,058 - INFO - 计算组合净值...
2025-12-12 10:12:43,059 - INFO - 20241011策略，20241014交易日 - ETF 159949.SZ: 初始投入 0 元, 净值 0.9624, 份额 0
2025-12-12 10:12:43,060 - INFO - 20241011策略，20241014交易日 - ETF 159350.SZ: 初始投入 25,985,431 元, 净值 1.1977, 份额 21696110
2025-12-12 10:12:43,060 - INFO - 20241011策略，20241014交易日 - ETF 159996.SZ: 初始投入 42,622,150 元, 净值 1.2985, 份额 32824143
2025-12-12 10:12:43,060 - INFO - 20241011策略，20241014交易日 - ETF 159967.SZ: 初始投入 5,579,342 元, 净值 1.7646, 份额 3161817
2025-12-12 10:12:43,061 - INFO - 20241011策略，20241014交易日 - ETF 159966.SZ: 初始投入 25,813,077 元, 净值 1.4663, 份额 17604226
2025-12-12 10:12:43,085 - INFO - 20241011策略，20241014交易日 - 继续持有5只ETF，当日净值: 1.0000，市值: 100,000,000元
2025-12-12 10:12:43,087 - INFO - 20241015交易日 - 无交易，持有5只ETF，当日净值: 0.9726，市值: 97,257,281元
2025-12-12 10:12:43,088 - INFO - 20241016交易日 - 无交易，持有5只ETF，当日净值: 0.9586，市值: 95,858,377元
2025-12-12 10:12:43,089 - INFO - 20241017交易日 - 无交易，持有5只ETF，当日净值: 0.9516，市值: 95,163,044元
2025-12-12 10:12:43,091 - INFO - 20241018交易日 - 无交易，持有5只ETF，当日净值: 1.0002，市值: 100,023,186元
2025-12-12 10:12:43,091 - INFO - 20241021交易日 - 检测到ETF组合变化，重新平衡投资组合
2025-12-12 10:12:43,093 - INFO - 20241021交易日 - ETF 512800.SH: 重新投入 26,113,723 元 (权重:0.2595), 净值 1.4159, 份额 18443197
2025-12-12 10:12:43,093 - INFO - 20241021交易日 - ETF 515300.SH: 重新投入 29,166,054 元 (权重:0.2898), 净值 1.5980, 份额 18251598
2025-12-12 10:12:43,093 - INFO - 20241021交易日 - ETF 159887.SZ: 重新投入 24,998,804 元 (权重:0.2484), 净值 1.1524, 份额 21692818
2025-12-12 10:12:43,094 - INFO - 20241021交易日 - ETF 159996.SZ: 重新投入 0 元 (权重:0.0000), 净值 1.3011, 份额 0
2025-12-12 10:12:43,094 - INFO - 20241021交易日 - ETF 512750.SH: 重新投入 20,355,238 元 (权重:0.2023), 净值 1.4020, 份额 14518715
2025-12-12 10:12:43,096 - INFO - 20241018策略，20241021交易日 - 继续持有5只ETF，当日净值: 1.0063，市值: 100,633,819元
2025-12-12 10:12:43,097 - INFO - 20241022交易日 - 无交易，持有5只ETF，当日净值: 1.0091，市值: 100,905,714元
2025-12-12 10:12:43,099 - INFO - 20241023交易日 - 无交易，持有5只ETF，当日净值: 1.0131，市值: 101,314,985元
2025-12-12 10:12:43,100 - INFO - 20241024交易日 - 无交易，持有5只ETF，当日净值: 1.0086，市值: 100,859,578元
2025-12-12 10:12:43,101 - INFO - 20241025交易日 - 无交易，持有5只ETF，当日净值: 1.0040，市值: 100,396,118元
2025-12-12 10:12:43,102 - INFO - 20241028交易日 - 检测到ETF组合变化，重新平衡投资组合
2025-12-12 10:12:43,104 - INFO - 20241028交易日 - ETF 512710.SH: 重新投入 0 元 (权重:0.0000), 净值 1.3314, 份额 0
2025-12-12 10:12:43,104 - INFO - 20241028交易日 - ETF 516970.SH: 重新投入 15,868,566 元 (权重:0.1588), 净值 1.1569, 份额 13716454
2025-12-12 10:12:43,104 - INFO - 20241028交易日 - ETF 516950.SH: 重新投入 44,837,604 元 (权重:0.4487), 净值 1.0939, 份额 40988759
2025-12-12 10:12:43,105 - INFO - 20241028交易日 - ETF 512800.SH: 重新投入 23,927,158 元 (权重:0.2395), 净值 1.3976, 份额 17120176
2025-12-12 10:12:43,105 - INFO - 20241028交易日 - ETF 159887.SZ: 重新投入 15,283,881 元 (权重:0.1530), 净值 1.1375, 份额 13436379
2025-12-12 10:12:43,106 - INFO - 20241025策略，20241028交易日 - 继续持有5只ETF，当日净值: 0.9992，市值: 99,917,209元
2025-12-12 10:12:43,108 - INFO - 20241029交易日 - 无交易，持有5只ETF，当日净值: 0.9872，市值: 98,716,150元
2025-12-12 10:12:43,109 - INFO - 20241030交易日 - 无交易，持有5只ETF，当日净值: 0.9819，市值: 98,190,237元
2025-12-12 10:12:43,111 - INFO - 20241031交易日 - 无交易，持有5只ETF，当日净值: 0.9858，市值: 98,582,137元
2025-12-12 10:12:43,112 - INFO - 20241101交易日 - 无交易，持有5只ETF，当日净值: 0.9973，市值: 99,728,555元
2025-12-12 10:12:43,112 - INFO - 20241104交易日 - 检测到ETF组合变化，重新平衡投资组合
2025-12-12 10:12:43,114 - INFO - 20241104交易日 - ETF 516950.SH: 重新投入 24,356,787 元 (权重:0.2422), 净值 1.1101, 份额 21941074
2025-12-12 10:12:43,114 - INFO - 20241104交易日 - ETF 159667.SZ: 重新投入 17,873,814 元 (权重:0.1777), 净值 0.9766, 份额 18302083
2025-12-12 10:12:43,115 - INFO - 20241104交易日 - ETF 159512.SZ: 重新投入 0 元 (权重:0.0000), 净值 1.3512, 份额 0
2025-12-12 10:12:43,115 - INFO - 20241104交易日 - ETF 560280.SH: 重新投入 23,821,394 元 (权重:0.2369), 净值 1.2145, 份额 19614158
2025-12-12 10:12:43,115 - INFO - 20241104交易日 - ETF 560860.SH: 重新投入 34,520,870 元 (权重:0.3432), 净值 0.8719, 份额 39592694
2025-12-12 10:12:43,117 - INFO - 20241101策略，20241104交易日 - 继续持有5只ETF，当日净值: 1.0057，市值: 100,572,864元
2025-12-12 10:12:43,118 - INFO - 20241105交易日 - 无交易，持有5只ETF，当日净值: 1.0344，市值: 103,439,174元
2025-12-12 10:12:43,120 - INFO - 20241106交易日 - 无交易，持有5只ETF，当日净值: 1.0392，市值: 103,915,357元
2025-12-12 10:12:43,121 - INFO - 20241107交易日 - 无交易，持有5只ETF，当日净值: 1.0540，市值: 105,397,812元
2025-12-12 10:12:43,123 - INFO - 20241108交易日 - 无交易，持有5只ETF，当日净值: 1.0423，市值: 104,233,377元
2025-12-12 10:12:43,123 - INFO - 20241111交易日 - 检测到ETF组合变化，重新平衡投资组合
2025-12-12 10:12:43,125 - INFO - 20241111交易日 - ETF 512760.SH: 重新投入 1,314,666 元 (权重:0.0125), 净值 2.5106, 份额 523646
2025-12-12 10:12:43,126 - INFO - 20241111交易日 - ETF 159516.SZ: 重新投入 3,331,408 元 (权重:0.0317), 净值 1.2653, 份额 2632900
2025-12-12 10:12:43,126 - INFO - 20241111交易日 - ETF 516350.SH: 重新投入 0 元 (权重:0.0000), 净值 0.9143, 份额 0
2025-12-12 10:12:43,126 - INFO - 20241111交易日 - ETF 516950.SH: 重新投入 55,681,936 元 (权重:0.5307), 净值 1.1422, 份额 48749725
2025-12-12 10:12:43,126 - INFO - 20241111交易日 - ETF 516970.SH: 重新投入 44,601,894 元 (权重:0.4251), 净值 1.2059, 份额 36986395
2025-12-12 10:12:43,128 - INFO - 20241108策略，20241111交易日 - 继续持有5只ETF，当日净值: 1.0493，市值: 104,929,903元
2025-12-12 10:12:43,129 - INFO - 20241112交易日 - 无交易，持有5只ETF，当日净值: 1.0318，市值: 103,184,060元
2025-12-12 10:12:43,131 - INFO - 20241113交易日 - 无交易，持有5只ETF，当日净值: 1.0386，市值: 103,860,904元
2025-12-12 10:12:43,132 - INFO - 20241114交易日 - 无交易，持有5只ETF，当日净值: 1.0230，市值: 102,296,693元
2025-12-12 10:12:43,134 - INFO - 20241115交易日 - 无交易，持有5只ETF，当日净值: 1.0085，市值: 100,854,232元
2025-12-12 10:12:43,134 - INFO - 20241118交易日 - 检测到ETF组合变化，重新平衡投资组合
2025-12-12 10:12:43,136 - INFO - 20241118交易日 - ETF 159516.SZ: 重新投入 32,221,237 元 (权重:0.3123), 净值 1.1055, 份额 29146302
2025-12-12 10:12:43,136 - INFO - 20241118交易日 - ETF 512760.SH: 重新投入 14,669,959 元 (权重:0.1422), 净值 2.2066, 份额 6648219
2025-12-12 10:12:43,137 - INFO - 20241118交易日 - ETF 159995.SZ: 重新投入 0 元 (权重:0.0000), 净值 1.1932, 份额 0
2025-12-12 10:12:43,137 - INFO - 20241118交易日 - ETF 516350.SH: 重新投入 12,183,578 元 (权重:0.1181), 净值 0.8042, 份额 15149935
2025-12-12 10:12:43,137 - INFO - 20241118交易日 - ETF 561980.SH: 重新投入 44,114,576 元 (权重:0.4275), 净值 1.3150, 份额 33547206
2025-12-12 10:12:43,139 - INFO - 20241115策略，20241118交易日 - 继续持有5只ETF，当日净值: 1.0319，市值: 103,189,350元
2025-12-12 10:12:43,140 - INFO - 20241119交易日 - 无交易，持有5只ETF，当日净值: 1.0640，市值: 106,404,824元
2025-12-12 10:12:43,142 - INFO - 20241120交易日 - 无交易，持有5只ETF，当日净值: 1.0610，市值: 106,104,155元
2025-12-12 10:12:43,143 - INFO - 20241121交易日 - 无交易，持有5只ETF，当日净值: 1.0661，市值: 106,608,904元
2025-12-12 10:12:43,145 - INFO - 20241122交易日 - 无交易，持有5只ETF，当日净值: 1.0236，市值: 102,363,217元
2025-12-12 10:12:43,145 - INFO - 20241125交易日 - 检测到ETF组合变化，重新平衡投资组合
2025-12-12 10:12:43,147 - INFO - 20241125交易日 - ETF 560980.SH: 重新投入 0 元 (权重:0.0000), 净值 0.5307, 份额 0
2025-12-12 10:12:43,147 - INFO - 20241125交易日 - ETF 588830.SH: 重新投入 5,627,197 元 (权重:0.0554), 净值 1.3066, 份额 4306748
2025-12-12 10:12:43,147 - INFO - 20241125交易日 - ETF 159825.SZ: 重新投入 23,694,255 元 (权重:0.2334), 净值 0.6726, 份额 35227854
2025-12-12 10:12:43,148 - INFO - 20241125交易日 - ETF 159766.SZ: 重新投入 36,177,895 元 (权重:0.3564), 净值 0.7017, 份额 51557496
2025-12-12 10:12:43,148 - INFO - 20241125交易日 - ETF 159865.SZ: 重新投入 36,016,282 元 (权重:0.3548), 净值 0.5718, 份额 62987552
2025-12-12 10:12:43,150 - INFO - 20241122策略，20241125交易日 - 继续持有5只ETF，当日净值: 1.0152，市值: 101,515,628元
2025-12-12 10:12:43,151 - INFO - 20241126交易日 - 无交易，持有5只ETF，当日净值: 1.0190，市值: 101,897,535元
2025-12-12 10:12:43,153 - INFO - 20241127交易日 - 无交易，持有5只ETF，当日净值: 1.0301，市值: 103,014,572元
2025-12-12 10:12:43,154 - INFO - 20241128交易日 - 无交易，持有5只ETF，当日净值: 1.0273，市值: 102,728,583元
2025-12-12 10:12:43,156 - INFO - 20241129交易日 - 无交易，持有5只ETF，当日净值: 1.0378，市值: 103,779,083元
2025-12-12 10:12:43,156 - INFO - 20241202交易日 - 检测到ETF组合变化，重新平衡投资组合
2025-12-12 10:12:43,158 - INFO - 20241202交易日 - ETF 512670.SH: 重新投入 23,449,337 元 (权重:0.2222), 净值 1.4506, 份额 16165268
2025-12-12 10:12:43,158 - INFO - 20241202交易日 - ETF 512710.SH: 重新投入 29,531,205 元 (权重:0.2799), 净值 1.2826, 份额 23024486
2025-12-12 10:12:43,158 - INFO - 20241202交易日 - ETF 159766.SZ: 重新投入 22,954,891 元 (权重:0.2175), 净值 0.7350, 份额 31231145
2025-12-12 10:12:43,159 - INFO - 20241202交易日 - ETF 159865.SZ: 重新投入 29,586,831 元 (权重:0.2804), 净值 0.5935, 份额 49851443
2025-12-12 10:12:43,159 - INFO - 20241202交易日 - ETF 588020.SH: 重新投入 0 元 (权重:0.0000), 净值 1.1134, 份额 0
2025-12-12 10:12:43,160 - INFO - 20241129策略，20241202交易日 - 继续持有5只ETF，当日净值: 1.0552，市值: 105,522,266元
2025-12-12 10:12:43,162 - INFO - 20241203交易日 - 无交易，持有5只ETF，当日净值: 1.0505，市值: 105,054,833元
2025-12-12 10:12:43,163 - INFO - 20241204交易日 - 无交易，持有5只ETF，当日净值: 1.0349，市值: 103,490,589元
2025-12-12 10:12:43,165 - INFO - 20241205交易日 - 无交易，持有5只ETF，当日净值: 1.0417，市值: 104,165,382元
2025-12-12 10:12:43,166 - INFO - 20241206交易日 - 无交易，持有5只ETF，当日净值: 1.0524，市值: 105,239,064元
2025-12-12 10:12:43,167 - INFO - 20241209交易日 - 检测到ETF组合变化，重新平衡投资组合
2025-12-12 10:12:43,169 - INFO - 20241209交易日 - ETF 516970.SH: 重新投入 25,452,086 元 (权重:0.2447), 净值 1.1615, 份额 21913117
2025-12-12 10:12:43,169 - INFO - 20241209交易日 - ETF 159851.SZ: 重新投入 0 元 (权重:0.0000), 净值 1.5972, 份额 0
2025-12-12 10:12:43,169 - INFO - 20241209交易日 - ETF 515100.SH: 重新投入 28,343,933 元 (权重:0.2725), 净值 1.9254, 份额 14721062
2025-12-12 10:12:43,169 - INFO - 20241209交易日 - ETF 159766.SZ: 重新投入 23,862,350 元 (权重:0.2294), 净值 0.7362, 份额 32412863
2025-12-12 10:12:43,170 - INFO - 20241209交易日 - ETF 159611.SZ: 重新投入 26,356,304 元 (权重:0.2534), 净值 1.0061, 份额 26196506
2025-12-12 10:12:43,171 - INFO - 20241206策略，20241209交易日 - 继续持有5只ETF，当日净值: 1.0401，市值: 104,014,673元
2025-12-12 10:12:43,173 - INFO - 20241210交易日 - 无交易，持有5只ETF，当日净值: 1.0427，市值: 104,267,670元
2025-12-12 10:12:43,174 - INFO - 20241211交易日 - 无交易，持有5只ETF，当日净值: 1.0512，市值: 105,116,183元
2025-12-12 10:12:43,176 - INFO - 20241212交易日 - 无交易，持有5只ETF，当日净值: 1.0600，市值: 105,996,039元
2025-12-12 10:12:43,177 - INFO - 20241213交易日 - 无交易，持有5只ETF，当日净值: 1.0460，市值: 104,603,848元
2025-12-12 10:12:43,178 - INFO - 20241216交易日 - 检测到ETF组合变化，重新平衡投资组合
2025-12-12 10:12:43,180 - INFO - 20241216交易日 - ETF 159851.SZ: 重新投入 0 元 (权重:0.0000), 净值 1.5520, 份额 0
2025-12-12 10:12:43,180 - INFO - 20241216交易日 - ETF 159625.SZ: 重新投入 28,756,644 元 (权重:0.2741), 净值 1.1809, 份额 24351464
2025-12-12 10:12:43,180 - INFO - 20241216交易日 - ETF 159766.SZ: 重新投入 22,319,315 元 (权重:0.2128), 净值 0.7709, 份额 28952283
2025-12-12 10:12:43,180 - INFO - 20241216交易日 - ETF 159611.SZ: 重新投入 30,121,758 元 (权重:0.2872), 净值 1.0101, 份额 29820570
2025-12-12 10:12:43,181 - INFO - 20241216交易日 - ETF 159692.SZ: 重新投入 23,700,882 元 (权重:0.2259), 净值 1.2924, 份额 18338658
2025-12-12 10:12:43,182 - INFO - 20241213策略，20241216交易日 - 继续持有5只ETF，当日净值: 1.0490，市值: 104,898,599元
2025-12-12 10:12:43,184 - INFO - 20241217交易日 - 无交易，持有5只ETF，当日净值: 1.0385，市值: 103,852,590元
2025-12-12 10:12:43,185 - INFO - 20241218交易日 - 无交易，持有5只ETF，当日净值: 1.0406，市值: 104,055,049元
2025-12-12 10:12:43,187 - INFO - 20241219交易日 - 无交易，持有5只ETF，当日净值: 1.0316，市值: 103,161,198元
2025-12-12 10:12:43,188 - INFO - 20241220交易日 - 无交易，持有5只ETF，当日净值: 1.0265，市值: 102,645,171元
2025-12-12 10:12:43,189 - INFO - 20241223交易日 - 检测到ETF组合变化，重新平衡投资组合
2025-12-12 10:12:43,190 - INFO - 20241223交易日 - ETF 516970.SH: 重新投入 0 元 (权重:0.0000), 净值 1.1287, 份额 0
2025-12-12 10:12:43,191 - INFO - 20241223交易日 - ETF 159625.SZ: 重新投入 23,713,835 元 (权重:0.2312), 净值 1.1687, 份额 20290781
2025-12-12 10:12:43,191 - INFO - 20241223交易日 - ETF 159611.SZ: 重新投入 33,236,898 元 (权重:0.3240), 净值 1.0003, 份额 33226930
2025-12-12 10:12:43,191 - INFO - 20241223交易日 - ETF 515210.SH: 重新投入 19,554,340 元 (权重:0.1906), 净值 1.3608, 份额 14369738
2025-12-12 10:12:43,192 - INFO - 20241223交易日 - ETF 561580.SH: 重新投入 26,079,870 元 (权重:0.2542), 净值 1.2013, 份额 21709706
2025-12-12 10:12:43,193 - INFO - 20241220策略，20241223交易日 - 继续持有5只ETF，当日净值: 1.0258，市值: 102,584,943元
2025-12-12 10:12:43,195 - INFO - 20241224交易日 - 无交易，持有5只ETF，当日净值: 1.0371，市值: 103,705,524元
2025-12-12 10:12:43,196 - INFO - 20241225交易日 - 无交易，持有5只ETF，当日净值: 1.0357，市值: 103,572,324元
2025-12-12 10:12:43,198 - INFO - 20241226交易日 - 无交易，持有5只ETF，当日净值: 1.0264，市值: 102,643,774元
2025-12-12 10:12:43,199 - INFO - 20241227交易日 - 无交易，持有5只ETF，当日净值: 1.0333，市值: 103,331,255元
2025-12-12 10:12:43,200 - INFO - 20241230交易日 - 检测到ETF组合变化，重新平衡投资组合
2025-12-12 10:12:43,202 - INFO - 20241230交易日 - ETF 516970.SH: 重新投入 25,225,884 元 (权重:0.2453), 净值 1.1393, 份额 22141564
2025-12-12 10:12:43,202 - INFO - 20241230交易日 - ETF 159887.SZ: 重新投入 25,926,994 元 (权重:0.2521), 净值 1.2220, 份额 21216853
2025-12-12 10:12:43,202 - INFO - 20241230交易日 - ETF 512800.SH: 重新投入 26,176,724 元 (权重:0.2546), 净值 1.5008, 份额 17441847
2025-12-12 10:12:43,202 - INFO - 20241230交易日 - ETF 588200.SH: 重新投入 0 元 (权重:0.0000), 净值 1.5272, 份额 0
2025-12-12 10:12:43,203 - INFO - 20241230交易日 - ETF 510230.SH: 重新投入 25,497,109 元 (权重:0.2480), 净值 2.1978, 份额 11601196
2025-12-12 10:12:43,204 - INFO - 20241227策略，20241230交易日 - 继续持有5只ETF，当日净值: 1.0283，市值: 102,826,711元
2025-12-12 10:12:43,206 - INFO - 20241231交易日 - 无交易，持有5只ETF，当日净值: 1.0130，市值: 101,295,850元
2025-12-12 10:12:43,208 - INFO - 20250102交易日 - 无交易，持有5只ETF，当日净值: 0.9859，市值: 98,586,444元
2025-12-12 10:12:43,210 - INFO - 20250103交易日 - 无交易，持有5只ETF，当日净值: 0.9760，市值: 97,603,642元
2025-12-12 10:12:43,210 - INFO - 20250106交易日 - 检测到ETF组合变化，重新平衡投资组合
2025-12-12 10:12:43,212 - INFO - 20250106交易日 - ETF 159768.SZ: 重新投入 25,727,322 元 (权重:0.2622), 净值 0.5438, 份额 47310264
2025-12-12 10:12:43,212 - INFO - 20250106交易日 - ETF 159692.SZ: 重新投入 38,695,761 元 (权重:0.3943), 净值 1.1704, 份额 33061997
2025-12-12 10:12:43,213 - INFO - 20250106交易日 - ETF 159887.SZ: 重新投入 7,984,653 元 (权重:0.0814), 净值 1.1833, 份额 6747784
2025-12-12 10:12:43,213 - INFO - 20250106交易日 - ETF 159707.SZ: 重新投入 25,727,322 元 (权重:0.2622), 净值 0.6058, 份额 42468342
2025-12-12 10:12:43,213 - INFO - 20250106交易日 - ETF 159949.SZ: 重新投入 0 元 (权重:0.0000), 净值 0.9026, 份额 0
2025-12-12 10:12:43,215 - INFO - 20250103策略，20250106交易日 - 继续持有5只ETF，当日净值: 0.9814，市值: 98,135,058元
2025-12-12 10:12:43,216 - INFO - 20250107交易日 - 无交易，持有5只ETF，当日净值: 0.9881，市值: 98,807,115元
2025-12-12 10:12:43,218 - INFO - 20250108交易日 - 无交易，持有5只ETF，当日净值: 0.9815，市值: 98,146,391元
2025-12-12 10:12:43,219 - INFO - 20250109交易日 - 无交易，持有5只ETF，当日净值: 0.9791，市值: 97,910,058元
2025-12-12 10:12:43,221 - INFO - 20250110交易日 - 无交易，持有5只ETF，当日净值: 0.9632，市值: 96,323,068元
2025-12-12 10:12:43,221 - INFO - 20250113交易日 - 检测到ETF组合变化，重新平衡投资组合
2025-12-12 10:12:43,223 - INFO - 20250113交易日 - ETF 512800.SH: 重新投入 11,666,368 元 (权重:0.1201), 净值 1.4397, 份额 8103333
2025-12-12 10:12:43,224 - INFO - 20250113交易日 - ETF 159516.SZ: 重新投入 0 元 (权重:0.0000), 净值 0.9629, 份额 0
2025-12-12 10:12:43,224 - INFO - 20250113交易日 - ETF 512890.SH: 重新投入 38,373,926 元 (权重:0.3949), 净值 2.1190, 份额 18109451
2025-12-12 10:12:43,224 - INFO - 20250113交易日 - ETF 510230.SH: 重新投入 38,644,928 元 (权重:0.3977), 净值 2.0630, 份额 18732394
2025-12-12 10:12:43,224 - INFO - 20250113交易日 - ETF 159887.SZ: 重新投入 8,490,591 元 (权重:0.0874), 净值 1.1731, 份额 7237739
2025-12-12 10:12:43,226 - INFO - 20250110策略，20250113交易日 - 继续持有5只ETF，当日净值: 0.9718，市值: 97,175,813元
2025-12-12 10:12:43,228 - INFO - 20250114交易日 - 无交易，持有5只ETF，当日净值: 0.9861，市值: 98,611,804元
2025-12-12 10:12:43,229 - INFO - 20250115交易日 - 无交易，持有5只ETF，当日净值: 0.9891，市值: 98,908,975元
2025-12-12 10:12:43,231 - INFO - 20250116交易日 - 无交易，持有5只ETF，当日净值: 0.9961，市值: 99,605,763元
2025-12-12 10:12:43,232 - INFO - 20250117交易日 - 无交易，持有5只ETF，当日净值: 0.9933，市值: 99,332,380元
2025-12-12 10:12:43,232 - INFO - 20250120交易日 - 检测到ETF组合变化，重新平衡投资组合
2025-12-12 10:12:43,234 - INFO - 20250120交易日 - ETF 512800.SH: 重新投入 11,059,685 元 (权重:0.1114), 净值 1.4694, 份额 7526667
2025-12-12 10:12:43,235 - INFO - 20250120交易日 - ETF 560860.SH: 重新投入 0 元 (权重:0.0000), 净值 0.8340, 份额 0
2025-12-12 10:12:43,235 - INFO - 20250120交易日 - ETF 512890.SH: 重新投入 38,767,357 元 (权重:0.3905), 净值 2.1676, 份额 17884922
2025-12-12 10:12:43,235 - INFO - 20250120交易日 - ETF 159887.SZ: 重新投入 7,901,897 元 (权重:0.0796), 净值 1.1965, 份额 6604176
2025-12-12 10:12:43,236 - INFO - 20250120交易日 - ETF 510230.SH: 重新投入 41,535,025 元 (权重:0.4184), 净值 2.1056, 份额 19725981
2025-12-12 10:12:43,237 - INFO - 20250117策略，20250120交易日 - 继续持有5只ETF，当日净值: 0.9926，市值: 99,263,965元
2025-12-12 10:12:43,239 - INFO - 20250121交易日 - 无交易，持有5只ETF，当日净值: 0.9900，市值: 99,003,947元
2025-12-12 10:12:43,240 - INFO - 20250122交易日 - 无交易，持有5只ETF，当日净值: 0.9759，市值: 97,588,254元
2025-12-12 10:12:43,242 - INFO - 20250123交易日 - 无交易，持有5只ETF，当日净值: 0.9938，市值: 99,379,454元
2025-12-12 10:12:43,243 - INFO - 20250124交易日 - 无交易，持有5只ETF，当日净值: 0.9978，市值: 99,779,999元
2025-12-12 10:12:43,244 - INFO - 20250127交易日 - 检测到ETF组合变化，重新平衡投资组合
2025-12-12 10:12:43,246 - INFO - 20250127交易日 - ETF 512480.SH: 重新投入 0 元 (权重:0.0000), 净值 1.9790, 份额 0
2025-12-12 10:12:43,246 - INFO - 20250127交易日 - ETF 588010.SH: 重新投入 32,045,849 元 (权重:0.3183), 净值 0.5520, 份额 58054074
2025-12-12 10:12:43,246 - INFO - 20250127交易日 - ETF 159516.SZ: 重新投入 13,643,331 元 (权重:0.1355), 净值 0.9796, 份额 13927451
2025-12-12 10:12:43,247 - INFO - 20250127交易日 - ETF 561980.SH: 重新投入 7,331,868 元 (权重:0.0728), 净值 1.2141, 份额 6038932
2025-12-12 10:12:43,247 - INFO - 20250127交易日 - ETF 560860.SH: 重新投入 47,666,086 元 (权重:0.4734), 净值 0.8346, 份额 57112493
2025-12-12 10:12:43,249 - INFO - 20250124策略，20250127交易日 - 继续持有5只ETF，当日净值: 1.0069，市值: 100,687,133元
2025-12-12 10:12:43,249 - INFO - 20250205交易日 - 检测到ETF组合变化，重新平衡投资组合
2025-12-12 10:12:43,251 - INFO - 20250205交易日 - ETF 159516.SZ: 重新投入 21,733,726 元 (权重:0.2153), 净值 0.9853, 份额 22057978
2025-12-12 10:12:43,251 - INFO - 20250205交易日 - ETF 515250.SH: 重新投入 26,322,718 元 (权重:0.2608), 净值 0.9733, 份额 27044815
2025-12-12 10:12:43,251 - INFO - 20250205交易日 - ETF 159325.SZ: 重新投入 0 元 (权重:0.0000), 净值 1.0209, 份额 0
2025-12-12 10:12:43,252 - INFO - 20250205交易日 - ETF 561980.SH: 重新投入 16,857,005 元 (权重:0.1670), 净值 1.2425, 份额 13567006
2025-12-12 10:12:43,252 - INFO - 20250205交易日 - ETF 588010.SH: 重新投入 36,012,307 元 (权重:0.3568), 净值 0.5511, 份额 65346228
2025-12-12 10:12:43,254 - INFO - 20250127策略，20250205交易日 - 继续持有5只ETF，当日净值: 1.0093，市值: 100,925,756元
2025-12-12 10:12:43,255 - INFO - 20250206交易日 - 无交易，持有5只ETF，当日净值: 1.0560，市值: 105,599,616元
2025-12-12 10:12:43,257 - INFO - 20250207交易日 - 无交易，持有5只ETF，当日净值: 1.0682，市值: 106,823,567元
2025-12-12 10:12:43,257 - INFO - 20250210交易日 - 检测到ETF组合变化，重新平衡投资组合
2025-12-12 10:12:43,259 - INFO - 20250210交易日 - ETF 516510.SH: 重新投入 12,585,937 元 (权重:0.1173), 净值 1.2638, 份额 9958805
2025-12-12 10:12:43,259 - INFO - 20250210交易日 - ETF 159852.SZ: 重新投入 14,109,254 元 (权重:0.1315), 净值 0.9077, 份额 15543962
2025-12-12 10:12:43,260 - INFO - 20250210交易日 - ETF 515400.SH: 重新投入 21,050,868 元 (权重:0.1961), 净值 0.9577, 份额 21980650
2025-12-12 10:12:43,260 - INFO - 20250210交易日 - ETF 159363.SZ: 重新投入 0 元 (权重:0.0000), 净值 1.0773, 份额 0
2025-12-12 10:12:43,260 - INFO - 20250210交易日 - ETF 159869.SZ: 重新投入 59,584,342 元 (权重:0.5551), 净值 1.1793, 份额 50525178
2025-12-12 10:12:43,262 - INFO - 20250207策略，20250210交易日 - 继续持有5只ETF，当日净值: 1.0733，市值: 107,330,402元
2025-12-12 10:12:43,263 - INFO - 20250211交易日 - 无交易，持有5只ETF，当日净值: 1.0727，市值: 107,272,390元
2025-12-12 10:12:43,265 - INFO - 20250212交易日 - 无交易，持有5只ETF，当日净值: 1.1074，市值: 110,735,057元
2025-12-12 10:12:43,267 - INFO - 20250213交易日 - 无交易，持有5只ETF，当日净值: 1.1071，市值: 110,708,035元
2025-12-12 10:12:43,268 - INFO - 20250214交易日 - 无交易，持有5只ETF，当日净值: 1.1651，市值: 116,508,862元
2025-12-12 10:12:43,268 - INFO - 20250217交易日 - 检测到ETF组合变化，重新平衡投资组合
2025-12-12 10:12:43,270 - INFO - 20250217交易日 - ETF 159998.SZ: 重新投入 28,566,576 元 (权重:0.2455), 净值 1.0308, 份额 27713015
2025-12-12 10:12:43,271 - INFO - 20250217交易日 - ETF 560850.SH: 重新投入 0 元 (权重:0.0000), 净值 1.5262, 份额 0
2025-12-12 10:12:43,271 - INFO - 20250217交易日 - ETF 515230.SH: 重新投入 302,098 元 (权重:0.0026), 净值 0.9559, 份额 316035
2025-12-12 10:12:43,271 - INFO - 20250217交易日 - ETF 159852.SZ: 重新投入 1,124,540 元 (权重:0.0097), 净值 0.9404, 份额 1195811
2025-12-12 10:12:43,272 - INFO - 20250217交易日 - ETF 159869.SZ: 重新投入 86,376,633 元 (权重:0.7423), 净值 1.3040, 份额 66239749
2025-12-12 10:12:43,273 - INFO - 20250214策略，20250217交易日 - 继续持有5只ETF，当日净值: 1.1637，市值: 116,369,847元
2025-12-12 10:12:43,275 - INFO - 20250218交易日 - 无交易，持有5只ETF，当日净值: 1.1227，市值: 112,267,814元
2025-12-12 10:12:43,276 - INFO - 20250219交易日 - 无交易，持有5只ETF，当日净值: 1.1448，市值: 114,482,615元
2025-12-12 10:12:43,278 - INFO - 20250220交易日 - 无交易，持有5只ETF，当日净值: 1.1285，市值: 112,854,160元
2025-12-12 10:12:43,280 - INFO - 20250221交易日 - 无交易，持有5只ETF，当日净值: 1.1709，市值: 117,093,495元
2025-12-12 10:12:43,280 - INFO - 20250224交易日 - 检测到ETF组合变化，重新平衡投资组合
2025-12-12 10:12:43,282 - INFO - 20250224交易日 - ETF 562500.SH: 重新投入 7,056,667 元 (权重:0.0610), 净值 1.0071, 份额 7006918
2025-12-12 10:12:43,282 - INFO - 20250224交易日 - ETF 159998.SZ: 重新投入 40,738,176 元 (权重:0.3523), 净值 1.0741, 份额 37927731
2025-12-12 10:12:43,282 - INFO - 20250224交易日 - ETF 562570.SH: 重新投入 32,566,028 元 (权重:0.2816), 净值 1.5455, 份额 21071516
2025-12-12 10:12:43,283 - INFO - 20250224交易日 - ETF 515230.SH: 重新投入 35,288,592 元 (权重:0.3051), 净值 0.9760, 份额 36156344
2025-12-12 10:12:43,283 - INFO - 20250224交易日 - ETF 159530.SZ: 重新投入 0 元 (权重:0.0000), 净值 1.4596, 份额 0
2025-12-12 10:12:43,285 - INFO - 20250221策略，20250224交易日 - 继续持有5只ETF，当日净值: 1.1565，市值: 115,649,463元
2025-12-12 10:12:43,286 - INFO - 20250225交易日 - 无交易，持有5只ETF，当日净值: 1.1354，市值: 113,538,850元
2025-12-12 10:12:43,288 - INFO - 20250226交易日 - 无交易，持有5只ETF，当日净值: 1.1440，市值: 114,396,585元
2025-12-12 10:12:43,290 - INFO - 20250227交易日 - 无交易，持有5只ETF，当日净值: 1.1191，市值: 111,909,730元
2025-12-12 10:12:43,291 - INFO - 20250228交易日 - 无交易，持有5只ETF，当日净值: 1.0572，市值: 105,723,087元
2025-12-12 10:12:43,291 - INFO - 20250303交易日 - 检测到ETF组合变化，重新平衡投资组合
2025-12-12 10:12:43,293 - INFO - 20250303交易日 - ETF 159852.SZ: 重新投入 23,538,459 元 (权重:0.2222), 净值 0.8879, 份额 26510259
2025-12-12 10:12:43,294 - INFO - 20250303交易日 - ETF 560280.SH: 重新投入 39,287,261 元 (权重:0.3709), 净值 1.3327, 份额 29479448
2025-12-12 10:12:43,294 - INFO - 20250303交易日 - ETF 159819.SZ: 重新投入 15,341,204 元 (权重:0.1448), 净值 0.9990, 份额 15356560
2025-12-12 10:12:43,294 - INFO - 20250303交易日 - ETF 515230.SH: 重新投入 27,765,190 元 (权重:0.2621), 净值 0.8964, 份额 30974108
2025-12-12 10:12:43,295 - INFO - 20250303交易日 - ETF 562500.SH: 重新投入 0 元 (权重:0.0000), 净值 0.9327, 份额 0
2025-12-12 10:12:43,296 - INFO - 20250228策略，20250303交易日 - 继续持有5只ETF，当日净值: 1.0593，市值: 105,932,114元
2025-12-12 10:12:43,298 - INFO - 20250304交易日 - 无交易，持有5只ETF，当日净值: 1.0710，市值: 107,099,664元
2025-12-12 10:12:43,299 - INFO - 20250305交易日 - 无交易，持有5只ETF，当日净值: 1.0923，市值: 109,227,242元
2025-12-12 10:12:43,301 - INFO - 20250306交易日 - 无交易，持有5只ETF，当日净值: 1.1309，市值: 113,091,440元
2025-12-12 10:12:43,303 - INFO - 20250307交易日 - 无交易，持有5只ETF，当日净值: 1.1274，市值: 112,740,240元
2025-12-12 10:12:43,303 - INFO - 20250310交易日 - 检测到ETF组合变化，重新平衡投资组合
2025-12-12 10:12:43,305 - INFO - 20250310交易日 - ETF 560280.SH: 重新投入 17,097,332 元 (权重:0.1536), 净值 1.4231, 份额 12014147
2025-12-12 10:12:43,305 - INFO - 20250310交易日 - ETF 515030.SH: 重新投入 31,037,839 元 (权重:0.2788), 净值 1.3483, 份额 23019980
2025-12-12 10:12:43,306 - INFO - 20250310交易日 - ETF 159755.SZ: 重新投入 32,594,183 元 (权重:0.2928), 净值 0.7234, 份额 45056930
2025-12-12 10:12:43,306 - INFO - 20250310交易日 - ETF 515700.SH: 重新投入 30,583,455 元 (权重:0.2748), 净值 1.7886, 份额 17099103
2025-12-12 10:12:43,306 - INFO - 20250310交易日 - ETF 515230.SH: 重新投入 0 元 (权重:0.0000), 净值 0.9306, 份额 0
2025-12-12 10:12:43,308 - INFO - 20250307策略，20250310交易日 - 继续持有5只ETF，当日净值: 1.1131，市值: 111,312,809元
2025-12-12 10:12:43,309 - INFO - 20250311交易日 - 无交易，持有5只ETF，当日净值: 1.1138，市值: 111,379,140元
2025-12-12 10:12:43,311 - INFO - 20250312交易日 - 无交易，持有5只ETF，当日净值: 1.1055，市值: 110,549,474元
2025-12-12 10:12:43,313 - INFO - 20250313交易日 - 无交易，持有5只ETF，当日净值: 1.0941，市值: 109,407,916元
2025-12-12 10:12:43,314 - INFO - 20250314交易日 - 无交易，持有5只ETF，当日净值: 1.1203，市值: 112,030,461元
2025-12-12 10:12:43,314 - INFO - 20250317交易日 - 检测到ETF组合变化，重新平衡投资组合
2025-12-12 10:12:43,316 - INFO - 20250317交易日 - ETF 512670.SH: 重新投入 22,959,013 元 (权重:0.2060), 净值 1.4908, 份额 15400465
2025-12-12 10:12:43,317 - INFO - 20250317交易日 - ETF 562500.SH: 重新投入 3,940,691 元 (权重:0.0354), 净值 0.9734, 份额 4048378
2025-12-12 10:12:43,317 - INFO - 20250317交易日 - ETF 560280.SH: 重新投入 29,875,963 元 (权重:0.2680), 净值 1.3908, 份额 21481136
2025-12-12 10:12:43,317 - INFO - 20250317交易日 - ETF 159530.SZ: 重新投入 0 元 (权重:0.0000), 净值 1.4300, 份额 0
2025-12-12 10:12:43,318 - INFO - 20250317交易日 - ETF 588860.SH: 重新投入 54,685,732 元 (权重:0.4906), 净值 1.2410, 份额 44065859
2025-12-12 10:12:43,319 - INFO - 20250314策略，20250317交易日 - 继续持有5只ETF，当日净值: 1.1146，市值: 111,461,399元
2025-12-12 10:12:43,321 - INFO - 20250318交易日 - 无交易，持有5只ETF，当日净值: 1.1176，市值: 111,755,693元
2025-12-12 10:12:43,322 - INFO - 20250319交易日 - 无交易，持有5只ETF，当日净值: 1.1213，市值: 112,134,234元
2025-12-12 10:12:43,324 - INFO - 20250320交易日 - 无交易，持有5只ETF，当日净值: 1.1161，市值: 111,614,640元
2025-12-12 10:12:43,327 - INFO - 20250321交易日 - 无交易，持有5只ETF，当日净值: 1.0990，市值: 109,903,834元
2025-12-12 10:12:43,327 - INFO - 20250324交易日 - 检测到ETF组合变化，重新平衡投资组合
2025-12-12 10:12:43,330 - INFO - 20250324交易日 - ETF 588860.SH: 重新投入 6,025,990 元 (权重:0.0552), 净值 1.2092, 份额 4983452
2025-12-12 10:12:43,331 - INFO - 20250324交易日 - ETF 512800.SH: 重新投入 43,241,669 元 (权重:0.3960), 净值 1.5321, 份额 28223790
2025-12-12 10:12:43,331 - INFO - 20250324交易日 - ETF 159887.SZ: 重新投入 41,670,006 元 (权重:0.3816), 净值 1.2488, 份额 33368038
2025-12-12 10:12:43,331 - INFO - 20250324交易日 - ETF 159745.SZ: 重新投入 18,255,523 元 (权重:0.1672), 净值 0.5947, 份额 30697030
2025-12-12 10:12:43,332 - INFO - 20250324交易日 - ETF 159652.SZ: 重新投入 0 元 (权重:0.0000), 净值 0.9595, 份额 0
2025-12-12 10:12:43,333 - INFO - 20250321策略，20250324交易日 - 继续持有5只ETF，当日净值: 1.0919，市值: 109,193,189元
2025-12-12 10:12:43,335 - INFO - 20250325交易日 - 无交易，持有5只ETF，当日净值: 1.0953，市值: 109,529,495元
2025-12-12 10:12:43,337 - INFO - 20250326交易日 - 无交易，持有5只ETF，当日净值: 1.0830，市值: 108,300,843元
2025-12-12 10:12:43,339 - INFO - 20250327交易日 - 无交易，持有5只ETF，当日净值: 1.0890，市值: 108,900,060元
2025-12-12 10:12:43,341 - INFO - 20250328交易日 - 无交易，持有5只ETF，当日净值: 1.0853，市值: 108,531,190元
2025-12-12 10:12:43,342 - INFO - 20250331交易日 - 检测到ETF组合变化，重新平衡投资组合
2025-12-12 10:12:43,344 - INFO - 20250331交易日 - ETF 515100.SH: 重新投入 35,073,251 元 (权重:0.3231), 净值 1.8916, 份额 18541579
2025-12-12 10:12:43,345 - INFO - 20250331交易日 - ETF 159930.SZ: 重新投入 23,887,161 元 (权重:0.2201), 净值 1.2654, 份额 18877162
2025-12-12 10:12:43,345 - INFO - 20250331交易日 - ETF 512890.SH: 重新投入 32,886,808 元 (权重:0.3030), 净值 2.2232, 份额 14792555
2025-12-12 10:12:43,346 - INFO - 20250331交易日 - ETF 159745.SZ: 重新投入 0 元 (权重:0.0000), 净值 0.5856, 份额 0
2025-12-12 10:12:43,346 - INFO - 20250331交易日 - ETF 515210.SH: 重新投入 16,705,245 元 (权重:0.1539), 净值 1.4090, 份额 11856100
2025-12-12 10:12:43,348 - INFO - 20250328策略，20250331交易日 - 继续持有5只ETF，当日净值: 1.0855，市值: 108,552,466元
2025-12-12 10:12:43,350 - INFO - 20250401交易日 - 无交易，持有5只ETF，当日净值: 1.0932，市值: 109,317,430元
2025-12-12 10:12:43,352 - INFO - 20250402交易日 - 无交易，持有5只ETF，当日净值: 1.0940，市值: 109,398,644元
2025-12-12 10:12:43,354 - INFO - 20250403交易日 - 无交易，持有5只ETF，当日净值: 1.0963，市值: 109,631,915元
2025-12-12 10:12:43,355 - INFO - 20250407交易日 - 检测到ETF组合变化，重新平衡投资组合
2025-12-12 10:12:43,357 - INFO - 20250407交易日 - ETF 588250.SH: 重新投入 0 元 (权重:0.0000), 净值 0.9361, 份额 0
2025-12-12 10:12:43,357 - INFO - 20250407交易日 - ETF 510720.SH: 重新投入 31,518,968 元 (权重:0.3062), 净值 0.9474, 份额 33268913
2025-12-12 10:12:43,358 - INFO - 20250407交易日 - ETF 159745.SZ: 重新投入 15,949,886 元 (权重:0.1550), 净值 0.5506, 份额 28968191
2025-12-12 10:12:43,358 - INFO - 20250407交易日 - ETF 512890.SH: 重新投入 26,302,898 元 (权重:0.2556), 净值 2.1304, 份额 12346460
2025-12-12 10:12:43,358 - INFO - 20250407交易日 - ETF 510880.SH: 重新投入 29,150,978 元 (权重:0.2832), 净值 2.8544, 份额 10212646
2025-12-12 10:12:43,360 - INFO - 20250403策略，20250407交易日 - 继续持有5只ETF，当日净值: 1.0292，市值: 102,922,730元
2025-12-12 10:12:43,362 - INFO - 20250408交易日 - 无交易，持有5只ETF，当日净值: 1.0532，市值: 105,318,760元
2025-12-12 10:12:43,364 - INFO - 20250409交易日 - 无交易，持有5只ETF，当日净值: 1.0575，市值: 105,748,857元
2025-12-12 10:12:43,366 - INFO - 20250410交易日 - 无交易，持有5只ETF，当日净值: 1.0633，市值: 106,327,250元
2025-12-12 10:12:43,368 - INFO - 20250411交易日 - 无交易，持有5只ETF，当日净值: 1.0572，市值: 105,719,266元
2025-12-12 10:12:43,368 - INFO - 20250414交易日 - 检测到ETF组合变化，重新平衡投资组合
2025-12-12 10:12:43,371 - INFO - 20250414交易日 - ETF 159692.SZ: 重新投入 32,433,238 元 (权重:0.3045), 净值 1.1275, 份额 28765621
2025-12-12 10:12:43,371 - INFO - 20250414交易日 - ETF 512880.SH: 重新投入 32,685,227 元 (权重:0.3069), 净值 1.0308, 份额 31708602
2025-12-12 10:12:43,371 - INFO - 20250414交易日 - ETF 516970.SH: 重新投入 7,347,561 元 (权重:0.0690), 净值 1.0359, 份额 7092925
2025-12-12 10:12:43,372 - INFO - 20250414交易日 - ETF 563180.SH: 重新投入 0 元 (权重:0.0000), 净值 1.0293, 份额 0
2025-12-12 10:12:43,372 - INFO - 20250414交易日 - ETF 159993.SZ: 重新投入 34,046,375 元 (权重:0.3196), 净值 1.0971, 份额 31033065
2025-12-12 10:12:43,373 - INFO - 20250411策略，20250414交易日 - 继续持有5只ETF，当日净值: 1.0651，市值: 106,512,401元
2025-12-12 10:12:43,375 - INFO - 20250415交易日 - 无交易，持有5只ETF，当日净值: 1.0623，市值: 106,231,402元
2025-12-12 10:12:43,378 - INFO - 20250416交易日 - 无交易，持有5只ETF，当日净值: 1.0619，市值: 106,186,440元
2025-12-12 10:12:43,380 - INFO - 20250417交易日 - 无交易，持有5只ETF，当日净值: 1.0612，市值: 106,122,098元
2025-12-12 10:12:43,382 - INFO - 20250418交易日 - 无交易，持有5只ETF，当日净值: 1.0666，市值: 106,659,679元
2025-12-12 10:12:43,382 - INFO - 20250421交易日 - 检测到ETF组合变化，重新平衡投资组合
2025-12-12 10:12:43,384 - INFO - 20250421交易日 - ETF 159736.SZ: 重新投入 0 元 (权重:0.0000), 净值 0.7286, 份额 0
2025-12-12 10:12:43,385 - INFO - 20250421交易日 - ETF 159993.SZ: 重新投入 32,076,837 元 (权重:0.2993), 净值 1.1041, 份额 29052474
2025-12-12 10:12:43,385 - INFO - 20250421交易日 - ETF 159692.SZ: 重新投入 31,773,182 元 (权重:0.2964), 净值 1.1353, 份额 27986596
2025-12-12 10:12:43,385 - INFO - 20250421交易日 - ETF 159887.SZ: 重新投入 19,339,501 元 (权重:0.1804), 净值 1.2454, 份额 15528746
2025-12-12 10:12:43,386 - INFO - 20250421交易日 - ETF 159930.SZ: 重新投入 23,991,869 元 (权重:0.2238), 净值 1.2363, 份额 19406187
2025-12-12 10:12:43,387 - INFO - 20250418策略，20250421交易日 - 继续持有5只ETF，当日净值: 1.0718，市值: 107,181,389元
2025-12-12 10:12:43,389 - INFO - 20250422交易日 - 无交易，持有5只ETF，当日净值: 1.0722，市值: 107,218,346元
2025-12-12 10:12:43,391 - INFO - 20250423交易日 - 无交易，持有5只ETF，当日净值: 1.0727，市值: 107,265,619元
2025-12-12 10:12:43,393 - INFO - 20250424交易日 - 无交易，持有5只ETF，当日净值: 1.0734，市值: 107,337,024元
2025-12-12 10:12:43,395 - INFO - 20250425交易日 - 无交易，持有5只ETF，当日净值: 1.0762，市值: 107,618,261元
2025-12-12 10:12:43,396 - INFO - 20250428交易日 - 检测到ETF组合变化，重新平衡投资组合
2025-12-12 10:12:43,398 - INFO - 20250428交易日 - ETF 159993.SZ: 重新投入 36,094,869 元 (权重:0.3363), 净值 1.1014, 份额 32771808
2025-12-12 10:12:43,398 - INFO - 20250428交易日 - ETF 512880.SH: 重新投入 30,203,289 元 (权重:0.2814), 净值 1.0325, 份额 29252580
2025-12-12 10:12:43,399 - INFO - 20250428交易日 - ETF 512070.SH: 重新投入 0 元 (权重:0.0000), 净值 2.2092, 份额 0
2025-12-12 10:12:43,399 - INFO - 20250428交易日 - ETF 515630.SH: 重新投入 12,617,352 元 (权重:0.1176), 净值 1.1880, 份额 10620666
2025-12-12 10:12:43,399 - INFO - 20250428交易日 - ETF 159692.SZ: 重新投入 28,403,420 元 (权重:0.2647), 净值 1.1340, 份额 25047108
2025-12-12 10:12:43,401 - INFO - 20250425策略，20250428交易日 - 继续持有5只ETF，当日净值: 1.0732，市值: 107,318,930元
2025-12-12 10:12:43,403 - INFO - 20250429交易日 - 无交易，持有5只ETF，当日净值: 1.0695，市值: 106,947,095元
2025-12-12 10:12:43,405 - INFO - 20250430交易日 - 无交易，持有5只ETF，当日净值: 1.0725，市值: 107,253,138元
2025-12-12 10:12:43,405 - INFO - 20250506交易日 - 检测到ETF组合变化，重新平衡投资组合
2025-12-12 10:12:43,408 - INFO - 20250506交易日 - ETF 159887.SZ: 重新投入 0 元 (权重:0.0000), 净值 1.2362, 份额 0
2025-12-12 10:12:43,408 - INFO - 20250506交易日 - ETF 512800.SH: 重新投入 592,767 元 (权重:0.0055), 净值 1.5183, 份额 390415
2025-12-12 10:12:43,408 - INFO - 20250506交易日 - ETF 512070.SH: 重新投入 32,240,184 元 (权重:0.2968), 净值 2.2215, 份额 14512799
2025-12-12 10:12:43,409 - INFO - 20250506交易日 - ETF 159993.SZ: 重新投入 38,543,520 元 (权重:0.3548), 净值 1.1135, 份额 34614746
2025-12-12 10:12:43,409 - INFO - 20250506交易日 - ETF 159692.SZ: 重新投入 37,243,451 元 (权重:0.3429), 净值 1.1478, 份额 32447683
2025-12-12 10:12:43,410 - INFO - 20250430策略，20250506交易日 - 继续持有5只ETF，当日净值: 1.0862，市值: 108,619,921元
2025-12-12 10:12:43,412 - INFO - 20250507交易日 - 无交易，持有5只ETF，当日净值: 1.0944，市值: 109,444,709元
2025-12-12 10:12:43,415 - INFO - 20250508交易日 - 无交易，持有5只ETF，当日净值: 1.0992，市值: 109,920,799元
2025-12-12 10:12:43,417 - INFO - 20250509交易日 - 无交易，持有5只ETF，当日净值: 1.0889，市值: 108,892,924元
2025-12-12 10:12:43,417 - INFO - 20250512交易日 - 检测到ETF组合变化，重新平衡投资组合
2025-12-12 10:12:43,419 - INFO - 20250512交易日 - ETF 159869.SZ: 重新投入 20,743,972 元 (权重:0.1863), 净值 1.1078, 份额 18725376
2025-12-12 10:12:43,420 - INFO - 20250512交易日 - ETF 510230.SH: 重新投入 39,283,992 元 (权重:0.3528), 净值 2.2055, 份额 17811831
2025-12-12 10:12:43,420 - INFO - 20250512交易日 - ETF 159207.SZ: 重新投入 46,363,325 元 (权重:0.4164), 净值 1.0234, 份额 45303230
2025-12-12 10:12:43,420 - INFO - 20250512交易日 - ETF 512800.SH: 重新投入 4,964,157 元 (权重:0.0446), 净值 1.5815, 份额 3138892
2025-12-12 10:12:43,421 - INFO - 20250512交易日 - ETF 159887.SZ: 重新投入 0 元 (权重:0.0000), 净值 1.2880, 份额 0
2025-12-12 10:12:43,422 - INFO - 20250509策略，20250512交易日 - 继续持有5只ETF，当日净值: 1.1136，市值: 111,355,447元
2025-12-12 10:12:43,424 - INFO - 20250513交易日 - 无交易，持有5只ETF，当日净值: 1.1183，市值: 111,833,031元
2025-12-12 10:12:43,426 - INFO - 20250514交易日 - 无交易，持有5只ETF，当日净值: 1.1281，市值: 112,812,901元
2025-12-12 10:12:43,429 - INFO - 20250515交易日 - 无交易，持有5只ETF，当日净值: 1.1187，市值: 111,874,755元
2025-12-12 10:12:43,431 - INFO - 20250516交易日 - 无交易，持有5只ETF，当日净值: 1.1134，市值: 111,340,795元
2025-12-12 10:12:43,431 - INFO - 20250519交易日 - 检测到ETF组合变化，重新平衡投资组合
2025-12-12 10:12:43,434 - INFO - 20250519交易日 - ETF 512800.SH: 重新投入 2,241,153 元 (权重:0.0201), 净值 1.5961, 份额 1404143
2025-12-12 10:12:43,434 - INFO - 20250519交易日 - ETF 159887.SZ: 重新投入 0 元 (权重:0.0000), 净值 1.2994, 份额 0
2025-12-12 10:12:43,434 - INFO - 20250519交易日 - ETF 512530.SH: 重新投入 25,744,163 元 (权重:0.2309), 净值 1.4981, 份额 17184543
2025-12-12 10:12:43,434 - INFO - 20250519交易日 - ETF 159207.SZ: 重新投入 42,411,549 元 (权重:0.3804), 净值 1.0332, 份额 41048732
2025-12-12 10:12:43,435 - INFO - 20250519交易日 - ETF 510230.SH: 重新投入 41,093,921 元 (权重:0.3686), 净值 2.2184, 份额 18524126
2025-12-12 10:12:43,436 - INFO - 20250516策略，20250519交易日 - 继续持有5只ETF，当日净值: 1.1149，市值: 111,490,787元
2025-12-12 10:12:43,439 - INFO - 20250520交易日 - 无交易，持有5只ETF，当日净值: 1.1183，市值: 111,833,569元
2025-12-12 10:12:43,441 - INFO - 20250521交易日 - 无交易，持有5只ETF，当日净值: 1.1263，市值: 112,626,375元
2025-12-12 10:12:43,441 - INFO - 20250522交易日 - 检测到ETF组合变化，重新平衡投资组合
2025-12-12 10:12:43,443 - INFO - 20250522交易日 - ETF 512800.SH: 重新投入 29,564,444 元 (权重:0.2622), 净值 1.6260, 份额 18182315
2025-12-12 10:12:43,444 - INFO - 20250522交易日 - ETF 159790.SZ: 重新投入 12,702,759 元 (权重:0.1127), 净值 0.5594, 份额 22707828
2025-12-12 10:12:43,444 - INFO - 20250522交易日 - ETF 159887.SZ: 重新投入 28,292,097 元 (权重:0.2509), 净值 1.3227, 份额 21389655
2025-12-12 10:12:43,444 - INFO - 20250522交易日 - ETF 159207.SZ: 重新投入 42,199,898 元 (权重:0.3742), 净值 1.0448, 份额 40390408
2025-12-12 10:12:43,445 - INFO - 20250522交易日 - ETF 159758.SZ: 重新投入 0 元 (权重:0.0000), 净值 0.9204, 份额 0
2025-12-12 10:12:43,446 - INFO - 20250521策略，20250522交易日 - 继续持有5只ETF，当日净值: 1.1276，市值: 112,759,197元
2025-12-12 10:12:43,448 - INFO - 20250523交易日 - 无交易，持有5只ETF，当日净值: 1.1182，市值: 111,822,695元
2025-12-12 10:12:43,451 - INFO - 20250526交易日 - 无交易，持有5只ETF，当日净值: 1.1124，市值: 111,237,961元
2025-12-12 10:12:43,453 - INFO - 20250527交易日 - 无交易，持有5只ETF，当日净值: 1.1140，市值: 111,400,407元
2025-12-12 10:12:43,455 - INFO - 20250528交易日 - 无交易，持有5只ETF，当日净值: 1.1169，市值: 111,691,112元
2025-12-12 10:12:43,457 - INFO - 20250529交易日 - 无交易，持有5只ETF，当日净值: 1.1164，市值: 111,639,740元
2025-12-12 10:12:43,459 - INFO - 20250530交易日 - 无交易，持有5只ETF，当日净值: 1.1174，市值: 111,739,247元
2025-12-12 10:12:43,460 - INFO - 20250603交易日 - 检测到ETF组合变化，重新平衡投资组合
2025-12-12 10:12:43,462 - INFO - 20250603交易日 - ETF 512800.SH: 重新投入 20,826,462 元 (权重:0.1843), 净值 1.6427, 份额 12678190
2025-12-12 10:12:43,462 - INFO - 20250603交易日 - ETF 512890.SH: 重新投入 31,510,766 元 (权重:0.2788), 净值 2.3368, 份额 13484580
2025-12-12 10:12:43,463 - INFO - 20250603交易日 - ETF 159887.SZ: 重新投入 19,583,208 元 (权重:0.1733), 净值 1.3336, 份额 14684469
2025-12-12 10:12:43,463 - INFO - 20250603交易日 - ETF 159996.SZ: 重新投入 0 元 (权重:0.0000), 净值 1.3176, 份额 0
2025-12-12 10:12:43,463 - INFO - 20250603交易日 - ETF 159207.SZ: 重新投入 41,094,572 元 (权重:0.3636), 净值 1.0492, 份额 39167530
2025-12-12 10:12:43,465 - INFO - 20250530策略，20250603交易日 - 继续持有5只ETF，当日净值: 1.1302，市值: 113,015,009元
2025-12-12 10:12:43,465 - INFO - 20250604交易日 - 检测到ETF组合变化，重新平衡投资组合
2025-12-12 10:12:43,468 - INFO - 20250604交易日 - ETF 512800.SH: 重新投入 1,556,518 元 (权重:0.0137), 净值 1.6436, 份额 947018
2025-12-12 10:12:43,468 - INFO - 20250604交易日 - ETF 515100.SH: 重新投入 44,085,690 元 (权重:0.3887), 净值 1.9264, 份额 22885013
2025-12-12 10:12:43,469 - INFO - 20250604交易日 - ETF 159207.SZ: 重新投入 44,030,435 元 (权重:0.3883), 净值 1.0555, 份额 41715240
2025-12-12 10:12:43,469 - INFO - 20250604交易日 - ETF 159887.SZ: 重新投入 0 元 (权重:0.0000), 净值 1.3328, 份额 0
2025-12-12 10:12:43,469 - INFO - 20250604交易日 - ETF 512890.SH: 重新投入 23,731,720 元 (权重:0.2093), 净值 2.3474, 份额 10109790
2025-12-12 10:12:43,471 - INFO - 20250603策略，20250604交易日 - 继续持有5只ETF，当日净值: 1.1340，市值: 113,404,364元
2025-12-12 10:12:43,473 - INFO - 20250605交易日 - 无交易，持有5只ETF，当日净值: 1.1270，市值: 112,699,428元
2025-12-12 10:12:43,475 - INFO - 20250606交易日 - 无交易，持有5只ETF，当日净值: 1.1283，市值: 112,825,484元
2025-12-12 10:12:43,477 - INFO - 20250609交易日 - 无交易，持有5只ETF，当日净值: 1.1316，市值: 113,157,230元
2025-12-12 10:12:43,479 - INFO - 20250610交易日 - 无交易，持有5只ETF，当日净值: 1.1321，市值: 113,212,121元
2025-12-12 10:12:43,481 - INFO - 20250611交易日 - 无交易，持有5只ETF，当日净值: 1.1350，市值: 113,499,383元
2025-12-12 10:12:43,483 - INFO - 20250612交易日 - 无交易，持有5只ETF，当日净值: 1.1357，市值: 113,573,140元
2025-12-12 10:12:43,486 - INFO - 20250613交易日 - 无交易，持有5只ETF，当日净值: 1.1270，市值: 112,702,552元
2025-12-12 10:12:43,486 - INFO - 20250616交易日 - 检测到ETF组合变化，重新平衡投资组合
2025-12-12 10:12:43,488 - INFO - 20250616交易日 - ETF 512800.SH: 重新投入 1,818,974 元 (权重:0.0161), 净值 1.6698, 份额 1089337
2025-12-12 10:12:43,489 - INFO - 20250616交易日 - ETF 510230.SH: 重新投入 24,265,672 元 (权重:0.2151), 净值 2.2908, 份额 10592663
2025-12-12 10:12:43,489 - INFO - 20250616交易日 - ETF 560860.SH: 重新投入 13,478,766 元 (权重:0.1195), 净值 0.8676, 份额 15535691
2025-12-12 10:12:43,489 - INFO - 20250616交易日 - ETF 159887.SZ: 重新投入 0 元 (权重:0.0000), 净值 1.3568, 份额 0
2025-12-12 10:12:43,490 - INFO - 20250616交易日 - ETF 515630.SH: 重新投入 73,245,113 元 (权重:0.6493), 净值 1.2679, 份额 57768841
2025-12-12 10:12:43,491 - INFO - 20250613策略，20250616交易日 - 继续持有5只ETF，当日净值: 1.1281，市值: 112,808,525元
2025-12-12 10:12:43,493 - INFO - 20250617交易日 - 无交易，持有5只ETF，当日净值: 1.1293，市值: 112,925,433元
2025-12-12 10:12:43,496 - INFO - 20250618交易日 - 无交易，持有5只ETF，当日净值: 1.1207，市值: 112,072,203元
2025-12-12 10:12:43,498 - INFO - 20250619交易日 - 无交易，持有5只ETF，当日净值: 1.1050，市值: 110,502,822元
2025-12-12 10:12:43,500 - INFO - 20250620交易日 - 无交易，持有5只ETF，当日净值: 1.1105，市值: 111,054,906元
2025-12-12 10:12:43,500 - INFO - 20250623交易日 - 检测到ETF组合变化，重新平衡投资组合
2025-12-12 10:12:43,503 - INFO - 20250623交易日 - ETF 515630.SH: 重新投入 41,285,843 元 (权重:0.3682), 净值 1.2526, 份额 32960118
2025-12-12 10:12:43,503 - INFO - 20250623交易日 - ETF 512800.SH: 重新投入 955,873 元 (权重:0.0085), 净值 1.7200, 份额 555740
2025-12-12 10:12:43,503 - INFO - 20250623交易日 - ETF 159887.SZ: 重新投入 0 元 (权重:0.0000), 净值 1.3983, 份额 0
2025-12-12 10:12:43,504 - INFO - 20250623交易日 - ETF 560860.SH: 重新投入 20,548,120 元 (权重:0.1833), 净值 0.8513, 份额 24137343
2025-12-12 10:12:43,504 - INFO - 20250623交易日 - ETF 512880.SH: 重新投入 49,336,681 元 (权重:0.4400), 净值 1.0715, 份额 46044500
2025-12-12 10:12:43,506 - INFO - 20250620策略，20250623交易日 - 继续持有5只ETF，当日净值: 1.1213，市值: 112,126,517元
2025-12-12 10:12:43,508 - INFO - 20250624交易日 - 无交易，持有5只ETF，当日净值: 1.1465，市值: 114,650,240元
2025-12-12 10:12:43,510 - INFO - 20250625交易日 - 无交易，持有5只ETF，当日净值: 1.1946，市值: 119,462,057元
2025-12-12 10:12:43,512 - INFO - 20250626交易日 - 无交易，持有5只ETF，当日净值: 1.1801，市值: 118,012,963元
2025-12-12 10:12:43,514 - INFO - 20250627交易日 - 无交易，持有5只ETF，当日净值: 1.1830，市值: 118,295,545元
2025-12-12 10:12:43,515 - INFO - 20250630交易日 - 检测到ETF组合变化，重新平衡投资组合
2025-12-12 10:12:43,517 - INFO - 20250630交易日 - ETF 159869.SZ: 重新投入 41,584,366 元 (权重:0.3522), 净值 1.2788, 份额 32518272
2025-12-12 10:12:43,518 - INFO - 20250630交易日 - ETF 159887.SZ: 重新投入 16,861,640 元 (权重:0.1428), 净值 1.3893, 份额 12136788
2025-12-12 10:12:43,518 - INFO - 20250630交易日 - ETF 159652.SZ: 重新投入 35,806,933 元 (权重:0.3033), 净值 0.9822, 份额 36455847
2025-12-12 10:12:43,519 - INFO - 20250630交易日 - ETF 159852.SZ: 重新投入 23,803,654 元 (权重:0.2016), 净值 0.8104, 份额 29372722
2025-12-12 10:12:43,519 - INFO - 20250630交易日 - ETF 159363.SZ: 重新投入 0 元 (权重:0.0000), 净值 1.0704, 份额 0
2025-12-12 10:12:43,521 - INFO - 20250627策略，20250630交易日 - 继续持有5只ETF，当日净值: 1.1806，市值: 118,056,593元
2025-12-12 10:12:43,523 - INFO - 20250701交易日 - 无交易，持有5只ETF，当日净值: 1.1868，市值: 118,677,719元
2025-12-12 10:12:43,525 - INFO - 20250702交易日 - 无交易，持有5只ETF，当日净值: 1.1823，市值: 118,232,455元
2025-12-12 10:12:43,527 - INFO - 20250703交易日 - 无交易，持有5只ETF，当日净值: 1.1840，市值: 118,402,155元
2025-12-12 10:12:43,529 - INFO - 20250704交易日 - 无交易，持有5只ETF，当日净值: 1.1916，市值: 119,160,819元
2025-12-12 10:12:43,530 - INFO - 20250707交易日 - 检测到ETF组合变化，重新平衡投资组合
2025-12-12 10:12:43,532 - INFO - 20250707交易日 - ETF 159887.SZ: 重新投入 32,780,000 元 (权重:0.2773), 净值 1.4525, 份额 22567986
2025-12-12 10:12:43,533 - INFO - 20250707交易日 - ETF 515880.SH: 重新投入 0 元 (权重:0.0000), 净值 1.4203, 份额 0
2025-12-12 10:12:43,533 - INFO - 20250707交易日 - ETF 159652.SZ: 重新投入 22,574,188 元 (权重:0.1909), 净值 0.9867, 份额 22878472
2025-12-12 10:12:43,533 - INFO - 20250707交易日 - ETF 560860.SH: 重新投入 29,516,500 元 (权重:0.2497), 净值 0.8957, 份额 32953556
2025-12-12 10:12:43,534 - INFO - 20250707交易日 - ETF 512800.SH: 重新投入 33,355,304 元 (权重:0.2821), 净值 1.7850, 份额 18686445
2025-12-12 10:12:43,535 - INFO - 20250704策略，20250707交易日 - 继续持有5只ETF，当日净值: 1.1823，市值: 118,225,992元
2025-12-12 10:12:43,537 - INFO - 20250708交易日 - 无交易，持有5只ETF，当日净值: 1.1857，市值: 118,566,842元
2025-12-12 10:12:43,539 - INFO - 20250709交易日 - 无交易，持有5只ETF，当日净值: 1.1772，市值: 117,721,134元
2025-12-12 10:12:43,542 - INFO - 20250710交易日 - 无交易，持有5只ETF，当日净值: 1.1938，市值: 119,384,078元
2025-12-12 10:12:43,544 - INFO - 20250711交易日 - 无交易，持有5只ETF，当日净值: 1.1943，市值: 119,428,115元
2025-12-12 10:12:43,544 - INFO - 20250714交易日 - 检测到ETF组合变化，重新平衡投资组合
2025-12-12 10:12:43,547 - INFO - 20250714交易日 - ETF 515100.SH: 重新投入 55,245,013 元 (权重:0.4605), 净值 1.9822, 份额 27870554
2025-12-12 10:12:43,547 - INFO - 20250714交易日 - ETF 561580.SH: 重新投入 62,803,872 元 (权重:0.5235), 净值 1.2797, 份额 49077027
2025-12-12 10:12:43,547 - INFO - 20250714交易日 - ETF 512800.SH: 重新投入 0 元 (权重:0.0000), 净值 1.7868, 份额 0
2025-12-12 10:12:43,548 - INFO - 20250714交易日 - ETF 515880.SH: 重新投入 1,724,408 元 (权重:0.0144), 净值 1.4822, 份额 1163411
2025-12-12 10:12:43,548 - INFO - 20250714交易日 - ETF 159887.SZ: 重新投入 201,181 元 (权重:0.0017), 净值 1.4533, 份额 138431
2025-12-12 10:12:43,550 - INFO - 20250711策略，20250714交易日 - 继续持有5只ETF，当日净值: 1.1997，市值: 119,974,473元
2025-12-12 10:12:43,552 - INFO - 20250715交易日 - 无交易，持有5只ETF，当日净值: 1.1929，市值: 119,288,928元
2025-12-12 10:12:43,554 - INFO - 20250716交易日 - 无交易，持有5只ETF，当日净值: 1.1911，市值: 119,114,264元
2025-12-12 10:12:43,556 - INFO - 20250717交易日 - 无交易，持有5只ETF，当日净值: 1.1920，市值: 119,202,608元
2025-12-12 10:12:43,557 - INFO - 20250718交易日 - 检测到ETF组合变化，重新平衡投资组合
2025-12-12 10:12:43,559 - INFO - 20250718交易日 - ETF 515100.SH: 重新投入 52,862,574 元 (权重:0.4414), 净值 1.9738, 份额 26782133
2025-12-12 10:12:43,559 - INFO - 20250718交易日 - ETF 512800.SH: 重新投入 0 元 (权重:0.0000), 净值 1.7672, 份额 0
2025-12-12 10:12:43,560 - INFO - 20250718交易日 - ETF 159887.SZ: 重新投入 626,993 元 (权重:0.0052), 净值 1.4375, 份额 436169
2025-12-12 10:12:43,560 - INFO - 20250718交易日 - ETF 561580.SH: 重新投入 44,271,031 元 (权重:0.3697), 净值 1.2765, 份额 34681575
2025-12-12 10:12:43,560 - INFO - 20250718交易日 - ETF 512890.SH: 重新投入 21,987,595 元 (权重:0.1836), 净值 2.4268, 份额 9060324
2025-12-12 10:12:43,562 - INFO - 20250717策略，20250718交易日 - 继续持有5只ETF，当日净值: 1.1975，市值: 119,748,193元
2025-12-12 10:12:43,564 - INFO - 20250721交易日 - 无交易，持有5只ETF，当日净值: 1.2075，市值: 120,750,069元
2025-12-12 10:12:43,566 - INFO - 20250722交易日 - 无交易，持有5只ETF，当日净值: 1.2201，市值: 122,009,542元
2025-12-12 10:12:43,569 - INFO - 20250723交易日 - 无交易，持有5只ETF，当日净值: 1.2163，市值: 121,627,893元
2025-12-12 10:12:43,571 - INFO - 20250724交易日 - 无交易，持有5只ETF，当日净值: 1.2164，市值: 121,636,274元
2025-12-12 10:12:43,573 - INFO - 20250725交易日 - 无交易，持有5只ETF，当日净值: 1.2086，市值: 120,859,590元
2025-12-12 10:12:43,573 - INFO - 20250728交易日 - 检测到ETF组合变化，重新平衡投资组合
2025-12-12 10:12:43,576 - INFO - 20250728交易日 - ETF 159263.SZ: 重新投入 41,169,154 元 (权重:0.3424), 净值 1.0199, 份额 40365873
2025-12-12 10:12:43,576 - INFO - 20250728交易日 - ETF 560860.SH: 重新投入 18,495,932 元 (权重:0.1538), 净值 1.0401, 份额 17782840
2025-12-12 10:12:43,577 - INFO - 20250728交易日 - ETF 563390.SH: 重新投入 32,626,022 元 (权重:0.2714), 净值 1.1035, 份额 29565946
2025-12-12 10:12:43,577 - INFO - 20250728交易日 - ETF 588700.SH: 重新投入 0 元 (权重:0.0000), 净值 1.1759, 份额 0
2025-12-12 10:12:43,577 - INFO - 20250728交易日 - ETF 515210.SH: 重新投入 27,942,620 元 (权重:0.2324), 净值 1.5674, 份额 17827370
2025-12-12 10:12:43,579 - INFO - 20250725策略，20250728交易日 - 继续持有5只ETF，当日净值: 1.2023，市值: 120,233,727元
2025-12-12 10:12:43,581 - INFO - 20250729交易日 - 无交易，持有5只ETF，当日净值: 1.2068，市值: 120,680,494元
2025-12-12 10:12:43,583 - INFO - 20250730交易日 - 无交易，持有5只ETF，当日净值: 1.2141，市值: 121,414,581元
2025-12-12 10:12:43,586 - INFO - 20250731交易日 - 无交易，持有5只ETF，当日净值: 1.1815，市值: 118,148,131元
2025-12-12 10:12:43,588 - INFO - 20250801交易日 - 无交易，持有5只ETF，当日净值: 1.1775，市值: 117,751,180元
2025-12-12 10:12:43,588 - INFO - 20250804交易日 - 检测到ETF组合变化，重新平衡投资组合
2025-12-12 10:12:43,591 - INFO - 20250804交易日 - ETF 588170.SH: 重新投入 27,705,285 元 (权重:0.2342), 净值 1.0633, 份额 26055944
2025-12-12 10:12:43,591 - INFO - 20250804交易日 - ETF 159516.SZ: 重新投入 13,969,776 元 (权重:0.1181), 净值 1.0826, 份额 12903912
2025-12-12 10:12:43,591 - INFO - 20250804交易日 - ETF 588910.SH: 重新投入 51,086,905 元 (权重:0.4319), 净值 1.0934, 份额 46722979
2025-12-12 10:12:43,592 - INFO - 20250804交易日 - ETF 588010.SH: 重新投入 25,519,319 元 (权重:0.2158), 净值 0.6674, 份额 38236919
2025-12-12 10:12:43,592 - INFO - 20250804交易日 - ETF 561980.SH: 重新投入 0 元 (权重:0.0000), 净值 1.3556, 份额 0
2025-12-12 10:12:43,594 - INFO - 20250801策略，20250804交易日 - 继续持有5只ETF，当日净值: 1.1828，市值: 118,281,285元
2025-12-12 10:12:43,596 - INFO - 20250805交易日 - 无交易，持有5只ETF，当日净值: 1.1886，市值: 118,859,422元
2025-12-12 10:12:43,598 - INFO - 20250806交易日 - 无交易，持有5只ETF，当日净值: 1.2007，市值: 120,071,915元
2025-12-12 10:12:43,601 - INFO - 20250807交易日 - 无交易，持有5只ETF，当日净值: 1.1961，市值: 119,606,012元
2025-12-12 10:12:43,603 - INFO - 20250808交易日 - 无交易，持有5只ETF，当日净值: 1.1874，市值: 118,741,995元
2025-12-12 10:12:43,603 - INFO - 20250811交易日 - 检测到ETF组合变化，重新平衡投资组合
2025-12-12 10:12:43,606 - INFO - 20250811交易日 - ETF 588230.SH: 重新投入 15,254,563 元 (权重:0.1266), 净值 1.3412, 份额 11373816
2025-12-12 10:12:43,606 - INFO - 20250811交易日 - ETF 588170.SH: 重新投入 15,447,025 元 (权重:0.1282), 净值 1.0590, 份额 14586426
2025-12-12 10:12:43,606 - INFO - 20250811交易日 - ETF 588010.SH: 重新投入 24,250,753 元 (权重:0.2013), 净值 0.6845, 份额 35428420
2025-12-12 10:12:43,607 - INFO - 20250811交易日 - ETF 561580.SH: 重新投入 65,503,833 元 (权重:0.5438), 净值 1.2885, 份额 50837278
2025-12-12 10:12:43,607 - INFO - 20250811交易日 - ETF 515880.SH: 重新投入 0 元 (权重:0.0000), 净值 1.7997, 份额 0
2025-12-12 10:12:43,609 - INFO - 20250808策略，20250811交易日 - 继续持有5只ETF，当日净值: 1.2046，市值: 120,456,174元
2025-12-12 10:12:43,611 - INFO - 20250812交易日 - 无交易，持有5只ETF，当日净值: 1.2089，市值: 120,888,314元
2025-12-12 10:12:43,613 - INFO - 20250813交易日 - 无交易，持有5只ETF，当日净值: 1.2217，市值: 122,171,856元
2025-12-12 10:12:43,615 - INFO - 20250814交易日 - 无交易，持有5只ETF，当日净值: 1.2075，市值: 120,751,063元
2025-12-12 10:12:43,616 - INFO - 20250815交易日 - 检测到ETF组合变化，重新平衡投资组合
2025-12-12 10:12:43,618 - INFO - 20250815交易日 - ETF 159768.SZ: 重新投入 40,671,168 元 (权重:0.3316), 净值 0.5940, 份额 68469979
2025-12-12 10:12:43,619 - INFO - 20250815交易日 - ETF 515880.SH: 重新投入 0 元 (权重:0.0000), 净值 1.9499, 份额 0
2025-12-12 10:12:43,619 - INFO - 20250815交易日 - ETF 159707.SZ: 重新投入 40,671,168 元 (权重:0.3316), 净值 0.6605, 份额 61576333
2025-12-12 10:12:43,619 - INFO - 20250815交易日 - ETF 515210.SH: 重新投入 41,113,296 元 (权重:0.3352), 净值 1.5616, 份额 26327674
2025-12-12 10:12:43,619 - INFO - 20250815交易日 - ETF 159583.SZ: 重新投入 184,105 元 (权重:0.0015), 净值 1.6092, 份额 114408
2025-12-12 10:12:43,621 - INFO - 20250814策略，20250815交易日 - 继续持有5只ETF，当日净值: 1.2264，市值: 122,639,737元
2025-12-12 10:12:43,623 - INFO - 20250818交易日 - 无交易，持有5只ETF，当日净值: 1.2221，市值: 122,208,239元
2025-12-12 10:12:43,626 - INFO - 20250819交易日 - 无交易，持有5只ETF，当日净值: 1.2276，市值: 122,762,861元
2025-12-12 10:12:43,628 - INFO - 20250820交易日 - 无交易，持有5只ETF，当日净值: 1.2251，市值: 122,513,763元
2025-12-12 10:12:43,630 - INFO - 20250821交易日 - 无交易，持有5只ETF，当日净值: 1.2205，市值: 122,051,872元
2025-12-12 10:12:43,632 - INFO - 20250822交易日 - 无交易，持有5只ETF，当日净值: 1.2245，市值: 122,452,508元
2025-12-12 10:12:43,633 - INFO - 20250825交易日 - 检测到ETF组合变化，重新平衡投资组合
2025-12-12 10:12:43,635 - INFO - 20250825交易日 - ETF 159583.SZ: 重新投入 17,794,320 元 (权重:0.1406), 净值 1.9279, 份额 9229898
2025-12-12 10:12:43,636 - INFO - 20250825交易日 - ETF 515880.SH: 重新投入 5,799,759 元 (权重:0.0458), 净值 2.3082, 份额 2512676
2025-12-12 10:12:43,636 - INFO - 20250825交易日 - ETF 159566.SZ: 重新投入 84,576,992 元 (权重:0.6682), 净值 1.6668, 份额 50742136
2025-12-12 10:12:43,636 - INFO - 20250825交易日 - ETF 515050.SH: 重新投入 18,394,396 元 (权重:0.1453), 净值 1.7557, 份额 10476959
2025-12-12 10:12:43,637 - INFO - 20250825交易日 - ETF 515980.SH: 重新投入 0 元 (权重:0.0000), 净值 1.5557, 份额 0
2025-12-12 10:12:43,638 - INFO - 20250822策略，20250825交易日 - 继续持有5只ETF，当日净值: 1.2657，市值: 126,565,467元
2025-12-12 10:12:43,641 - INFO - 20250826交易日 - 无交易，持有5只ETF，当日净值: 1.2573，市值: 125,730,375元
2025-12-12 10:12:43,643 - INFO - 20250827交易日 - 无交易，持有5只ETF，当日净值: 1.2601，市值: 126,007,811元
2025-12-12 10:12:43,645 - INFO - 20250828交易日 - 无交易，持有5只ETF，当日净值: 1.3145，市值: 131,454,533元
2025-12-12 10:12:43,647 - INFO - 20250829交易日 - 无交易，持有5只ETF，当日净值: 1.3412，市值: 134,123,580元
2025-12-12 10:12:43,648 - INFO - 20250901交易日 - 检测到ETF组合变化，重新平衡投资组合
2025-12-12 10:12:43,651 - INFO - 20250901交易日 - ETF 515980.SH: 重新投入 0 元 (权重:0.0000), 净值 1.7439, 份额 0
2025-12-12 10:12:43,651 - INFO - 20250901交易日 - ETF 515880.SH: 重新投入 5,422,694 元 (权重:0.0396), 净值 2.7056, 份额 2004248
2025-12-12 10:12:43,651 - INFO - 20250901交易日 - ETF 159870.SZ: 重新投入 85,788,530 元 (权重:0.6257), 净值 0.6933, 份额 123739406
2025-12-12 10:12:43,651 - INFO - 20250901交易日 - ETF 561100.SH: 重新投入 26,235,243 元 (权重:0.1914), 净值 1.2491, 份额 21003317
2025-12-12 10:12:43,652 - INFO - 20250901交易日 - ETF 515050.SH: 重新投入 19,656,514 元 (权重:0.1434), 净值 2.0226, 份额 9718439
2025-12-12 10:12:43,653 - INFO - 20250829策略，20250901交易日 - 继续持有5只ETF，当日净值: 1.3710，市值: 137,102,981元
2025-12-12 10:12:43,656 - INFO - 20250902交易日 - 无交易，持有5只ETF，当日净值: 1.3296，市值: 132,958,446元
2025-12-12 10:12:43,658 - INFO - 20250903交易日 - 无交易，持有5只ETF，当日净值: 1.3230，市值: 132,298,984元
2025-12-12 10:12:43,660 - INFO - 20250904交易日 - 无交易，持有5只ETF，当日净值: 1.2816，市值: 128,163,893元
2025-12-12 10:12:43,663 - INFO - 20250905交易日 - 无交易，持有5只ETF，当日净值: 1.3307，市值: 133,070,376元
2025-12-12 10:12:43,663 - INFO - 20250908交易日 - 检测到ETF组合变化，重新平衡投资组合
2025-12-12 10:12:43,666 - INFO - 20250908交易日 - ETF 159583.SZ: 重新投入 31,260,683 元 (权重:0.2308), 净值 1.9743, 份额 15833806
2025-12-12 10:12:43,666 - INFO - 20250908交易日 - ETF 159363.SZ: 重新投入 41,787,857 元 (权重:0.3085), 净值 1.6130, 份额 25906917
2025-12-12 10:12:43,666 - INFO - 20250908交易日 - ETF 515880.SH: 重新投入 0 元 (权重:0.0000), 净值 2.3927, 份额 0
2025-12-12 10:12:43,667 - INFO - 20250908交易日 - ETF 515050.SH: 重新投入 50,736,332 元 (权重:0.3746), 净值 1.8352, 份额 27646214
2025-12-12 10:12:43,667 - INFO - 20250908交易日 - ETF 515980.SH: 重新投入 11,664,531 元 (权重:0.0861), 净值 1.5647, 份额 7454804
2025-12-12 10:12:43,669 - INFO - 20250905策略，20250908交易日 - 继续持有5只ETF，当日净值: 1.3545，市值: 135,449,404元
2025-12-12 10:12:43,671 - INFO - 20250909交易日 - 无交易，持有5只ETF，当日净值: 1.3261，市值: 132,609,537元
2025-12-12 10:12:43,673 - INFO - 20250910交易日 - 无交易，持有5只ETF，当日净值: 1.3767，市值: 137,666,369元
2025-12-12 10:12:43,676 - INFO - 20250911交易日 - 无交易，持有5只ETF，当日净值: 1.4995，市值: 149,947,564元
2025-12-12 10:12:43,678 - INFO - 20250912交易日 - 无交易，持有5只ETF，当日净值: 1.4758，市值: 147,577,472元
2025-12-12 10:12:43,678 - INFO - 20250915交易日 - 检测到ETF组合变化，重新平衡投资组合
2025-12-12 10:12:43,681 - INFO - 20250915交易日 - ETF 515980.SH: 重新投入 344,713 元 (权重:0.0024), 净值 1.6874, 份额 204286
2025-12-12 10:12:43,681 - INFO - 20250915交易日 - ETF 159870.SZ: 重新投入 70,662,488 元 (权重:0.4847), 净值 0.7046, 份额 100287380
2025-12-12 10:12:43,682 - INFO - 20250915交易日 - ETF 516110.SH: 重新投入 57,689,507 元 (权重:0.3957), 净值 1.4731, 份额 39161976
2025-12-12 10:12:43,682 - INFO - 20250915交易日 - ETF 159819.SZ: 重新投入 17,089,692 元 (权重:0.1172), 净值 1.4567, 份额 11731786
2025-12-12 10:12:43,682 - INFO - 20250915交易日 - ETF 515880.SH: 重新投入 0 元 (权重:0.0000), 净值 2.5771, 份额 0
2025-12-12 10:12:43,684 - INFO - 20250912策略，20250915交易日 - 继续持有5只ETF，当日净值: 1.4579，市值: 145,786,401元
2025-12-12 10:12:43,686 - INFO - 20250916交易日 - 无交易，持有5只ETF，当日净值: 1.4650，市值: 146,495,775元
2025-12-12 10:12:43,688 - INFO - 20250917交易日 - 无交易，持有5只ETF，当日净值: 1.4820，市值: 148,203,146元
2025-12-12 10:12:43,691 - INFO - 20250918交易日 - 无交易，持有5只ETF，当日净值: 1.4746，市值: 147,463,491元
2025-12-12 10:12:43,693 - INFO - 20250919交易日 - 无交易，持有5只ETF，当日净值: 1.4671，市值: 146,710,300元
2025-12-12 10:12:43,694 - INFO - 20250922交易日 - 检测到ETF组合变化，重新平衡投资组合
2025-12-12 10:12:43,696 - INFO - 20250922交易日 - ETF 159389.SZ: 重新投入 54,595,081 元 (权重:0.3726), 净值 1.4386, 份额 37950147
2025-12-12 10:12:43,697 - INFO - 20250922交易日 - ETF 159811.SZ: 重新投入 31,678,020 元 (权重:0.2162), 净值 2.1689, 份额 14605570
2025-12-12 10:12:43,697 - INFO - 20250922交易日 - ETF 515980.SH: 重新投入 0 元 (权重:0.0000), 净值 1.7718, 份额 0
2025-12-12 10:12:43,697 - INFO - 20250922交易日 - ETF 560660.SH: 重新投入 57,586,171 元 (权重:0.3931), 净值 1.8940, 份额 30404525
2025-12-12 10:12:43,698 - INFO - 20250922交易日 - ETF 515880.SH: 重新投入 2,649,108 元 (权重:0.0181), 净值 2.7127, 份额 976558
2025-12-12 10:12:43,699 - INFO - 20250919策略，20250922交易日 - 继续持有5只ETF，当日净值: 1.4651，市值: 146,508,381元
2025-12-12 10:12:43,702 - INFO - 20250923交易日 - 无交易，持有5只ETF，当日净值: 1.4639，市值: 146,392,241元
2025-12-12 10:12:43,704 - INFO - 20250924交易日 - 无交易，持有5只ETF，当日净值: 1.4850，市值: 148,498,249元
2025-12-12 10:12:43,706 - INFO - 20250925交易日 - 无交易，持有5只ETF，当日净值: 1.5223，市值: 152,227,332元
2025-12-12 10:12:43,709 - INFO - 20250926交易日 - 无交易，持有5只ETF，当日净值: 1.4782，市值: 147,816,163元
2025-12-12 10:12:43,709 - INFO - 20250929交易日 - 检测到ETF组合变化，重新平衡投资组合
2025-12-12 10:12:43,712 - INFO - 20250929交易日 - ETF 588200.SH: 重新投入 0 元 (权重:0.0000), 净值 2.5100, 份额 0
2025-12-12 10:12:43,712 - INFO - 20250929交易日 - ETF 159516.SZ: 重新投入 11,655,027 元 (权重:0.0776), 净值 1.5641, 份额 7451587
2025-12-12 10:12:43,712 - INFO - 20250929交易日 - ETF 588100.SH: 重新投入 30,621,957 元 (权重:0.2039), 净值 2.0547, 份额 14903371
2025-12-12 10:12:43,713 - INFO - 20250929交易日 - ETF 588170.SH: 重新投入 30,894,191 元 (权重:0.2057), 净值 1.5093, 份额 20469219
2025-12-12 10:12:43,713 - INFO - 20250929交易日 - ETF 561980.SH: 重新投入 77,006,205 元 (权重:0.5128), 净值 2.0903, 份额 36839786
2025-12-12 10:12:43,714 - INFO - 20250926策略，20250929交易日 - 继续持有5只ETF，当日净值: 1.5018，市值: 150,177,380元
2025-12-12 10:12:43,717 - INFO - 20250930交易日 - 无交易，持有5只ETF，当日净值: 1.5037，市值: 150,373,082元
2025-12-12 10:12:43,720 - INFO - 20250930策略，20251009交易日 - 继续持有5只ETF，当日净值: 1.5420，市值: 154,203,576元
2025-12-12 10:12:43,723 - INFO - 20251010交易日 - 无交易，持有5只ETF，当日净值: 1.4667，市值: 146,667,996元
2025-12-12 10:12:43,726 - INFO - 20251010策略，20251013交易日 - 继续持有5只ETF，当日净值: 1.5079，市值: 150,793,540元
2025-12-12 10:12:43,728 - INFO - 20251014交易日 - 无交易，持有5只ETF，当日净值: 1.4116，市值: 141,155,488元
2025-12-12 10:12:43,731 - INFO - 20251015交易日 - 无交易，持有5只ETF，当日净值: 1.4226，市值: 142,263,698元
2025-12-12 10:12:43,733 - INFO - 20251016交易日 - 无交易，持有5只ETF，当日净值: 1.4077，市值: 140,771,985元
2025-12-12 10:12:43,736 - INFO - 20251017交易日 - 无交易，持有5只ETF，当日净值: 1.3531，市值: 135,307,808元
2025-12-12 10:12:43,736 - INFO - 20251020交易日 - 检测到ETF组合变化，重新平衡投资组合
2025-12-12 10:12:43,739 - INFO - 20251020交易日 - ETF 588170.SH: 重新投入 21,162,422 元 (权重:0.1560), 净值 1.3639, 份额 15516110
2025-12-12 10:12:43,739 - INFO - 20251020交易日 - ETF 159368.SZ: 重新投入 5,800,455 元 (权重:0.0427), 净值 1.4114, 份额 4109717
2025-12-12 10:12:43,740 - INFO - 20251020交易日 - ETF 512580.SH: 重新投入 65,864,109 元 (权重:0.4854), 净值 1.2336, 份额 53391787
2025-12-12 10:12:43,740 - INFO - 20251020交易日 - ETF 159752.SZ: 重新投入 0 元 (权重:0.0000), 净值 0.6452, 份额 0
2025-12-12 10:12:43,740 - INFO - 20251020交易日 - ETF 159790.SZ: 重新投入 42,858,829 元 (权重:0.3159), 净值 0.7472, 份额 57359247
2025-12-12 10:12:43,742 - INFO - 20251017策略，20251020交易日 - 继续持有5只ETF，当日净值: 1.3569，市值: 135,685,815元
2025-12-12 10:12:43,745 - INFO - 20251021交易日 - 无交易，持有5只ETF，当日净值: 1.3752，市值: 137,523,311元
2025-12-12 10:12:43,747 - INFO - 20251022交易日 - 无交易，持有5只ETF，当日净值: 1.3604，市值: 136,042,355元
2025-12-12 10:12:43,749 - INFO - 20251023交易日 - 无交易，持有5只ETF，当日净值: 1.3707，市值: 137,074,009元
2025-12-12 10:12:43,750 - INFO - 20251024交易日 - 检测到ETF组合变化，重新平衡投资组合
2025-12-12 10:12:43,753 - INFO - 20251024交易日 - ETF 512800.SH: 重新投入 53,220,679 元 (权重:0.3800), 净值 1.6616, 份额 32029778
2025-12-12 10:12:43,753 - INFO - 20251024交易日 - ETF 159790.SZ: 重新投入 10,257,618 元 (权重:0.0732), 净值 0.7664, 份额 13384157
2025-12-12 10:12:43,753 - INFO - 20251024交易日 - ETF 159930.SZ: 重新投入 24,275,701 元 (权重:0.1733), 净值 1.4367, 份额 16896848
2025-12-12 10:12:43,754 - INFO - 20251024交易日 - ETF 159887.SZ: 重新投入 52,298,047 元 (权重:0.3734), 净值 1.3516, 份额 38693435
2025-12-12 10:12:43,754 - INFO - 20251024交易日 - ETF 515220.SH: 重新投入 0 元 (权重:0.0000), 净值 2.6340, 份额 0
2025-12-12 10:12:43,756 - INFO - 20251023策略，20251024交易日 - 继续持有5只ETF，当日净值: 1.4005，市值: 140,052,045元
2025-12-12 10:12:43,756 - INFO - 20251027交易日 - 检测到ETF组合变化，重新平衡投资组合
2025-12-12 10:12:43,759 - INFO - 20251027交易日 - ETF 512800.SH: 重新投入 38,654,805 元 (权重:0.2755), 净值 1.6618, 份额 23260805
2025-12-12 10:12:43,759 - INFO - 20251027交易日 - ETF 512890.SH: 重新投入 44,389,045 元 (权重:0.3163), 净值 2.3970, 份额 18518584
2025-12-12 10:12:43,760 - INFO - 20251027交易日 - ETF 515220.SH: 重新投入 0 元 (权重:0.0000), 净值 2.6502, 份额 0
2025-12-12 10:12:43,760 - INFO - 20251027交易日 - ETF 159887.SZ: 重新投入 38,078,402 元 (权重:0.2714), 净值 1.3518, 份额 28168665
2025-12-12 10:12:43,760 - INFO - 20251027交易日 - ETF 159930.SZ: 重新投入 19,202,162 元 (权重:0.1368), 净值 1.4462, 份额 13277667
2025-12-12 10:12:43,762 - INFO - 20251024策略，20251027交易日 - 继续持有5只ETF，当日净值: 1.4032，市值: 140,324,414元
2025-12-12 10:12:43,765 - INFO - 20251028交易日 - 无交易，持有5只ETF，当日净值: 1.3994，市值: 139,936,128元
2025-12-12 10:12:43,767 - INFO - 20251029交易日 - 无交易，持有5只ETF，当日净值: 1.3805，市值: 138,045,916元
2025-12-12 10:12:43,769 - INFO - 20251030交易日 - 无交易，持有5只ETF，当日净值: 1.3820，市值: 138,202,994元
2025-12-12 10:12:43,772 - INFO - 20251031交易日 - 无交易，持有5只ETF，当日净值: 1.3797，市值: 137,970,673元
2025-12-12 10:12:43,773 - INFO - 20251103交易日 - 检测到ETF组合变化，重新平衡投资组合
2025-12-12 10:12:43,776 - INFO - 20251103交易日 - ETF 561580.SH: 重新投入 24,281,351 元 (权重:0.1733), 净值 1.3526, 份额 17951613
2025-12-12 10:12:43,776 - INFO - 20251103交易日 - ETF 159887.SZ: 重新投入 40,874,464 元 (权重:0.2918), 净值 1.3374, 份额 30562632
2025-12-12 10:12:43,777 - INFO - 20251103交易日 - ETF 159930.SZ: 重新投入 0 元 (权重:0.0000), 净值 1.4761, 份额 0
2025-12-12 10:12:43,777 - INFO - 20251103交易日 - ETF 512800.SH: 重新投入 41,991,731 元 (权重:0.2997), 净值 1.6444, 份额 25536202
2025-12-12 10:12:43,778 - INFO - 20251103交易日 - ETF 510230.SH: 重新投入 32,952,393 元 (权重:0.2352), 净值 2.3463, 份额 14044407
2025-12-12 10:12:43,780 - INFO - 20251031策略，20251103交易日 - 继续持有5只ETF，当日净值: 1.4010，市值: 140,099,939元
2025-12-12 10:12:43,782 - INFO - 20251104交易日 - 无交易，持有5只ETF，当日净值: 1.4218，市值: 142,180,622元
2025-12-12 10:12:43,785 - INFO - 20251105交易日 - 无交易，持有5只ETF，当日净值: 1.4215，市值: 142,150,043元
2025-12-12 10:12:43,788 - INFO - 20251106交易日 - 无交易，持有5只ETF，当日净值: 1.4201，市值: 142,009,741元
2025-12-12 10:12:43,791 - INFO - 20251107交易日 - 无交易，持有5只ETF，当日净值: 1.4189，市值: 141,894,620元
2025-12-12 10:12:43,795 - INFO - 20251107策略，20251110交易日 - 继续持有5只ETF，当日净值: 1.4282，市值: 142,818,878元
2025-12-12 10:12:43,798 - INFO - 20251111交易日 - 无交易，持有5只ETF，当日净值: 1.4312，市值: 143,117,360元
2025-12-12 10:12:43,800 - INFO - 20251112交易日 - 无交易，持有5只ETF，当日净值: 1.4380，市值: 143,799,229元
2025-12-12 10:12:43,803 - INFO - 20251113交易日 - 无交易，持有5只ETF，当日净值: 1.4401，市值: 144,012,376元
2025-12-12 10:12:43,805 - INFO - 20251114交易日 - 无交易，持有5只ETF，当日净值: 1.4399，市值: 143,985,054元
2025-12-12 10:12:43,809 - INFO - 组合净值计算完成，共267个交易日，其中58个交易日有交易
2025-12-12 10:12:43,814 - INFO - 
============================================================
2025-12-12 10:12:43,815 - INFO - 绩效统计:
2025-12-12 10:12:43,815 - INFO - ============================================================
2025-12-12 10:12:43,815 - INFO - 初始资金: 100,000,000
2025-12-12 10:12:43,815 - INFO - 最终市值: 143,985,054
2025-12-12 10:12:43,815 - INFO - 绝对收益: 43,985,054
2025-12-12 10:12:43,815 - INFO - 绝对收益率: 43.99%
2025-12-12 10:12:43,815 - INFO - 总收益率: 43.99%
2025-12-12 10:12:43,815 - INFO - 年化收益率: 41.07%
2025-12-12 10:12:43,815 - INFO - 年化波动率: 26.19%
2025-12-12 10:12:43,815 - INFO - 最大回撤: -12.25%
2025-12-12 10:12:43,815 - INFO - 夏普比率: 1.568
2025-12-12 10:12:43,815 - INFO - 交易天数: 267
2025-12-12 10:12:43,815 - INFO - 起始日期: 20241014
2025-12-12 10:12:43,815 - INFO - 结束日期: 20251114
2025-12-12 10:12:43,815 - INFO - 权重方法: s1
2025-12-12 10:12:44,317 - INFO - 净值曲线已保存至: /home/user0/project/etf/output/portfolio_nav_curve_s1.png
2025-12-12 10:12:44,322 - INFO - 计算结果已保存至: /home/user0/project/etf/output/portfolio_nav_results_s1.csv
2025-12-12 10:12:44,324 - INFO - 绩效统计已保存至: /home/user0/project/etf/output/portfolio_nav_results_s1_stats.csv
2025-12-12 10:12:44,324 - INFO - ============================================================
2025-12-12 10:12:44,325 - INFO - 分析完成!
2025-12-12 10:12:44,325 - INFO - ============================================================
