2025-12-12 10:12:50,844 - INFO - ============================================================
2025-12-12 10:12:50,844 - INFO - ETF轮动策略组合净值分析系统启动
2025-12-12 10:12:50,844 - INFO - 日志文件: /home/user0/project/etf/output/etf_analysis_20251212_101250.log
2025-12-12 10:12:50,844 - INFO - 权重方法: s2
2025-12-12 10:12:50,844 - INFO - ============================================================
2025-12-12 10:12:50,844 - INFO - ============================================================
2025-12-12 10:12:50,844 - INFO - 开始ETF轮动策略组合净值分析（含初始资金量计算）
2025-12-12 10:12:50,844 - INFO - ============================================================
2025-12-12 10:12:50,844 - INFO - 加载策略数据...
2025-12-12 10:12:50,934 - INFO - 策略数据加载完成，共290条记录
2025-12-12 10:12:50,935 - INFO - 日期范围: 20241011 至 20251107
2025-12-12 10:12:50,935 - INFO - 初始资金量: 100,000,000 元
2025-12-12 10:12:50,935 - INFO - 获取交易日列表...
2025-12-12 10:12:50,935 - INFO - 共找到694个交易日
2025-12-12 10:12:50,935 - INFO - 加载净值数据...
2025-12-12 10:12:52,579 - INFO - 净值数据加载完成
2025-12-12 10:12:52,579 - INFO - 计算组合净值...
2025-12-12 10:12:52,581 - INFO - 20241011策略，20241014交易日 - ETF 159949.SZ: 初始投入 0 元, 净值 0.9624, 份额 0
2025-12-12 10:12:52,581 - INFO - 20241011策略，20241014交易日 - ETF 159350.SZ: 初始投入 30,000,000 元, 净值 1.1977, 份额 25048009
2025-12-12 10:12:52,581 - INFO - 20241011策略，20241014交易日 - ETF 159996.SZ: 初始投入 40,000,000 元, 净值 1.2985, 份额 30804775
2025-12-12 10:12:52,582 - INFO - 20241011策略，20241014交易日 - ETF 159967.SZ: 初始投入 10,000,000 元, 净值 1.7646, 份额 5667007
2025-12-12 10:12:52,582 - INFO - 20241011策略，20241014交易日 - ETF 159966.SZ: 初始投入 20,000,000 元, 净值 1.4663, 份额 13639774
2025-12-12 10:12:52,607 - INFO - 20241011策略，20241014交易日 - 继续持有5只ETF，当日净值: 1.0000，市值: 100,000,000元
2025-12-12 10:12:52,608 - INFO - 20241015交易日 - 无交易，持有5只ETF，当日净值: 0.9724，市值: 97,243,832元
2025-12-12 10:12:52,610 - INFO - 20241016交易日 - 无交易，持有5只ETF，当日净值: 0.9580，市值: 95,797,401元
2025-12-12 10:12:52,611 - INFO - 20241017交易日 - 无交易，持有5只ETF，当日净值: 0.9512，市值: 95,115,348元
2025-12-12 10:12:52,613 - INFO - 20241018交易日 - 无交易，持有5只ETF，当日净值: 1.0002，市值: 100,017,251元
2025-12-12 10:12:52,613 - INFO - 20241021交易日 - 检测到ETF组合变化，重新平衡投资组合
2025-12-12 10:12:52,615 - INFO - 20241021交易日 - ETF 512800.SH: 重新投入 30,195,097 元 (权重:0.3000), 净值 1.4159, 份额 21325727
2025-12-12 10:12:52,615 - INFO - 20241021交易日 - ETF 515300.SH: 重新投入 40,260,130 元 (权重:0.4000), 净值 1.5980, 份额 25194074
2025-12-12 10:12:52,616 - INFO - 20241021交易日 - ETF 159887.SZ: 重新投入 20,130,065 元 (权重:0.2000), 净值 1.1524, 份额 17467949
2025-12-12 10:12:52,616 - INFO - 20241021交易日 - ETF 159996.SZ: 重新投入 0 元 (权重:0.0000), 净值 1.3011, 份额 0
2025-12-12 10:12:52,616 - INFO - 20241021交易日 - ETF 512750.SH: 重新投入 10,065,032 元 (权重:0.1000), 净值 1.4020, 份额 7179053
2025-12-12 10:12:52,618 - INFO - 20241018策略，20241021交易日 - 继续持有5只ETF，当日净值: 1.0065，市值: 100,650,325元
2025-12-12 10:12:52,619 - INFO - 20241022交易日 - 无交易，持有5只ETF，当日净值: 1.0097，市值: 100,971,239元
2025-12-12 10:12:52,621 - INFO - 20241023交易日 - 无交易，持有5只ETF，当日净值: 1.0134，市值: 101,340,440元
2025-12-12 10:12:52,622 - INFO - 20241024交易日 - 无交易，持有5只ETF，当日净值: 1.0091，市值: 100,911,934元
2025-12-12 10:12:52,624 - INFO - 20241025交易日 - 无交易，持有5只ETF，当日净值: 1.0044，市值: 100,435,356元
2025-12-12 10:12:52,624 - INFO - 20241028交易日 - 检测到ETF组合变化，重新平衡投资组合
2025-12-12 10:12:52,626 - INFO - 20241028交易日 - ETF 512710.SH: 重新投入 0 元 (权重:0.0000), 净值 1.3314, 份额 0
2025-12-12 10:12:52,626 - INFO - 20241028交易日 - ETF 516970.SH: 重新投入 19,995,079 元 (权重:0.2000), 净值 1.1569, 份额 17283326
2025-12-12 10:12:52,627 - INFO - 20241028交易日 - ETF 516950.SH: 重新投入 39,990,159 元 (权重:0.4000), 净值 1.0939, 份额 36557417
2025-12-12 10:12:52,627 - INFO - 20241028交易日 - ETF 512800.SH: 重新投入 29,992,619 元 (权重:0.3000), 净值 1.3976, 份额 21460088
2025-12-12 10:12:52,627 - INFO - 20241028交易日 - ETF 159887.SZ: 重新投入 9,997,540 元 (权重:0.1000), 净值 1.1375, 份额 8789046
2025-12-12 10:12:52,629 - INFO - 20241025策略，20241028交易日 - 继续持有5只ETF，当日净值: 0.9998，市值: 99,975,396元
2025-12-12 10:12:52,630 - INFO - 20241029交易日 - 无交易，持有5只ETF，当日净值: 0.9877，市值: 98,773,400元
2025-12-12 10:12:52,632 - INFO - 20241030交易日 - 无交易，持有5只ETF，当日净值: 0.9826，市值: 98,255,010元
2025-12-12 10:12:52,634 - INFO - 20241031交易日 - 无交易，持有5只ETF，当日净值: 0.9862，市值: 98,620,708元
2025-12-12 10:12:52,635 - INFO - 20241101交易日 - 无交易，持有5只ETF，当日净值: 0.9972，市值: 99,715,991元
2025-12-12 10:12:52,635 - INFO - 20241104交易日 - 检测到ETF组合变化，重新平衡投资组合
2025-12-12 10:12:52,637 - INFO - 20241104交易日 - ETF 516950.SH: 重新投入 30,166,123 元 (权重:0.3000), 净值 1.1101, 份额 27174239
2025-12-12 10:12:52,637 - INFO - 20241104交易日 - ETF 159667.SZ: 重新投入 10,055,374 元 (权重:0.1000), 净值 0.9766, 份额 10296308
2025-12-12 10:12:52,638 - INFO - 20241104交易日 - ETF 159512.SZ: 重新投入 0 元 (权重:0.0000), 净值 1.3512, 份额 0
2025-12-12 10:12:52,638 - INFO - 20241104交易日 - ETF 560280.SH: 重新投入 20,110,749 元 (权重:0.2000), 净值 1.2145, 份额 16558871
2025-12-12 10:12:52,638 - INFO - 20241104交易日 - ETF 560860.SH: 重新投入 40,221,497 元 (权重:0.4000), 净值 0.8719, 份额 46130861
2025-12-12 10:12:52,640 - INFO - 20241101策略，20241104交易日 - 继续持有5只ETF，当日净值: 1.0055，市值: 100,553,744元
2025-12-12 10:12:52,641 - INFO - 20241105交易日 - 无交易，持有5只ETF，当日净值: 1.0337，市值: 103,370,279元
2025-12-12 10:12:52,643 - INFO - 20241106交易日 - 无交易，持有5只ETF，当日净值: 1.0389，市值: 103,891,358元
2025-12-12 10:12:52,644 - INFO - 20241107交易日 - 无交易，持有5只ETF，当日净值: 1.0550，市值: 105,498,360元
2025-12-12 10:12:52,646 - INFO - 20241108交易日 - 无交易，持有5只ETF，当日净值: 1.0405，市值: 104,052,763元
2025-12-12 10:12:52,646 - INFO - 20241111交易日 - 检测到ETF组合变化，重新平衡投资组合
2025-12-12 10:12:52,648 - INFO - 20241111交易日 - ETF 512760.SH: 重新投入 10,430,033 元 (权重:0.1000), 净值 2.5106, 份额 4154399
2025-12-12 10:12:52,648 - INFO - 20241111交易日 - ETF 159516.SZ: 重新投入 20,860,066 元 (权重:0.2000), 净值 1.2653, 份额 16486261
2025-12-12 10:12:52,649 - INFO - 20241111交易日 - ETF 516350.SH: 重新投入 0 元 (权重:0.0000), 净值 0.9143, 份额 0
2025-12-12 10:12:52,649 - INFO - 20241111交易日 - ETF 516950.SH: 重新投入 41,720,133 元 (权重:0.4000), 净值 1.1422, 份额 36526119
2025-12-12 10:12:52,649 - INFO - 20241111交易日 - ETF 516970.SH: 重新投入 31,290,100 元 (权重:0.3000), 净值 1.2059, 份额 25947508
2025-12-12 10:12:52,651 - INFO - 20241108策略，20241111交易日 - 继续持有5只ETF，当日净值: 1.0430，市值: 104,300,332元
2025-12-12 10:12:52,652 - INFO - 20241112交易日 - 无交易，持有5只ETF，当日净值: 1.0240，市值: 102,400,546元
2025-12-12 10:12:52,654 - INFO - 20241113交易日 - 无交易，持有5只ETF，当日净值: 1.0287，市值: 102,871,688元
2025-12-12 10:12:52,655 - INFO - 20241114交易日 - 无交易，持有5只ETF，当日净值: 1.0067，市值: 100,669,309元
2025-12-12 10:12:52,657 - INFO - 20241115交易日 - 无交易，持有5只ETF，当日净值: 0.9827，市值: 98,273,576元
2025-12-12 10:12:52,657 - INFO - 20241118交易日 - 检测到ETF组合变化，重新平衡投资组合
2025-12-12 10:12:52,659 - INFO - 20241118交易日 - ETF 159516.SZ: 重新投入 29,866,549 元 (权重:0.3000), 净值 1.1055, 份额 27016327
2025-12-12 10:12:52,659 - INFO - 20241118交易日 - ETF 512760.SH: 重新投入 19,911,033 元 (权重:0.2000), 净值 2.2066, 份额 9023399
2025-12-12 10:12:52,660 - INFO - 20241118交易日 - ETF 159995.SZ: 重新投入 0 元 (权重:0.0000), 净值 1.1932, 份额 0
2025-12-12 10:12:52,660 - INFO - 20241118交易日 - ETF 516350.SH: 重新投入 9,955,516 元 (权重:0.1000), 净值 0.8042, 份额 12379404
2025-12-12 10:12:52,660 - INFO - 20241118交易日 - ETF 561980.SH: 重新投入 39,822,066 元 (权重:0.4000), 净值 1.3150, 份额 30282940
2025-12-12 10:12:52,662 - INFO - 20241115策略，20241118交易日 - 继续持有5只ETF，当日净值: 0.9956，市值: 99,555,165元
2025-12-12 10:12:52,664 - INFO - 20241119交易日 - 无交易，持有5只ETF，当日净值: 1.0267，市值: 102,668,335元
2025-12-12 10:12:52,665 - INFO - 20241120交易日 - 无交易，持有5只ETF，当日净值: 1.0238，市值: 102,380,911元
2025-12-12 10:12:52,667 - INFO - 20241121交易日 - 无交易，持有5只ETF，当日净值: 1.0287，市值: 102,869,197元
2025-12-12 10:12:52,668 - INFO - 20241122交易日 - 无交易，持有5只ETF，当日净值: 0.9875，市值: 98,749,653元
2025-12-12 10:12:52,668 - INFO - 20241125交易日 - 检测到ETF组合变化，重新平衡投资组合
2025-12-12 10:12:52,670 - INFO - 20241125交易日 - ETF 560980.SH: 重新投入 0 元 (权重:0.0000), 净值 0.5307, 份额 0
2025-12-12 10:12:52,671 - INFO - 20241125交易日 - ETF 588830.SH: 重新投入 9,790,981 元 (权重:0.1000), 净值 1.3066, 份额 7493480
2025-12-12 10:12:52,671 - INFO - 20241125交易日 - ETF 159825.SZ: 重新投入 19,581,962 元 (权重:0.2000), 净值 0.6726, 份额 29113829
2025-12-12 10:12:52,671 - INFO - 20241125交易日 - ETF 159766.SZ: 重新投入 39,163,923 元 (权重:0.4000), 净值 0.7017, 份额 55812916
2025-12-12 10:12:52,671 - INFO - 20241125交易日 - ETF 159865.SZ: 重新投入 29,372,942 元 (权重:0.3000), 净值 0.5718, 份额 51369259
2025-12-12 10:12:52,673 - INFO - 20241122策略，20241125交易日 - 继续持有5只ETF，当日净值: 0.9791，市值: 97,909,808元
2025-12-12 10:12:52,675 - INFO - 20241126交易日 - 无交易，持有5只ETF，当日净值: 0.9819，市值: 98,193,743元
2025-12-12 10:12:52,676 - INFO - 20241127交易日 - 无交易，持有5只ETF，当日净值: 0.9936，市值: 99,360,494元
2025-12-12 10:12:52,678 - INFO - 20241128交易日 - 无交易，持有5只ETF，当日净值: 0.9910，市值: 99,101,500元
2025-12-12 10:12:52,679 - INFO - 20241129交易日 - 无交易，持有5只ETF，当日净值: 1.0010，市值: 100,101,944元
2025-12-12 10:12:52,679 - INFO - 20241202交易日 - 检测到ETF组合变化，重新平衡投资组合
2025-12-12 10:12:52,681 - INFO - 20241202交易日 - ETF 512670.SH: 重新投入 20,365,207 元 (权重:0.2000), 净值 1.4506, 份额 14039161
2025-12-12 10:12:52,682 - INFO - 20241202交易日 - ETF 512710.SH: 重新投入 30,547,811 元 (权重:0.3000), 净值 1.2826, 份额 23817099
2025-12-12 10:12:52,682 - INFO - 20241202交易日 - ETF 159766.SZ: 重新投入 10,182,604 元 (权重:0.1000), 净值 0.7350, 份额 13853883
2025-12-12 10:12:52,682 - INFO - 20241202交易日 - ETF 159865.SZ: 重新投入 40,730,415 元 (权重:0.4000), 净值 0.5935, 份额 68627489
2025-12-12 10:12:52,683 - INFO - 20241202交易日 - ETF 588020.SH: 重新投入 0 元 (权重:0.0000), 净值 1.1134, 份额 0
2025-12-12 10:12:52,684 - INFO - 20241129策略，20241202交易日 - 继续持有5只ETF，当日净值: 1.0183，市值: 101,826,037元
2025-12-12 10:12:52,686 - INFO - 20241203交易日 - 无交易，持有5只ETF，当日净值: 1.0165，市值: 101,646,778元
2025-12-12 10:12:52,687 - INFO - 20241204交易日 - 无交易，持有5只ETF，当日净值: 1.0012，市值: 100,120,456元
2025-12-12 10:12:52,689 - INFO - 20241205交易日 - 无交易，持有5只ETF，当日净值: 1.0059，市值: 100,592,229元
2025-12-12 10:12:52,690 - INFO - 20241206交易日 - 无交易，持有5只ETF，当日净值: 1.0142，市值: 101,422,812元
2025-12-12 10:12:52,690 - INFO - 20241209交易日 - 检测到ETF组合变化，重新平衡投资组合
2025-12-12 10:12:52,693 - INFO - 20241209交易日 - ETF 516970.SH: 重新投入 20,040,459 元 (权重:0.2000), 净值 1.1615, 份额 17253947
2025-12-12 10:12:52,693 - INFO - 20241209交易日 - ETF 159851.SZ: 重新投入 0 元 (权重:0.0000), 净值 1.5972, 份额 0
2025-12-12 10:12:52,693 - INFO - 20241209交易日 - ETF 515100.SH: 重新投入 40,080,919 元 (权重:0.4000), 净值 1.9254, 份额 20816931
2025-12-12 10:12:52,693 - INFO - 20241209交易日 - ETF 159766.SZ: 重新投入 10,020,230 元 (权重:0.1000), 净值 0.7362, 份额 13610744
2025-12-12 10:12:52,694 - INFO - 20241209交易日 - ETF 159611.SZ: 重新投入 30,060,689 元 (权重:0.3000), 净值 1.0061, 份额 29878431
2025-12-12 10:12:52,695 - INFO - 20241206策略，20241209交易日 - 继续持有5只ETF，当日净值: 1.0020，市值: 100,202,297元
2025-12-12 10:12:52,697 - INFO - 20241210交易日 - 无交易，持有5只ETF，当日净值: 1.0017，市值: 100,174,595元
2025-12-12 10:12:52,698 - INFO - 20241211交易日 - 无交易，持有5只ETF，当日净值: 1.0083，市值: 100,825,414元
2025-12-12 10:12:52,700 - INFO - 20241212交易日 - 无交易，持有5只ETF，当日净值: 1.0147，市值: 101,466,857元
2025-12-12 10:12:52,701 - INFO - 20241213交易日 - 无交易，持有5只ETF，当日净值: 1.0003，市值: 100,032,008元
2025-12-12 10:12:52,702 - INFO - 20241216交易日 - 检测到ETF组合变化，重新平衡投资组合
2025-12-12 10:12:52,704 - INFO - 20241216交易日 - ETF 159851.SZ: 重新投入 0 元 (权重:0.0000), 净值 1.5520, 份额 0
2025-12-12 10:12:52,704 - INFO - 20241216交易日 - ETF 159625.SZ: 重新投入 30,172,375 元 (权重:0.3000), 净值 1.1809, 份额 25550322
2025-12-12 10:12:52,704 - INFO - 20241216交易日 - ETF 159766.SZ: 重新投入 10,057,458 元 (权重:0.1000), 净值 0.7709, 份额 13046385
2025-12-12 10:12:52,705 - INFO - 20241216交易日 - ETF 159611.SZ: 重新投入 40,229,833 元 (权重:0.4000), 净值 1.0101, 份额 39827574
2025-12-12 10:12:52,705 - INFO - 20241216交易日 - ETF 159692.SZ: 重新投入 20,114,916 元 (权重:0.2000), 净值 1.2924, 份额 15564002
2025-12-12 10:12:52,707 - INFO - 20241213策略，20241216交易日 - 继续持有5只ETF，当日净值: 1.0057，市值: 100,574,582元
2025-12-12 10:12:52,708 - INFO - 20241217交易日 - 无交易，持有5只ETF，当日净值: 0.9979，市值: 99,792,214元
2025-12-12 10:12:52,710 - INFO - 20241218交易日 - 无交易，持有5只ETF，当日净值: 1.0020，市值: 100,201,427元
2025-12-12 10:12:52,711 - INFO - 20241219交易日 - 无交易，持有5只ETF，当日净值: 0.9923，市值: 99,228,877元
2025-12-12 10:12:52,713 - INFO - 20241220交易日 - 无交易，持有5只ETF，当日净值: 0.9868，市值: 98,677,470元
2025-12-12 10:12:52,713 - INFO - 20241223交易日 - 检测到ETF组合变化，重新平衡投资组合
2025-12-12 10:12:52,715 - INFO - 20241223交易日 - ETF 516970.SH: 重新投入 0 元 (权重:0.0000), 净值 1.1287, 份额 0
2025-12-12 10:12:52,715 - INFO - 20241223交易日 - ETF 159625.SZ: 重新投入 19,802,611 元 (权重:0.2000), 净值 1.1687, 份额 16944135
2025-12-12 10:12:52,715 - INFO - 20241223交易日 - ETF 159611.SZ: 重新投入 39,605,222 元 (权重:0.4000), 净值 1.0003, 份额 39593344
2025-12-12 10:12:52,716 - INFO - 20241223交易日 - ETF 515210.SH: 重新投入 9,901,305 元 (权重:0.1000), 净值 1.3608, 份额 7276092
2025-12-12 10:12:52,716 - INFO - 20241223交易日 - ETF 561580.SH: 重新投入 29,703,916 元 (权重:0.3000), 净值 1.2013, 份额 24726477
2025-12-12 10:12:52,718 - INFO - 20241220策略，20241223交易日 - 继续持有5只ETF，当日净值: 0.9901，市值: 99,013,054元
2025-12-12 10:12:52,719 - INFO - 20241224交易日 - 无交易，持有5只ETF，当日净值: 1.0010，市值: 100,099,070元
2025-12-12 10:12:52,721 - INFO - 20241225交易日 - 无交易，持有5只ETF，当日净值: 1.0009，市值: 100,091,619元
2025-12-12 10:12:52,722 - INFO - 20241226交易日 - 无交易，持有5只ETF，当日净值: 0.9908，市值: 99,079,912元
2025-12-12 10:12:52,724 - INFO - 20241227交易日 - 无交易，持有5只ETF，当日净值: 0.9978，市值: 99,783,672元
2025-12-12 10:12:52,724 - INFO - 20241230交易日 - 检测到ETF组合变化，重新平衡投资组合
2025-12-12 10:12:52,726 - INFO - 20241230交易日 - ETF 516970.SH: 重新投入 9,931,944 元 (权重:0.1000), 净值 1.1393, 份额 8717584
2025-12-12 10:12:52,726 - INFO - 20241230交易日 - ETF 159887.SZ: 重新投入 29,795,831 元 (权重:0.3000), 净值 1.2220, 份额 24382841
2025-12-12 10:12:52,727 - INFO - 20241230交易日 - ETF 512800.SH: 重新投入 39,727,775 元 (权重:0.4000), 净值 1.5008, 份额 26471065
2025-12-12 10:12:52,727 - INFO - 20241230交易日 - ETF 588200.SH: 重新投入 0 元 (权重:0.0000), 净值 1.5272, 份额 0
2025-12-12 10:12:52,727 - INFO - 20241230交易日 - ETF 510230.SH: 重新投入 19,863,888 元 (权重:0.2000), 净值 2.1978, 份额 9038078
2025-12-12 10:12:52,729 - INFO - 20241227策略，20241230交易日 - 继续持有5只ETF，当日净值: 0.9932，市值: 99,319,438元
2025-12-12 10:12:52,731 - INFO - 20241231交易日 - 无交易，持有5只ETF，当日净值: 0.9801，市值: 98,007,946元
2025-12-12 10:12:52,732 - INFO - 20250102交易日 - 无交易，持有5只ETF，当日净值: 0.9563，市值: 95,625,871元
2025-12-12 10:12:52,734 - INFO - 20250103交易日 - 无交易，持有5只ETF，当日净值: 0.9482，市值: 94,823,382元
2025-12-12 10:12:52,734 - INFO - 20250106交易日 - 检测到ETF组合变化，重新平衡投资组合
2025-12-12 10:12:52,736 - INFO - 20250106交易日 - ETF 159768.SZ: 重新投入 23,859,254 元 (权重:0.2500), 净值 0.5438, 份额 43875054
2025-12-12 10:12:52,737 - INFO - 20250106交易日 - ETF 159692.SZ: 重新投入 38,174,807 元 (权重:0.4000), 净值 1.1704, 份额 32616889
2025-12-12 10:12:52,737 - INFO - 20250106交易日 - ETF 159887.SZ: 重新投入 9,543,702 元 (权重:0.1000), 净值 1.1833, 份额 8065327
2025-12-12 10:12:52,737 - INFO - 20250106交易日 - ETF 159707.SZ: 重新投入 23,859,254 元 (权重:0.2500), 净值 0.6058, 份额 39384705
2025-12-12 10:12:52,738 - INFO - 20250106交易日 - ETF 159949.SZ: 重新投入 0 元 (权重:0.0000), 净值 0.9026, 份额 0
2025-12-12 10:12:52,739 - INFO - 20250103策略，20250106交易日 - 继续持有5只ETF，当日净值: 0.9544，市值: 95,437,017元
2025-12-12 10:12:52,741 - INFO - 20250107交易日 - 无交易，持有5只ETF，当日净值: 0.9610，市值: 96,097,405元
2025-12-12 10:12:52,742 - INFO - 20250108交易日 - 无交易，持有5只ETF，当日净值: 0.9548，市值: 95,484,951元
2025-12-12 10:12:52,744 - INFO - 20250109交易日 - 无交易，持有5只ETF，当日净值: 0.9523，市值: 95,233,609元
2025-12-12 10:12:52,746 - INFO - 20250110交易日 - 无交易，持有5只ETF，当日净值: 0.9372，市值: 93,717,057元
2025-12-12 10:12:52,746 - INFO - 20250113交易日 - 检测到ETF组合变化，重新平衡投资组合
2025-12-12 10:12:52,748 - INFO - 20250113交易日 - ETF 512800.SH: 重新投入 18,898,601 元 (权重:0.2000), 净值 1.4397, 份额 13126763
2025-12-12 10:12:52,748 - INFO - 20250113交易日 - ETF 159516.SZ: 重新投入 0 元 (权重:0.0000), 净值 0.9629, 份额 0
2025-12-12 10:12:52,748 - INFO - 20250113交易日 - ETF 512890.SH: 重新投入 28,347,902 元 (权重:0.3000), 净值 2.1190, 份额 13377962
2025-12-12 10:12:52,749 - INFO - 20250113交易日 - ETF 510230.SH: 重新投入 37,797,202 元 (权重:0.4000), 净值 2.0630, 份额 18321475
2025-12-12 10:12:52,749 - INFO - 20250113交易日 - ETF 159887.SZ: 重新投入 9,449,301 元 (权重:0.1000), 净值 1.1731, 份额 8054983
2025-12-12 10:12:52,751 - INFO - 20250110策略，20250113交易日 - 继续持有5只ETF，当日净值: 0.9449，市值: 94,493,005元
2025-12-12 10:12:52,752 - INFO - 20250114交易日 - 无交易，持有5只ETF，当日净值: 0.9588，市值: 95,882,362元
2025-12-12 10:12:52,754 - INFO - 20250115交易日 - 无交易，持有5只ETF，当日净值: 0.9623，市值: 96,229,368元
2025-12-12 10:12:52,755 - INFO - 20250116交易日 - 无交易，持有5只ETF，当日净值: 0.9691，市值: 96,908,216元
2025-12-12 10:12:52,757 - INFO - 20250117交易日 - 无交易，持有5只ETF，当日净值: 0.9660，市值: 96,597,480元
2025-12-12 10:12:52,757 - INFO - 20250120交易日 - 检测到ETF组合变化，重新平衡投资组合
2025-12-12 10:12:52,759 - INFO - 20250120交易日 - ETF 512800.SH: 重新投入 19,300,404 元 (权重:0.2000), 净值 1.4694, 份额 13134888
2025-12-12 10:12:52,760 - INFO - 20250120交易日 - ETF 560860.SH: 重新投入 0 元 (权重:0.0000), 净值 0.8340, 份额 0
2025-12-12 10:12:52,760 - INFO - 20250120交易日 - ETF 512890.SH: 重新投入 28,950,606 元 (权重:0.3000), 净值 2.1676, 份额 13356065
2025-12-12 10:12:52,760 - INFO - 20250120交易日 - ETF 159887.SZ: 重新投入 9,650,202 元 (权重:0.1000), 净值 1.1965, 份额 8065359
2025-12-12 10:12:52,760 - INFO - 20250120交易日 - ETF 510230.SH: 重新投入 38,600,808 元 (权重:0.4000), 净值 2.1056, 份额 18332451
2025-12-12 10:12:52,762 - INFO - 20250117策略，20250120交易日 - 继续持有5只ETF，当日净值: 0.9650，市值: 96,502,020元
2025-12-12 10:12:52,764 - INFO - 20250121交易日 - 无交易，持有5只ETF，当日净值: 0.9631，市值: 96,307,125元
2025-12-12 10:12:52,765 - INFO - 20250122交易日 - 无交易，持有5只ETF，当日净值: 0.9490，市值: 94,899,192元
2025-12-12 10:12:52,767 - INFO - 20250123交易日 - 无交易，持有5只ETF，当日净值: 0.9673，市值: 96,726,166元
2025-12-12 10:12:52,768 - INFO - 20250124交易日 - 无交易，持有5只ETF，当日净值: 0.9710，市值: 97,099,333元
2025-12-12 10:12:52,769 - INFO - 20250127交易日 - 检测到ETF组合变化，重新平衡投资组合
2025-12-12 10:12:52,771 - INFO - 20250127交易日 - ETF 512480.SH: 重新投入 0 元 (权重:0.0000), 净值 1.9790, 份额 0
2025-12-12 10:12:52,771 - INFO - 20250127交易日 - ETF 588010.SH: 重新投入 29,399,881 元 (权重:0.3000), 净值 0.5520, 份额 53260654
2025-12-12 10:12:52,771 - INFO - 20250127交易日 - ETF 159516.SZ: 重新投入 19,599,921 元 (权重:0.2000), 净值 0.9796, 份额 20008086
2025-12-12 10:12:52,772 - INFO - 20250127交易日 - ETF 561980.SH: 重新投入 9,799,960 元 (权重:0.1000), 净值 1.2141, 份额 8071790
2025-12-12 10:12:52,772 - INFO - 20250127交易日 - ETF 560860.SH: 重新投入 39,199,841 元 (权重:0.4000), 净值 0.8346, 份额 46968418
2025-12-12 10:12:52,774 - INFO - 20250124策略，20250127交易日 - 继续持有5只ETF，当日净值: 0.9800，市值: 97,999,603元
2025-12-12 10:12:52,774 - INFO - 20250205交易日 - 检测到ETF组合变化，重新平衡投资组合
2025-12-12 10:12:52,776 - INFO - 20250205交易日 - ETF 159516.SZ: 重新投入 19,665,566 元 (权重:0.2000), 净值 0.9853, 份额 19958963
2025-12-12 10:12:52,776 - INFO - 20250205交易日 - ETF 515250.SH: 重新投入 29,498,349 元 (权重:0.3000), 净值 0.9733, 份额 30307561
2025-12-12 10:12:52,776 - INFO - 20250205交易日 - ETF 159325.SZ: 重新投入 0 元 (权重:0.0000), 净值 1.0209, 份额 0
2025-12-12 10:12:52,777 - INFO - 20250205交易日 - ETF 561980.SH: 重新投入 9,832,783 元 (权重:0.1000), 净值 1.2425, 份额 7913709
2025-12-12 10:12:52,777 - INFO - 20250205交易日 - ETF 588010.SH: 重新投入 39,331,133 元 (权重:0.4000), 净值 0.5511, 份额 71368413
2025-12-12 10:12:52,779 - INFO - 20250127策略，20250205交易日 - 继续持有5只ETF，当日净值: 0.9833，市值: 98,327,831元
2025-12-12 10:12:52,780 - INFO - 20250206交易日 - 无交易，持有5只ETF，当日净值: 1.0282，市值: 102,820,293元
2025-12-12 10:12:52,782 - INFO - 20250207交易日 - 无交易，持有5只ETF，当日净值: 1.0420，市值: 104,198,474元
2025-12-12 10:12:52,782 - INFO - 20250210交易日 - 检测到ETF组合变化，重新平衡投资组合
2025-12-12 10:12:52,784 - INFO - 20250210交易日 - ETF 516510.SH: 重新投入 10,471,796 元 (权重:0.1000), 净值 1.2638, 份额 8285959
2025-12-12 10:12:52,785 - INFO - 20250210交易日 - ETF 159852.SZ: 重新投入 20,943,591 元 (权重:0.2000), 净值 0.9077, 份额 23073252
2025-12-12 10:12:52,785 - INFO - 20250210交易日 - ETF 515400.SH: 重新投入 31,415,387 元 (权重:0.3000), 净值 0.9577, 份额 32802951
2025-12-12 10:12:52,785 - INFO - 20250210交易日 - ETF 159363.SZ: 重新投入 0 元 (权重:0.0000), 净值 1.0773, 份额 0
2025-12-12 10:12:52,786 - INFO - 20250210交易日 - ETF 159869.SZ: 重新投入 41,887,182 元 (权重:0.4000), 净值 1.1793, 份额 35518682
2025-12-12 10:12:52,787 - INFO - 20250207策略，20250210交易日 - 继续持有5只ETF，当日净值: 1.0472，市值: 104,717,955元
2025-12-12 10:12:52,789 - INFO - 20250211交易日 - 无交易，持有5只ETF，当日净值: 1.0430，市值: 104,297,303元
2025-12-12 10:12:52,790 - INFO - 20250212交易日 - 无交易，持有5只ETF，当日净值: 1.0759，市值: 107,591,086元
2025-12-12 10:12:52,792 - INFO - 20250213交易日 - 无交易，持有5只ETF，当日净值: 1.0716，市值: 107,160,900元
2025-12-12 10:12:52,794 - INFO - 20250214交易日 - 无交易，持有5只ETF，当日净值: 1.1261，市值: 112,612,681元
2025-12-12 10:12:52,794 - INFO - 20250217交易日 - 检测到ETF组合变化，重新平衡投资组合
2025-12-12 10:12:52,796 - INFO - 20250217交易日 - ETF 159998.SZ: 重新投入 33,812,926 元 (权重:0.3000), 净值 1.0308, 份额 32802605
2025-12-12 10:12:52,796 - INFO - 20250217交易日 - ETF 560850.SH: 重新投入 0 元 (权重:0.0000), 净值 1.5262, 份额 0
2025-12-12 10:12:52,797 - INFO - 20250217交易日 - ETF 515230.SH: 重新投入 11,270,975 元 (权重:0.1000), 净值 0.9559, 份额 11790956
2025-12-12 10:12:52,797 - INFO - 20250217交易日 - ETF 159852.SZ: 重新投入 22,541,950 元 (权重:0.2000), 净值 0.9404, 份额 23970598
2025-12-12 10:12:52,797 - INFO - 20250217交易日 - ETF 159869.SZ: 重新投入 45,083,901 元 (权重:0.4000), 净值 1.3040, 份额 34573544
2025-12-12 10:12:52,799 - INFO - 20250214策略，20250217交易日 - 继续持有5只ETF，当日净值: 1.1271，市值: 112,709,752元
2025-12-12 10:12:52,800 - INFO - 20250218交易日 - 无交易，持有5只ETF，当日净值: 1.0872，市值: 108,717,670元
2025-12-12 10:12:52,802 - INFO - 20250219交易日 - 无交易，持有5只ETF，当日净值: 1.1126，市值: 111,257,987元
2025-12-12 10:12:52,804 - INFO - 20250220交易日 - 无交易，持有5只ETF，当日净值: 1.1030，市值: 110,297,326元
2025-12-12 10:12:52,805 - INFO - 20250221交易日 - 无交易，持有5只ETF，当日净值: 1.1489，市值: 114,891,205元
2025-12-12 10:12:52,806 - INFO - 20250224交易日 - 检测到ETF组合变化，重新平衡投资组合
2025-12-12 10:12:52,808 - INFO - 20250224交易日 - ETF 562500.SH: 重新投入 11,428,365 元 (权重:0.1000), 净值 1.0071, 份额 11347796
2025-12-12 10:12:52,808 - INFO - 20250224交易日 - ETF 159998.SZ: 重新投入 45,713,460 元 (权重:0.4000), 净值 1.0741, 份额 42559780
2025-12-12 10:12:52,808 - INFO - 20250224交易日 - ETF 562570.SH: 重新投入 22,856,730 元 (权重:0.2000), 净值 1.5455, 份额 14789214
2025-12-12 10:12:52,809 - INFO - 20250224交易日 - ETF 515230.SH: 重新投入 34,285,095 元 (权重:0.3000), 净值 0.9760, 份额 35128171
2025-12-12 10:12:52,809 - INFO - 20250224交易日 - ETF 159530.SZ: 重新投入 0 元 (权重:0.0000), 净值 1.4596, 份额 0
2025-12-12 10:12:52,810 - INFO - 20250221策略，20250224交易日 - 继续持有5只ETF，当日净值: 1.1428，市值: 114,283,650元
2025-12-12 10:12:52,812 - INFO - 20250225交易日 - 无交易，持有5只ETF，当日净值: 1.1228，市值: 112,279,112元
2025-12-12 10:12:52,814 - INFO - 20250226交易日 - 无交易，持有5只ETF，当日净值: 1.1313，市值: 113,128,538元
2025-12-12 10:12:52,815 - INFO - 20250227交易日 - 无交易，持有5只ETF，当日净值: 1.1069，市值: 110,688,687元
2025-12-12 10:12:52,817 - INFO - 20250228交易日 - 无交易，持有5只ETF，当日净值: 1.0454，市值: 104,535,475元
2025-12-12 10:12:52,817 - INFO - 20250303交易日 - 检测到ETF组合变化，重新平衡投资组合
2025-12-12 10:12:52,819 - INFO - 20250303交易日 - ETF 159852.SZ: 重新投入 20,941,142 元 (权重:0.2000), 净值 0.8879, 份额 23585023
2025-12-12 10:12:52,820 - INFO - 20250303交易日 - ETF 560280.SH: 重新投入 41,882,283 元 (权重:0.4000), 净值 1.3327, 份额 31426640
2025-12-12 10:12:52,820 - INFO - 20250303交易日 - ETF 159819.SZ: 重新投入 10,470,571 元 (权重:0.1000), 净值 0.9990, 份额 10481052
2025-12-12 10:12:52,820 - INFO - 20250303交易日 - ETF 515230.SH: 重新投入 31,411,712 元 (权重:0.3000), 净值 0.8964, 份额 35042071
2025-12-12 10:12:52,821 - INFO - 20250303交易日 - ETF 562500.SH: 重新投入 0 元 (权重:0.0000), 净值 0.9327, 份额 0
2025-12-12 10:12:52,822 - INFO - 20250228策略，20250303交易日 - 继续持有5只ETF，当日净值: 1.0471，市值: 104,705,708元
2025-12-12 10:12:52,824 - INFO - 20250304交易日 - 无交易，持有5只ETF，当日净值: 1.0582，市值: 105,821,369元
2025-12-12 10:12:52,825 - INFO - 20250305交易日 - 无交易，持有5只ETF，当日净值: 1.0797，市值: 107,972,014元
2025-12-12 10:12:52,827 - INFO - 20250306交易日 - 无交易，持有5只ETF，当日净值: 1.1174，市值: 111,738,843元
2025-12-12 10:12:52,829 - INFO - 20250307交易日 - 无交易，持有5只ETF，当日净值: 1.1149，市值: 111,492,344元
2025-12-12 10:12:52,829 - INFO - 20250310交易日 - 检测到ETF组合变化，重新平衡投资组合
2025-12-12 10:12:52,831 - INFO - 20250310交易日 - ETF 560280.SH: 重新投入 11,007,499 元 (权重:0.1000), 净值 1.4231, 份额 7734874
2025-12-12 10:12:52,831 - INFO - 20250310交易日 - ETF 515030.SH: 重新投入 33,022,498 元 (权重:0.3000), 净值 1.3483, 份额 24491952
2025-12-12 10:12:52,832 - INFO - 20250310交易日 - ETF 159755.SZ: 重新投入 44,029,998 元 (权重:0.4000), 净值 0.7234, 份额 60865355
2025-12-12 10:12:52,832 - INFO - 20250310交易日 - ETF 515700.SH: 重新投入 22,014,999 元 (权重:0.2000), 净值 1.7886, 份额 12308509
2025-12-12 10:12:52,832 - INFO - 20250310交易日 - ETF 515230.SH: 重新投入 0 元 (权重:0.0000), 净值 0.9306, 份额 0
2025-12-12 10:12:52,834 - INFO - 20250307策略，20250310交易日 - 继续持有5只ETF，当日净值: 1.1007，市值: 110,074,995元
2025-12-12 10:12:52,836 - INFO - 20250311交易日 - 无交易，持有5只ETF，当日净值: 1.1013，市值: 110,127,313元
2025-12-12 10:12:52,837 - INFO - 20250312交易日 - 无交易，持有5只ETF，当日净值: 1.0942，市值: 109,424,037元
2025-12-12 10:12:52,839 - INFO - 20250313交易日 - 无交易，持有5只ETF，当日净值: 1.0843，市值: 108,428,737元
2025-12-12 10:12:52,841 - INFO - 20250314交易日 - 无交易，持有5只ETF，当日净值: 1.1112，市值: 111,121,597元
2025-12-12 10:12:52,841 - INFO - 20250317交易日 - 检测到ETF组合变化，重新平衡投资组合
2025-12-12 10:12:52,843 - INFO - 20250317交易日 - ETF 512670.SH: 重新投入 22,116,364 元 (权重:0.2000), 净值 1.4908, 份额 14835232
2025-12-12 10:12:52,843 - INFO - 20250317交易日 - ETF 562500.SH: 重新投入 11,058,182 元 (权重:0.1000), 净值 0.9734, 份额 11360368
2025-12-12 10:12:52,844 - INFO - 20250317交易日 - ETF 560280.SH: 重新投入 33,174,545 元 (权重:0.3000), 净值 1.3908, 份额 23852851
2025-12-12 10:12:52,844 - INFO - 20250317交易日 - ETF 159530.SZ: 重新投入 0 元 (权重:0.0000), 净值 1.4300, 份额 0
2025-12-12 10:12:52,844 - INFO - 20250317交易日 - ETF 588860.SH: 重新投入 44,232,727 元 (权重:0.4000), 净值 1.2410, 份额 35642810
2025-12-12 10:12:52,846 - INFO - 20250314策略，20250317交易日 - 继续持有5只ETF，当日净值: 1.1058，市值: 110,581,818元
2025-12-12 10:12:52,848 - INFO - 20250318交易日 - 无交易，持有5只ETF，当日净值: 1.1087，市值: 110,869,120元
2025-12-12 10:12:52,849 - INFO - 20250319交易日 - 无交易，持有5只ETF，当日净值: 1.1118，市值: 111,175,167元
2025-12-12 10:12:52,851 - INFO - 20250320交易日 - 无交易，持有5只ETF，当日净值: 1.1073，市值: 110,729,709元
2025-12-12 10:12:52,852 - INFO - 20250321交易日 - 无交易，持有5只ETF，当日净值: 1.0896，市值: 108,964,377元
2025-12-12 10:12:52,853 - INFO - 20250324交易日 - 检测到ETF组合变化，重新平衡投资组合
2025-12-12 10:12:52,855 - INFO - 20250324交易日 - ETF 588860.SH: 重新投入 10,835,112 元 (权重:0.1000), 净值 1.2092, 份额 8960562
2025-12-12 10:12:52,855 - INFO - 20250324交易日 - ETF 512800.SH: 重新投入 43,340,446 元 (权重:0.4000), 净值 1.5321, 份额 28288262
2025-12-12 10:12:52,855 - INFO - 20250324交易日 - ETF 159887.SZ: 重新投入 32,505,335 元 (权重:0.3000), 净值 1.2488, 份额 26029256
2025-12-12 10:12:52,856 - INFO - 20250324交易日 - ETF 159745.SZ: 重新投入 21,670,223 元 (权重:0.2000), 净值 0.5947, 份额 36438916
2025-12-12 10:12:52,856 - INFO - 20250324交易日 - ETF 159652.SZ: 重新投入 0 元 (权重:0.0000), 净值 0.9595, 份额 0
2025-12-12 10:12:52,858 - INFO - 20250321策略，20250324交易日 - 继续持有5只ETF，当日净值: 1.0835，市值: 108,351,116元
2025-12-12 10:12:52,859 - INFO - 20250325交易日 - 无交易，持有5只ETF，当日净值: 1.0866，市值: 108,663,626元
2025-12-12 10:12:52,861 - INFO - 20250326交易日 - 无交易，持有5只ETF，当日净值: 1.0756，市值: 107,559,645元
2025-12-12 10:12:52,863 - INFO - 20250327交易日 - 无交易，持有5只ETF，当日净值: 1.0827，市值: 108,270,080元
2025-12-12 10:12:52,864 - INFO - 20250328交易日 - 无交易，持有5只ETF，当日净值: 1.0793，市值: 107,931,210元
2025-12-12 10:12:52,864 - INFO - 20250331交易日 - 检测到ETF组合变化，重新平衡投资组合
2025-12-12 10:12:52,867 - INFO - 20250331交易日 - ETF 515100.SH: 重新投入 43,142,885 元 (权重:0.4000), 净值 1.8916, 份额 22807615
2025-12-12 10:12:52,867 - INFO - 20250331交易日 - ETF 159930.SZ: 重新投入 21,571,443 元 (权重:0.2000), 净值 1.2654, 份额 17047133
2025-12-12 10:12:52,868 - INFO - 20250331交易日 - ETF 512890.SH: 重新投入 32,357,164 元 (权重:0.3000), 净值 2.2232, 份额 14554320
2025-12-12 10:12:52,868 - INFO - 20250331交易日 - ETF 159745.SZ: 重新投入 0 元 (权重:0.0000), 净值 0.5856, 份额 0
2025-12-12 10:12:52,868 - INFO - 20250331交易日 - ETF 515210.SH: 重新投入 10,785,721 元 (权重:0.1000), 净值 1.4090, 份额 7654877
2025-12-12 10:12:52,870 - INFO - 20250328策略，20250331交易日 - 继续持有5只ETF，当日净值: 1.0786，市值: 107,857,213元
2025-12-12 10:12:52,872 - INFO - 20250401交易日 - 无交易，持有5只ETF，当日净值: 1.0857，市值: 108,569,026元
2025-12-12 10:12:52,874 - INFO - 20250402交易日 - 无交易，持有5只ETF，当日净值: 1.0870，市值: 108,701,271元
2025-12-12 10:12:52,875 - INFO - 20250403交易日 - 无交易，持有5只ETF，当日净值: 1.0893，市值: 108,932,311元
2025-12-12 10:12:52,875 - INFO - 20250407交易日 - 检测到ETF组合变化，重新平衡投资组合
2025-12-12 10:12:52,877 - INFO - 20250407交易日 - ETF 588250.SH: 重新投入 0 元 (权重:0.0000), 净值 0.9361, 份额 0
2025-12-12 10:12:52,878 - INFO - 20250407交易日 - ETF 510720.SH: 重新投入 41,017,838 元 (权重:0.4000), 净值 0.9474, 份额 43295163
2025-12-12 10:12:52,878 - INFO - 20250407交易日 - ETF 159745.SZ: 重新投入 10,254,459 元 (权重:0.1000), 净值 0.5506, 份额 18624154
2025-12-12 10:12:52,878 - INFO - 20250407交易日 - ETF 512890.SH: 重新投入 20,508,919 元 (权重:0.2000), 净值 2.1304, 份额 9626793
2025-12-12 10:12:52,879 - INFO - 20250407交易日 - ETF 510880.SH: 重新投入 30,763,378 元 (权重:0.3000), 净值 2.8544, 份额 10777529
2025-12-12 10:12:52,880 - INFO - 20250403策略，20250407交易日 - 继续持有5只ETF，当日净值: 1.0254，市值: 102,544,594元
2025-12-12 10:12:52,882 - INFO - 20250408交易日 - 无交易，持有5只ETF，当日净值: 1.0493，市值: 104,930,151元
2025-12-12 10:12:52,884 - INFO - 20250409交易日 - 无交易，持有5只ETF，当日净值: 1.0518，市值: 105,176,393元
2025-12-12 10:12:52,885 - INFO - 20250410交易日 - 无交易，持有5只ETF，当日净值: 1.0573，市值: 105,729,850元
2025-12-12 10:12:52,887 - INFO - 20250411交易日 - 无交易，持有5只ETF，当日净值: 1.0514，市值: 105,144,986元
2025-12-12 10:12:52,887 - INFO - 20250414交易日 - 检测到ETF组合变化，重新平衡投资组合
2025-12-12 10:12:52,889 - INFO - 20250414交易日 - ETF 159692.SZ: 重新投入 21,206,313 元 (权重:0.2000), 净值 1.1275, 份额 18808260
2025-12-12 10:12:52,890 - INFO - 20250414交易日 - ETF 512880.SH: 重新投入 31,809,470 元 (权重:0.3000), 净值 1.0308, 份额 30859012
2025-12-12 10:12:52,890 - INFO - 20250414交易日 - ETF 516970.SH: 重新投入 10,603,157 元 (权重:0.1000), 净值 1.0359, 份额 10235695
2025-12-12 10:12:52,890 - INFO - 20250414交易日 - ETF 563180.SH: 重新投入 0 元 (权重:0.0000), 净值 1.0293, 份额 0
2025-12-12 10:12:52,891 - INFO - 20250414交易日 - ETF 159993.SZ: 重新投入 42,412,626 元 (权重:0.4000), 净值 1.0971, 份额 38658852
2025-12-12 10:12:52,892 - INFO - 20250411策略，20250414交易日 - 继续持有5只ETF，当日净值: 1.0603，市值: 106,031,565元
2025-12-12 10:12:52,894 - INFO - 20250415交易日 - 无交易，持有5只ETF，当日净值: 1.0575，市值: 105,745,458元
2025-12-12 10:12:52,896 - INFO - 20250416交易日 - 无交易，持有5只ETF，当日净值: 1.0571，市值: 105,710,180元
2025-12-12 10:12:52,897 - INFO - 20250417交易日 - 无交易，持有5只ETF，当日净值: 1.0565，市值: 105,649,509元
2025-12-12 10:12:52,899 - INFO - 20250418交易日 - 无交易，持有5只ETF，当日净值: 1.0618，市值: 106,183,354元
2025-12-12 10:12:52,899 - INFO - 20250421交易日 - 检测到ETF组合变化，重新平衡投资组合
2025-12-12 10:12:52,901 - INFO - 20250421交易日 - ETF 159736.SZ: 重新投入 0 元 (权重:0.0000), 净值 0.7286, 份额 0
2025-12-12 10:12:52,902 - INFO - 20250421交易日 - ETF 159993.SZ: 重新投入 42,672,069 元 (权重:0.4000), 净值 1.1041, 份额 38648736
2025-12-12 10:12:52,902 - INFO - 20250421交易日 - ETF 159692.SZ: 重新投入 32,004,052 元 (权重:0.3000), 净值 1.1353, 份额 28189951
2025-12-12 10:12:52,902 - INFO - 20250421交易日 - ETF 159887.SZ: 重新投入 10,668,017 元 (权重:0.1000), 净值 1.2454, 份额 8565936
2025-12-12 10:12:52,903 - INFO - 20250421交易日 - ETF 159930.SZ: 重新投入 21,336,034 元 (权重:0.2000), 净值 1.2363, 份额 17257975
2025-12-12 10:12:52,904 - INFO - 20250418策略，20250421交易日 - 继续持有5只ETF，当日净值: 1.0668，市值: 106,680,172元
2025-12-12 10:12:52,906 - INFO - 20250422交易日 - 无交易，持有5只ETF，当日净值: 1.0663，市值: 106,630,590元
2025-12-12 10:12:52,908 - INFO - 20250423交易日 - 无交易，持有5只ETF，当日净值: 1.0674，市值: 106,736,223元
2025-12-12 10:12:52,909 - INFO - 20250424交易日 - 无交易，持有5只ETF，当日净值: 1.0666，市值: 106,662,378元
2025-12-12 10:12:52,911 - INFO - 20250425交易日 - 无交易，持有5只ETF，当日净值: 1.0708，市值: 107,076,488元
2025-12-12 10:12:52,911 - INFO - 20250428交易日 - 检测到ETF组合变化，重新平衡投资组合
2025-12-12 10:12:52,913 - INFO - 20250428交易日 - ETF 159993.SZ: 重新投入 42,658,247 元 (权重:0.4000), 净值 1.1014, 份额 38730931
2025-12-12 10:12:52,914 - INFO - 20250428交易日 - ETF 512880.SH: 重新投入 31,993,685 元 (权重:0.3000), 净值 1.0325, 份额 30986620
2025-12-12 10:12:52,914 - INFO - 20250428交易日 - ETF 512070.SH: 重新投入 0 元 (权重:0.0000), 净值 2.2092, 份额 0
2025-12-12 10:12:52,914 - INFO - 20250428交易日 - ETF 515630.SH: 重新投入 10,664,562 元 (权重:0.1000), 净值 1.1880, 份额 8976904
2025-12-12 10:12:52,915 - INFO - 20250428交易日 - ETF 159692.SZ: 重新投入 21,329,124 元 (权重:0.2000), 净值 1.1340, 份额 18808751
2025-12-12 10:12:52,916 - INFO - 20250425策略，20250428交易日 - 继续持有5只ETF，当日净值: 1.0665，市值: 106,645,618元
2025-12-12 10:12:52,918 - INFO - 20250429交易日 - 无交易，持有5只ETF，当日净值: 1.0627，市值: 106,268,639元
2025-12-12 10:12:52,920 - INFO - 20250430交易日 - 无交易，持有5只ETF，当日净值: 1.0658，市值: 106,584,334元
2025-12-12 10:12:52,920 - INFO - 20250506交易日 - 检测到ETF组合变化，重新平衡投资组合
2025-12-12 10:12:52,922 - INFO - 20250506交易日 - ETF 159887.SZ: 重新投入 0 元 (权重:0.0000), 净值 1.2362, 份额 0
2025-12-12 10:12:52,922 - INFO - 20250506交易日 - ETF 512800.SH: 重新投入 10,794,006 元 (权重:0.1000), 净值 1.5183, 份额 7109271
2025-12-12 10:12:52,922 - INFO - 20250506交易日 - ETF 512070.SH: 重新投入 21,588,012 元 (权重:0.2000), 净值 2.2215, 份额 9717764
2025-12-12 10:12:52,923 - INFO - 20250506交易日 - ETF 159993.SZ: 重新投入 43,176,024 元 (权重:0.4000), 净值 1.1135, 份额 38775056
2025-12-12 10:12:52,923 - INFO - 20250506交易日 - ETF 159692.SZ: 重新投入 32,382,018 元 (权重:0.3000), 净值 1.1478, 份额 28212248
2025-12-12 10:12:52,925 - INFO - 20250430策略，20250506交易日 - 继续持有5只ETF，当日净值: 1.0794，市值: 107,940,061元
2025-12-12 10:12:52,926 - INFO - 20250507交易日 - 无交易，持有5只ETF，当日净值: 1.0882，市值: 108,816,865元
2025-12-12 10:12:52,928 - INFO - 20250508交易日 - 无交易，持有5只ETF，当日净值: 1.0933，市值: 109,325,706元
2025-12-12 10:12:52,930 - INFO - 20250509交易日 - 无交易，持有5只ETF，当日净值: 1.0853，市值: 108,533,149元
2025-12-12 10:12:52,930 - INFO - 20250512交易日 - 检测到ETF组合变化，重新平衡投资组合
2025-12-12 10:12:52,932 - INFO - 20250512交易日 - ETF 159869.SZ: 重新投入 22,155,244 元 (权重:0.2000), 净值 1.1078, 份额 19999318
2025-12-12 10:12:52,933 - INFO - 20250512交易日 - ETF 510230.SH: 重新投入 33,232,866 元 (权重:0.3000), 净值 2.2055, 份额 15068178
2025-12-12 10:12:52,933 - INFO - 20250512交易日 - ETF 159207.SZ: 重新投入 44,310,489 元 (权重:0.4000), 净值 1.0234, 份额 43297331
2025-12-12 10:12:52,933 - INFO - 20250512交易日 - ETF 512800.SH: 重新投入 11,077,622 元 (权重:0.1000), 净值 1.5815, 份额 7004503
2025-12-12 10:12:52,933 - INFO - 20250512交易日 - ETF 159887.SZ: 重新投入 0 元 (权重:0.0000), 净值 1.2880, 份额 0
2025-12-12 10:12:52,935 - INFO - 20250509策略，20250512交易日 - 继续持有5只ETF，当日净值: 1.1078，市值: 110,776,221元
2025-12-12 10:12:52,937 - INFO - 20250513交易日 - 无交易，持有5只ETF，当日净值: 1.1129，市值: 111,294,430元
2025-12-12 10:12:52,939 - INFO - 20250514交易日 - 无交易，持有5只ETF，当日净值: 1.1221，市值: 112,207,385元
2025-12-12 10:12:52,940 - INFO - 20250515交易日 - 无交易，持有5只ETF，当日净值: 1.1126，市值: 111,259,762元
2025-12-12 10:12:52,942 - INFO - 20250516交易日 - 无交易，持有5只ETF，当日净值: 1.1074，市值: 110,735,960元
2025-12-12 10:12:52,942 - INFO - 20250519交易日 - 检测到ETF组合变化，重新平衡投资组合
2025-12-12 10:12:52,944 - INFO - 20250519交易日 - ETF 512800.SH: 重新投入 11,087,320 元 (权重:0.1000), 净值 1.5961, 份额 6946507
2025-12-12 10:12:52,945 - INFO - 20250519交易日 - ETF 159887.SZ: 重新投入 0 元 (权重:0.0000), 净值 1.2994, 份额 0
2025-12-12 10:12:52,945 - INFO - 20250519交易日 - ETF 512530.SH: 重新投入 22,174,640 元 (权重:0.2000), 净值 1.4981, 份额 14801843
2025-12-12 10:12:52,945 - INFO - 20250519交易日 - ETF 159207.SZ: 重新投入 44,349,281 元 (权重:0.4000), 净值 1.0332, 份额 42924197
2025-12-12 10:12:52,946 - INFO - 20250519交易日 - ETF 510230.SH: 重新投入 33,261,961 元 (权重:0.3000), 净值 2.2184, 份额 14993671
2025-12-12 10:12:52,947 - INFO - 20250516策略，20250519交易日 - 继续持有5只ETF，当日净值: 1.1087，市值: 110,873,202元
2025-12-12 10:12:52,949 - INFO - 20250520交易日 - 无交易，持有5只ETF，当日净值: 1.1122，市值: 111,220,314元
2025-12-12 10:12:52,951 - INFO - 20250521交易日 - 无交易，持有5只ETF，当日净值: 1.1204，市值: 112,044,533元
2025-12-12 10:12:52,951 - INFO - 20250522交易日 - 检测到ETF组合变化，重新平衡投资组合
2025-12-12 10:12:52,953 - INFO - 20250522交易日 - ETF 512800.SH: 重新投入 33,661,745 元 (权重:0.3000), 净值 1.6260, 份额 20702180
2025-12-12 10:12:52,954 - INFO - 20250522交易日 - ETF 159790.SZ: 重新投入 11,220,582 元 (权重:0.1000), 净值 0.5594, 份额 20058244
2025-12-12 10:12:52,954 - INFO - 20250522交易日 - ETF 159887.SZ: 重新投入 22,441,163 元 (权重:0.2000), 净值 1.3227, 份额 16966178
2025-12-12 10:12:52,954 - INFO - 20250522交易日 - ETF 159207.SZ: 重新投入 44,882,327 元 (权重:0.4000), 净值 1.0448, 份额 42957817
2025-12-12 10:12:52,955 - INFO - 20250522交易日 - ETF 159758.SZ: 重新投入 0 元 (权重:0.0000), 净值 0.9204, 份额 0
2025-12-12 10:12:52,956 - INFO - 20250521策略，20250522交易日 - 继续持有5只ETF，当日净值: 1.1221，市值: 112,205,817元
2025-12-12 10:12:52,958 - INFO - 20250523交易日 - 无交易，持有5只ETF，当日净值: 1.1129，市值: 111,291,929元
2025-12-12 10:12:52,960 - INFO - 20250526交易日 - 无交易，持有5只ETF，当日净值: 1.1072，市值: 110,724,084元
2025-12-12 10:12:52,961 - INFO - 20250527交易日 - 无交易，持有5只ETF，当日净值: 1.1088，市值: 110,881,885元
2025-12-12 10:12:52,963 - INFO - 20250528交易日 - 无交易，持有5只ETF，当日净值: 1.1121，市值: 111,205,267元
2025-12-12 10:12:52,965 - INFO - 20250529交易日 - 无交易，持有5只ETF，当日净值: 1.1115，市值: 111,154,823元
2025-12-12 10:12:52,967 - INFO - 20250530交易日 - 无交易，持有5只ETF，当日净值: 1.1125，市值: 111,251,115元
2025-12-12 10:12:52,967 - INFO - 20250603交易日 - 检测到ETF组合变化，重新平衡投资组合
2025-12-12 10:12:52,969 - INFO - 20250603交易日 - ETF 512800.SH: 重新投入 22,504,063 元 (权重:0.2000), 净值 1.6427, 份额 13699435
2025-12-12 10:12:52,969 - INFO - 20250603交易日 - ETF 512890.SH: 重新投入 33,756,094 元 (权重:0.3000), 净值 2.3368, 份额 14445436
2025-12-12 10:12:52,970 - INFO - 20250603交易日 - ETF 159887.SZ: 重新投入 11,252,031 元 (权重:0.1000), 净值 1.3336, 份额 8437336
2025-12-12 10:12:52,970 - INFO - 20250603交易日 - ETF 159996.SZ: 重新投入 0 元 (权重:0.0000), 净值 1.3176, 份额 0
2025-12-12 10:12:52,970 - INFO - 20250603交易日 - ETF 159207.SZ: 重新投入 45,008,125 元 (权重:0.4000), 净值 1.0492, 份额 42897565
2025-12-12 10:12:52,972 - INFO - 20250530策略，20250603交易日 - 继续持有5只ETF，当日净值: 1.1252，市值: 112,520,313元
2025-12-12 10:12:52,972 - INFO - 20250604交易日 - 检测到ETF组合变化，重新平衡投资组合
2025-12-12 10:12:52,975 - INFO - 20250604交易日 - ETF 512800.SH: 重新投入 11,294,927 元 (权重:0.1000), 净值 1.6436, 份额 6872066
2025-12-12 10:12:52,975 - INFO - 20250604交易日 - ETF 515100.SH: 重新投入 45,179,707 元 (权重:0.4000), 净值 1.9264, 份额 23452921
2025-12-12 10:12:52,975 - INFO - 20250604交易日 - ETF 159207.SZ: 重新投入 33,884,781 元 (权重:0.3000), 净值 1.0555, 份额 32103061
2025-12-12 10:12:52,975 - INFO - 20250604交易日 - ETF 159887.SZ: 重新投入 0 元 (权重:0.0000), 净值 1.3328, 份额 0
2025-12-12 10:12:52,976 - INFO - 20250604交易日 - ETF 512890.SH: 重新投入 22,589,854 元 (权重:0.2000), 净值 2.3474, 份额 9623351
2025-12-12 10:12:52,978 - INFO - 20250603策略，20250604交易日 - 继续持有5只ETF，当日净值: 1.1295，市值: 112,949,269元
2025-12-12 10:12:52,979 - INFO - 20250605交易日 - 无交易，持有5只ETF，当日净值: 1.1226，市值: 112,259,963元
2025-12-12 10:12:52,981 - INFO - 20250606交易日 - 无交易，持有5只ETF，当日净值: 1.1242，市值: 112,415,411元
2025-12-12 10:12:52,983 - INFO - 20250609交易日 - 无交易，持有5只ETF，当日净值: 1.1272，市值: 112,718,863元
2025-12-12 10:12:52,985 - INFO - 20250610交易日 - 无交易，持有5只ETF，当日净值: 1.1283，市值: 112,830,323元
2025-12-12 10:12:52,986 - INFO - 20250611交易日 - 无交易，持有5只ETF，当日净值: 1.1312，市值: 113,115,366元
2025-12-12 10:12:52,988 - INFO - 20250612交易日 - 无交易，持有5只ETF，当日净值: 1.1324，市值: 113,237,739元
2025-12-12 10:12:52,990 - INFO - 20250613交易日 - 无交易，持有5只ETF，当日净值: 1.1238，市值: 112,380,078元
2025-12-12 10:12:52,990 - INFO - 20250616交易日 - 检测到ETF组合变化，重新平衡投资组合
2025-12-12 10:12:52,993 - INFO - 20250616交易日 - ETF 512800.SH: 重新投入 11,261,119 元 (权重:0.1000), 净值 1.6698, 份额 6743993
2025-12-12 10:12:52,993 - INFO - 20250616交易日 - ETF 510230.SH: 重新投入 33,783,356 元 (权重:0.3000), 净值 2.2908, 份额 14747405
2025-12-12 10:12:52,993 - INFO - 20250616交易日 - ETF 560860.SH: 重新投入 22,522,238 元 (权重:0.2000), 净值 0.8676, 份额 25959241
2025-12-12 10:12:52,993 - INFO - 20250616交易日 - ETF 159887.SZ: 重新投入 0 元 (权重:0.0000), 净值 1.3568, 份额 0
2025-12-12 10:12:52,994 - INFO - 20250616交易日 - ETF 515630.SH: 重新投入 45,044,475 元 (权重:0.4000), 净值 1.2679, 份额 35526836
2025-12-12 10:12:52,995 - INFO - 20250613策略，20250616交易日 - 继续持有5只ETF，当日净值: 1.1261，市值: 112,611,188元
2025-12-12 10:12:52,997 - INFO - 20250617交易日 - 无交易，持有5只ETF，当日净值: 1.1265，市值: 112,647,819元
2025-12-12 10:12:52,999 - INFO - 20250618交易日 - 无交易，持有5只ETF，当日净值: 1.1219，市值: 112,187,876元
2025-12-12 10:12:53,001 - INFO - 20250619交易日 - 无交易，持有5只ETF，当日净值: 1.1085，市值: 110,850,988元
2025-12-12 10:12:53,003 - INFO - 20250620交易日 - 无交易，持有5只ETF，当日净值: 1.1149，市值: 111,485,574元
2025-12-12 10:12:53,003 - INFO - 20250623交易日 - 检测到ETF组合变化，重新平衡投资组合
2025-12-12 10:12:53,005 - INFO - 20250623交易日 - ETF 515630.SH: 重新投入 33,762,148 元 (权重:0.3000), 净值 1.2526, 份额 26953654
2025-12-12 10:12:53,005 - INFO - 20250623交易日 - ETF 512800.SH: 重新投入 11,254,049 元 (权重:0.1000), 净值 1.7200, 份额 6543052
2025-12-12 10:12:53,006 - INFO - 20250623交易日 - ETF 159887.SZ: 重新投入 0 元 (权重:0.0000), 净值 1.3983, 份额 0
2025-12-12 10:12:53,006 - INFO - 20250623交易日 - ETF 560860.SH: 重新投入 22,508,098 元 (权重:0.2000), 净值 0.8513, 份额 26439679
2025-12-12 10:12:53,006 - INFO - 20250623交易日 - ETF 512880.SH: 重新投入 45,016,197 元 (权重:0.4000), 净值 1.0715, 份额 42012316
2025-12-12 10:12:53,008 - INFO - 20250620策略，20250623交易日 - 继续持有5只ETF，当日净值: 1.1254，市值: 112,540,492元
2025-12-12 10:12:53,010 - INFO - 20250624交易日 - 无交易，持有5只ETF，当日净值: 1.1481，市值: 114,812,976元
2025-12-12 10:12:53,012 - INFO - 20250625交易日 - 无交易，持有5只ETF，当日净值: 1.1915，市值: 119,147,717元
2025-12-12 10:12:53,013 - INFO - 20250626交易日 - 无交易，持有5只ETF，当日净值: 1.1801，市值: 118,010,913元
2025-12-12 10:12:53,015 - INFO - 20250627交易日 - 无交易，持有5只ETF，当日净值: 1.1809，市值: 118,086,263元
2025-12-12 10:12:53,016 - INFO - 20250630交易日 - 检测到ETF组合变化，重新平衡投资组合
2025-12-12 10:12:53,018 - INFO - 20250630交易日 - ETF 159869.SZ: 重新投入 47,140,126 元 (权重:0.4000), 净值 1.2788, 份额 36862782
2025-12-12 10:12:53,019 - INFO - 20250630交易日 - ETF 159887.SZ: 重新投入 11,785,031 元 (权重:0.1000), 净值 1.3893, 份额 8482712
2025-12-12 10:12:53,019 - INFO - 20250630交易日 - ETF 159652.SZ: 重新投入 35,355,094 元 (权重:0.3000), 净值 0.9822, 份额 35995820
2025-12-12 10:12:53,019 - INFO - 20250630交易日 - ETF 159852.SZ: 重新投入 23,570,063 元 (权重:0.2000), 净值 0.8104, 份额 29084480
2025-12-12 10:12:53,020 - INFO - 20250630交易日 - ETF 159363.SZ: 重新投入 0 元 (权重:0.0000), 净值 1.0704, 份额 0
2025-12-12 10:12:53,022 - INFO - 20250627策略，20250630交易日 - 继续持有5只ETF，当日净值: 1.1785，市值: 117,850,314元
2025-12-12 10:12:53,024 - INFO - 20250701交易日 - 无交易，持有5只ETF，当日净值: 1.1840，市值: 118,398,509元
2025-12-12 10:12:53,025 - INFO - 20250702交易日 - 无交易，持有5只ETF，当日净值: 1.1785，市值: 117,850,120元
2025-12-12 10:12:53,027 - INFO - 20250703交易日 - 无交易，持有5只ETF，当日净值: 1.1801，市值: 118,013,803元
2025-12-12 10:12:53,029 - INFO - 20250704交易日 - 无交易，持有5只ETF，当日净值: 1.1881，市值: 118,813,409元
2025-12-12 10:12:53,029 - INFO - 20250707交易日 - 检测到ETF组合变化，重新平衡投资组合
2025-12-12 10:12:53,032 - INFO - 20250707交易日 - ETF 159887.SZ: 重新投入 35,337,834 元 (权重:0.3000), 净值 1.4525, 份额 24328974
2025-12-12 10:12:53,032 - INFO - 20250707交易日 - ETF 515880.SH: 重新投入 0 元 (权重:0.0000), 净值 1.4203, 份额 0
2025-12-12 10:12:53,032 - INFO - 20250707交易日 - ETF 159652.SZ: 重新投入 11,779,278 元 (权重:0.1000), 净值 0.9867, 份额 11938054
2025-12-12 10:12:53,033 - INFO - 20250707交易日 - ETF 560860.SH: 重新投入 23,558,556 元 (权重:0.2000), 净值 0.8957, 份额 26301838
2025-12-12 10:12:53,033 - INFO - 20250707交易日 - ETF 512800.SH: 重新投入 47,117,113 元 (权重:0.4000), 净值 1.7850, 份额 26396141
2025-12-12 10:12:53,034 - INFO - 20250704策略，20250707交易日 - 继续持有5只ETF，当日净值: 1.1779，市值: 117,792,781元
2025-12-12 10:12:53,036 - INFO - 20250708交易日 - 无交易，持有5只ETF，当日净值: 1.1793，市值: 117,929,613元
2025-12-12 10:12:53,038 - INFO - 20250709交易日 - 无交易，持有5只ETF，当日净值: 1.1749，市值: 117,488,491元
2025-12-12 10:12:53,040 - INFO - 20250710交易日 - 无交易，持有5只ETF，当日净值: 1.1907，市值: 119,073,518元
2025-12-12 10:12:53,042 - INFO - 20250711交易日 - 无交易，持有5只ETF，当日净值: 1.1848，市值: 118,475,805元
2025-12-12 10:12:53,042 - INFO - 20250714交易日 - 检测到ETF组合变化，重新平衡投资组合
2025-12-12 10:12:53,044 - INFO - 20250714交易日 - ETF 515100.SH: 重新投入 35,721,349 元 (权重:0.3000), 净值 1.9822, 份额 18021062
2025-12-12 10:12:53,045 - INFO - 20250714交易日 - ETF 561580.SH: 重新投入 47,628,465 元 (权重:0.4000), 净值 1.2797, 份额 37218462
2025-12-12 10:12:53,045 - INFO - 20250714交易日 - ETF 512800.SH: 重新投入 0 元 (权重:0.0000), 净值 1.7868, 份额 0
2025-12-12 10:12:53,045 - INFO - 20250714交易日 - ETF 515880.SH: 重新投入 23,814,233 元 (权重:0.2000), 净值 1.4822, 份额 16066815
2025-12-12 10:12:53,046 - INFO - 20250714交易日 - ETF 159887.SZ: 重新投入 11,907,116 元 (权重:0.1000), 净值 1.4533, 份额 8193158
2025-12-12 10:12:53,047 - INFO - 20250711策略，20250714交易日 - 继续持有5只ETF，当日净值: 1.1907，市值: 119,071,163元
2025-12-12 10:12:53,049 - INFO - 20250715交易日 - 无交易，持有5只ETF，当日净值: 1.1982，市值: 119,824,796元
2025-12-12 10:12:53,051 - INFO - 20250716交易日 - 无交易，持有5只ETF，当日净值: 1.1969，市值: 119,685,840元
2025-12-12 10:12:53,053 - INFO - 20250717交易日 - 无交易，持有5只ETF，当日净值: 1.2057，市值: 120,569,776元
2025-12-12 10:12:53,053 - INFO - 20250718交易日 - 检测到ETF组合变化，重新平衡投资组合
2025-12-12 10:12:53,055 - INFO - 20250718交易日 - ETF 515100.SH: 重新投入 48,391,372 元 (权重:0.4000), 净值 1.9738, 份额 24516857
2025-12-12 10:12:53,056 - INFO - 20250718交易日 - ETF 512800.SH: 重新投入 0 元 (权重:0.0000), 净值 1.7672, 份额 0
2025-12-12 10:12:53,056 - INFO - 20250718交易日 - ETF 159887.SZ: 重新投入 12,097,843 元 (权重:0.1000), 净值 1.4375, 份额 8415891
2025-12-12 10:12:53,056 - INFO - 20250718交易日 - ETF 561580.SH: 重新投入 36,293,529 元 (权重:0.3000), 净值 1.2765, 份额 28432063
2025-12-12 10:12:53,057 - INFO - 20250718交易日 - ETF 512890.SH: 重新投入 24,195,686 元 (权重:0.2000), 净值 2.4268, 份额 9970202
2025-12-12 10:12:53,058 - INFO - 20250717策略，20250718交易日 - 继续持有5只ETF，当日净值: 1.2098，市值: 120,978,430元
2025-12-12 10:12:53,060 - INFO - 20250721交易日 - 无交易，持有5只ETF，当日净值: 1.2175，市值: 121,751,338元
2025-12-12 10:12:53,062 - INFO - 20250722交易日 - 无交易，持有5只ETF，当日净值: 1.2274，市值: 122,736,664元
2025-12-12 10:12:53,064 - INFO - 20250723交易日 - 无交易，持有5只ETF，当日净值: 1.2245，市值: 122,454,989元
2025-12-12 10:12:53,066 - INFO - 20250724交易日 - 无交易，持有5只ETF，当日净值: 1.2226，市值: 122,259,341元
2025-12-12 10:12:53,067 - INFO - 20250725交易日 - 无交易，持有5只ETF，当日净值: 1.2153，市值: 121,528,805元
2025-12-12 10:12:53,068 - INFO - 20250728交易日 - 检测到ETF组合变化，重新平衡投资组合
2025-12-12 10:12:53,070 - INFO - 20250728交易日 - ETF 159263.SZ: 重新投入 48,389,686 元 (权重:0.4000), 净值 1.0199, 份额 47445521
2025-12-12 10:12:53,070 - INFO - 20250728交易日 - ETF 560860.SH: 重新投入 12,097,422 元 (权重:0.1000), 净值 1.0401, 份额 11631018
2025-12-12 10:12:53,071 - INFO - 20250728交易日 - ETF 563390.SH: 重新投入 36,292,265 元 (权重:0.3000), 净值 1.1035, 份额 32888323
2025-12-12 10:12:53,071 - INFO - 20250728交易日 - ETF 588700.SH: 重新投入 0 元 (权重:0.0000), 净值 1.1759, 份额 0
2025-12-12 10:12:53,071 - INFO - 20250728交易日 - ETF 515210.SH: 重新投入 24,194,843 元 (权重:0.2000), 净值 1.5674, 份额 15436291
2025-12-12 10:12:53,073 - INFO - 20250725策略，20250728交易日 - 继续持有5只ETF，当日净值: 1.2097，市值: 120,974,216元
2025-12-12 10:12:53,075 - INFO - 20250729交易日 - 无交易，持有5只ETF，当日净值: 1.2132，市值: 121,324,713元
2025-12-12 10:12:53,077 - INFO - 20250730交易日 - 无交易，持有5只ETF，当日净值: 1.2211，市值: 122,106,748元
2025-12-12 10:12:53,079 - INFO - 20250731交易日 - 无交易，持有5只ETF，当日净值: 1.1896，市值: 118,958,702元
2025-12-12 10:12:53,081 - INFO - 20250801交易日 - 无交易，持有5只ETF，当日净值: 1.1865，市值: 118,652,557元
2025-12-12 10:12:53,081 - INFO - 20250804交易日 - 检测到ETF组合变化，重新平衡投资组合
2025-12-12 10:12:53,083 - INFO - 20250804交易日 - ETF 588170.SH: 重新投入 35,749,193 元 (权重:0.3000), 净值 1.0633, 份额 33620984
2025-12-12 10:12:53,083 - INFO - 20250804交易日 - ETF 159516.SZ: 重新投入 11,916,398 元 (权重:0.1000), 净值 1.0826, 份额 11007203
2025-12-12 10:12:53,084 - INFO - 20250804交易日 - ETF 588910.SH: 重新投入 47,665,590 元 (权重:0.4000), 净值 1.0934, 份额 43593918
2025-12-12 10:12:53,084 - INFO - 20250804交易日 - ETF 588010.SH: 重新投入 23,832,795 元 (权重:0.2000), 净值 0.6674, 份额 35709912
2025-12-12 10:12:53,084 - INFO - 20250804交易日 - ETF 561980.SH: 重新投入 0 元 (权重:0.0000), 净值 1.3556, 份额 0
2025-12-12 10:12:53,086 - INFO - 20250801策略，20250804交易日 - 继续持有5只ETF，当日净值: 1.1916，市值: 119,163,975元
2025-12-12 10:12:53,088 - INFO - 20250805交易日 - 无交易，持有5只ETF，当日净值: 1.1972，市值: 119,724,832元
2025-12-12 10:12:53,090 - INFO - 20250806交易日 - 无交易，持有5只ETF，当日净值: 1.2088，市值: 120,882,946元
2025-12-12 10:12:53,092 - INFO - 20250807交易日 - 无交易，持有5只ETF，当日净值: 1.2044，市值: 120,438,348元
2025-12-12 10:12:53,093 - INFO - 20250808交易日 - 无交易，持有5只ETF，当日净值: 1.1952，市值: 119,516,178元
2025-12-12 10:12:53,094 - INFO - 20250811交易日 - 检测到ETF组合变化，重新平衡投资组合
2025-12-12 10:12:53,096 - INFO - 20250811交易日 - ETF 588230.SH: 重新投入 12,115,169 元 (权重:0.1000), 净值 1.3412, 份额 9033082
2025-12-12 10:12:53,096 - INFO - 20250811交易日 - ETF 588170.SH: 重新投入 24,230,338 元 (权重:0.2000), 净值 1.0590, 份额 22880395
2025-12-12 10:12:53,097 - INFO - 20250811交易日 - ETF 588010.SH: 重新投入 36,345,507 元 (权重:0.3000), 净值 0.6845, 份额 53097892
2025-12-12 10:12:53,097 - INFO - 20250811交易日 - ETF 561580.SH: 重新投入 48,460,676 元 (权重:0.4000), 净值 1.2885, 份额 37610148
2025-12-12 10:12:53,097 - INFO - 20250811交易日 - ETF 515880.SH: 重新投入 0 元 (权重:0.0000), 净值 1.7997, 份额 0
2025-12-12 10:12:53,099 - INFO - 20250808策略，20250811交易日 - 继续持有5只ETF，当日净值: 1.2115，市值: 121,151,689元
2025-12-12 10:12:53,101 - INFO - 20250812交易日 - 无交易，持有5只ETF，当日净值: 1.2153，市值: 121,533,207元
2025-12-12 10:12:53,103 - INFO - 20250813交易日 - 无交易，持有5只ETF，当日净值: 1.2326，市值: 123,255,427元
2025-12-12 10:12:53,105 - INFO - 20250814交易日 - 无交易，持有5只ETF，当日净值: 1.2148，市值: 121,480,120元
2025-12-12 10:12:53,105 - INFO - 20250815交易日 - 检测到ETF组合变化，重新平衡投资组合
2025-12-12 10:12:53,107 - INFO - 20250815交易日 - ETF 159768.SZ: 重新投入 30,959,101 元 (权重:0.2500), 净值 0.5940, 份额 52119699
2025-12-12 10:12:53,108 - INFO - 20250815交易日 - ETF 515880.SH: 重新投入 0 元 (权重:0.0000), 净值 1.9499, 份额 0
2025-12-12 10:12:53,108 - INFO - 20250815交易日 - ETF 159707.SZ: 重新投入 30,959,101 元 (权重:0.2500), 净值 0.6605, 份额 46872220
2025-12-12 10:12:53,108 - INFO - 20250815交易日 - ETF 515210.SH: 重新投入 49,534,562 元 (权重:0.4000), 净值 1.5616, 份额 31720391
2025-12-12 10:12:53,109 - INFO - 20250815交易日 - ETF 159583.SZ: 重新投入 12,383,641 元 (权重:0.1000), 净值 1.6092, 份额 7695526
2025-12-12 10:12:53,110 - INFO - 20250814策略，20250815交易日 - 继续持有5只ETF，当日净值: 1.2384，市值: 123,836,405元
2025-12-12 10:12:53,112 - INFO - 20250818交易日 - 无交易，持有5只ETF，当日净值: 1.2420，市值: 124,202,591元
2025-12-12 10:12:53,114 - INFO - 20250819交易日 - 无交易，持有5只ETF，当日净值: 1.2498，市值: 124,981,221元
2025-12-12 10:12:53,116 - INFO - 20250820交易日 - 无交易，持有5只ETF，当日净值: 1.2505，市值: 125,051,535元
2025-12-12 10:12:53,118 - INFO - 20250821交易日 - 无交易，持有5只ETF，当日净值: 1.2473，市值: 124,728,279元
2025-12-12 10:12:53,120 - INFO - 20250822交易日 - 无交易，持有5只ETF，当日净值: 1.2558，市值: 125,579,578元
2025-12-12 10:12:53,121 - INFO - 20250825交易日 - 检测到ETF组合变化，重新平衡投资组合
2025-12-12 10:12:53,123 - INFO - 20250825交易日 - ETF 159583.SZ: 重新投入 25,983,282 元 (权重:0.2000), 净值 1.9279, 份额 13477505
2025-12-12 10:12:53,123 - INFO - 20250825交易日 - ETF 515880.SH: 重新投入 12,991,641 元 (权重:0.1000), 净值 2.3082, 份额 5628473
2025-12-12 10:12:53,123 - INFO - 20250825交易日 - ETF 159566.SZ: 重新投入 51,966,563 元 (权重:0.4000), 净值 1.6668, 份额 31177444
2025-12-12 10:12:53,124 - INFO - 20250825交易日 - ETF 515050.SH: 重新投入 38,974,922 元 (权重:0.3000), 净值 1.7557, 份额 22199079
2025-12-12 10:12:53,124 - INFO - 20250825交易日 - ETF 515980.SH: 重新投入 0 元 (权重:0.0000), 净值 1.5557, 份额 0
2025-12-12 10:12:53,126 - INFO - 20250822策略，20250825交易日 - 继续持有5只ETF，当日净值: 1.2992，市值: 129,916,408元
2025-12-12 10:12:53,128 - INFO - 20250826交易日 - 无交易，持有5只ETF，当日净值: 1.2912，市值: 129,115,419元
2025-12-12 10:12:53,129 - INFO - 20250827交易日 - 无交易，持有5只ETF，当日净值: 1.3026，市值: 130,260,336元
2025-12-12 10:12:53,131 - INFO - 20250828交易日 - 无交易，持有5只ETF，当日净值: 1.3782，市值: 137,823,933元
2025-12-12 10:12:53,133 - INFO - 20250829交易日 - 无交易，持有5只ETF，当日净值: 1.3980，市值: 139,802,760元
2025-12-12 10:12:53,134 - INFO - 20250901交易日 - 检测到ETF组合变化，重新平衡投资组合
2025-12-12 10:12:53,136 - INFO - 20250901交易日 - ETF 515980.SH: 重新投入 0 元 (权重:0.0000), 净值 1.7439, 份额 0
2025-12-12 10:12:53,136 - INFO - 20250901交易日 - ETF 515880.SH: 重新投入 14,482,520 元 (权重:0.1000), 净值 2.7056, 份额 5352794
2025-12-12 10:12:53,137 - INFO - 20250901交易日 - ETF 159870.SZ: 重新投入 57,930,082 元 (权重:0.4000), 净值 0.6933, 份额 83557019
2025-12-12 10:12:53,137 - INFO - 20250901交易日 - ETF 561100.SH: 重新投入 43,447,561 元 (权重:0.3000), 净值 1.2491, 份额 34783093
2025-12-12 10:12:53,137 - INFO - 20250901交易日 - ETF 515050.SH: 重新投入 28,965,041 元 (权重:0.2000), 净值 2.0226, 份额 14320697
2025-12-12 10:12:53,139 - INFO - 20250829策略，20250901交易日 - 继续持有5只ETF，当日净值: 1.4483，市值: 144,825,204元
2025-12-12 10:12:53,141 - INFO - 20250902交易日 - 无交易，持有5只ETF，当日净值: 1.3970，市值: 139,697,450元
2025-12-12 10:12:53,143 - INFO - 20250903交易日 - 无交易，持有5只ETF，当日净值: 1.3937，市值: 139,369,922元
2025-12-12 10:12:53,145 - INFO - 20250904交易日 - 无交易，持有5只ETF，当日净值: 1.3337，市值: 133,366,226元
2025-12-12 10:12:53,147 - INFO - 20250905交易日 - 无交易，持有5只ETF，当日净值: 1.3921，市值: 139,213,689元
2025-12-12 10:12:53,147 - INFO - 20250908交易日 - 检测到ETF组合变化，重新平衡投资组合
2025-12-12 10:12:53,149 - INFO - 20250908交易日 - ETF 159583.SZ: 重新投入 27,963,347 元 (权重:0.2000), 净值 1.9743, 份额 14163677
2025-12-12 10:12:53,150 - INFO - 20250908交易日 - ETF 159363.SZ: 重新投入 41,945,020 元 (权重:0.3000), 净值 1.6130, 份额 26004352
2025-12-12 10:12:53,150 - INFO - 20250908交易日 - ETF 515880.SH: 重新投入 0 元 (权重:0.0000), 净值 2.3927, 份额 0
2025-12-12 10:12:53,150 - INFO - 20250908交易日 - ETF 515050.SH: 重新投入 55,926,693 元 (权重:0.4000), 净值 1.8352, 份额 30474441
2025-12-12 10:12:53,151 - INFO - 20250908交易日 - ETF 515980.SH: 重新投入 13,981,673 元 (权重:0.1000), 净值 1.5647, 份额 8935690
2025-12-12 10:12:53,152 - INFO - 20250905策略，20250908交易日 - 继续持有5只ETF，当日净值: 1.3982，市值: 139,816,734元
2025-12-12 10:12:53,154 - INFO - 20250909交易日 - 无交易，持有5只ETF，当日净值: 1.3688，市值: 136,880,757元
2025-12-12 10:12:53,156 - INFO - 20250910交易日 - 无交易，持有5只ETF，当日净值: 1.4209，市值: 142,086,856元
2025-12-12 10:12:53,158 - INFO - 20250911交易日 - 无交易，持有5只ETF，当日净值: 1.5474，市值: 154,738,662元
2025-12-12 10:12:53,160 - INFO - 20250912交易日 - 无交易，持有5只ETF，当日净值: 1.5240，市值: 152,397,421元
2025-12-12 10:12:53,161 - INFO - 20250915交易日 - 检测到ETF组合变化，重新平衡投资组合
2025-12-12 10:12:53,163 - INFO - 20250915交易日 - ETF 515980.SH: 重新投入 15,058,809 元 (权重:0.1000), 净值 1.6874, 份额 8924268
2025-12-12 10:12:53,163 - INFO - 20250915交易日 - ETF 159870.SZ: 重新投入 60,235,236 元 (权重:0.4000), 净值 0.7046, 份额 85488556
2025-12-12 10:12:53,164 - INFO - 20250915交易日 - ETF 516110.SH: 重新投入 45,176,427 元 (权重:0.3000), 净值 1.4731, 份额 30667590
2025-12-12 10:12:53,164 - INFO - 20250915交易日 - ETF 159819.SZ: 重新投入 30,117,618 元 (权重:0.2000), 净值 1.4567, 份额 20675237
2025-12-12 10:12:53,164 - INFO - 20250915交易日 - ETF 515880.SH: 重新投入 0 元 (权重:0.0000), 净值 2.5771, 份额 0
2025-12-12 10:12:53,166 - INFO - 20250912策略，20250915交易日 - 继续持有5只ETF，当日净值: 1.5059，市值: 150,588,091元
2025-12-12 10:12:53,168 - INFO - 20250916交易日 - 无交易，持有5只ETF，当日净值: 1.5167，市值: 151,670,948元
2025-12-12 10:12:53,170 - INFO - 20250917交易日 - 无交易，持有5只ETF，当日净值: 1.5304，市值: 153,039,249元
2025-12-12 10:12:53,172 - INFO - 20250918交易日 - 无交易，持有5只ETF，当日净值: 1.5252，市值: 152,516,261元
2025-12-12 10:12:53,174 - INFO - 20250919交易日 - 无交易，持有5只ETF，当日净值: 1.5172，市值: 151,720,027元
2025-12-12 10:12:53,175 - INFO - 20250922交易日 - 检测到ETF组合变化，重新平衡投资组合
2025-12-12 10:12:53,177 - INFO - 20250922交易日 - ETF 159389.SZ: 重新投入 45,699,958 元 (权重:0.3000), 净值 1.4386, 份额 31766967
2025-12-12 10:12:53,177 - INFO - 20250922交易日 - ETF 159811.SZ: 重新投入 30,466,639 元 (权重:0.2000), 净值 2.1689, 份额 14047046
2025-12-12 10:12:53,177 - INFO - 20250922交易日 - ETF 515980.SH: 重新投入 0 元 (权重:0.0000), 净值 1.7718, 份额 0
2025-12-12 10:12:53,178 - INFO - 20250922交易日 - ETF 560660.SH: 重新投入 60,933,277 元 (权重:0.4000), 净值 1.8940, 份额 32171741
2025-12-12 10:12:53,178 - INFO - 20250922交易日 - ETF 515880.SH: 重新投入 15,233,319 元 (权重:0.1000), 净值 2.7127, 份额 5615556
2025-12-12 10:12:53,180 - INFO - 20250919策略，20250922交易日 - 继续持有5只ETF，当日净值: 1.5233，市值: 152,333,194元
2025-12-12 10:12:53,182 - INFO - 20250923交易日 - 无交易，持有5只ETF，当日净值: 1.5233，市值: 152,327,212元
2025-12-12 10:12:53,184 - INFO - 20250924交易日 - 无交易，持有5只ETF，当日净值: 1.5412，市值: 154,119,707元
2025-12-12 10:12:53,186 - INFO - 20250925交易日 - 无交易，持有5只ETF，当日净值: 1.5810，市值: 158,103,267元
2025-12-12 10:12:53,188 - INFO - 20250926交易日 - 无交易，持有5只ETF，当日净值: 1.5339，市值: 153,393,150元
2025-12-12 10:12:53,188 - INFO - 20250929交易日 - 检测到ETF组合变化，重新平衡投资组合
2025-12-12 10:12:53,190 - INFO - 20250929交易日 - ETF 588200.SH: 重新投入 0 元 (权重:0.0000), 净值 2.5100, 份额 0
2025-12-12 10:12:53,191 - INFO - 20250929交易日 - ETF 159516.SZ: 重新投入 15,583,676 元 (权重:0.1000), 净值 1.5641, 份额 9963350
2025-12-12 10:12:53,191 - INFO - 20250929交易日 - ETF 588100.SH: 重新投入 31,167,351 元 (权重:0.2000), 净值 2.0547, 份额 15168809
2025-12-12 10:12:53,191 - INFO - 20250929交易日 - ETF 588170.SH: 重新投入 46,751,027 元 (权重:0.3000), 净值 1.5093, 份额 30975304
2025-12-12 10:12:53,192 - INFO - 20250929交易日 - ETF 561980.SH: 重新投入 62,334,703 元 (权重:0.4000), 净值 2.0903, 份额 29820936
2025-12-12 10:12:53,193 - INFO - 20250926策略，20250929交易日 - 继续持有5只ETF，当日净值: 1.5584，市值: 155,836,757元
2025-12-12 10:12:53,196 - INFO - 20250930交易日 - 无交易，持有5只ETF，当日净值: 1.5614，市值: 156,142,787元
2025-12-12 10:12:53,198 - INFO - 20250930策略，20251009交易日 - 继续持有5只ETF，当日净值: 1.6025，市值: 160,252,635元
2025-12-12 10:12:53,200 - INFO - 20251010交易日 - 无交易，持有5只ETF，当日净值: 1.5268，市值: 152,675,696元
2025-12-12 10:12:53,203 - INFO - 20251010策略，20251013交易日 - 继续持有5只ETF，当日净值: 1.5716，市值: 157,157,229元
2025-12-12 10:12:53,205 - INFO - 20251014交易日 - 无交易，持有5只ETF，当日净值: 1.4716，市值: 147,162,277元
2025-12-12 10:12:53,207 - INFO - 20251015交易日 - 无交易，持有5只ETF，当日净值: 1.4806，市值: 148,057,939元
2025-12-12 10:12:53,209 - INFO - 20251016交易日 - 无交易，持有5只ETF，当日净值: 1.4641，市值: 146,409,966元
2025-12-12 10:12:53,211 - INFO - 20251017交易日 - 无交易，持有5只ETF，当日净值: 1.4060，市值: 140,596,175元
2025-12-12 10:12:53,212 - INFO - 20251020交易日 - 检测到ETF组合变化，重新平衡投资组合
2025-12-12 10:12:53,214 - INFO - 20251020交易日 - ETF 588170.SH: 重新投入 28,183,890 元 (权重:0.2000), 净值 1.3639, 份额 20664191
2025-12-12 10:12:53,214 - INFO - 20251020交易日 - ETF 159368.SZ: 重新投入 14,091,945 元 (权重:0.1000), 净值 1.4114, 份额 9984374
2025-12-12 10:12:53,214 - INFO - 20251020交易日 - ETF 512580.SH: 重新投入 56,367,779 元 (权重:0.4000), 净值 1.2336, 份额 45693725
2025-12-12 10:12:53,215 - INFO - 20251020交易日 - ETF 159752.SZ: 重新投入 0 元 (权重:0.0000), 净值 0.6452, 份额 0
2025-12-12 10:12:53,215 - INFO - 20251020交易日 - ETF 159790.SZ: 重新投入 42,275,834 元 (权重:0.3000), 净值 0.7472, 份额 56579007
2025-12-12 10:12:53,217 - INFO - 20251017策略，20251020交易日 - 继续持有5只ETF，当日净值: 1.4092，市值: 140,919,448元
2025-12-12 10:12:53,219 - INFO - 20251021交易日 - 无交易，持有5只ETF，当日净值: 1.4293，市值: 142,928,356元
2025-12-12 10:12:53,221 - INFO - 20251022交易日 - 无交易，持有5只ETF，当日净值: 1.4143，市值: 141,434,443元
2025-12-12 10:12:53,223 - INFO - 20251023交易日 - 无交易，持有5只ETF，当日净值: 1.4244，市值: 142,444,948元
2025-12-12 10:12:53,223 - INFO - 20251024交易日 - 检测到ETF组合变化，重新平衡投资组合
2025-12-12 10:12:53,226 - INFO - 20251024交易日 - ETF 512800.SH: 重新投入 58,350,793 元 (权重:0.4000), 净值 1.6616, 份额 35117232
2025-12-12 10:12:53,226 - INFO - 20251024交易日 - ETF 159790.SZ: 重新投入 14,587,698 元 (权重:0.1000), 净值 0.7664, 份额 19034053
2025-12-12 10:12:53,226 - INFO - 20251024交易日 - ETF 159930.SZ: 重新投入 29,175,396 元 (权重:0.2000), 净值 1.4367, 份额 20307229
2025-12-12 10:12:53,227 - INFO - 20251024交易日 - ETF 159887.SZ: 重新投入 43,763,094 元 (权重:0.3000), 净值 1.3516, 份额 32378732
2025-12-12 10:12:53,227 - INFO - 20251024交易日 - ETF 515220.SH: 重新投入 0 元 (权重:0.0000), 净值 2.6340, 份额 0
2025-12-12 10:12:53,229 - INFO - 20251023策略，20251024交易日 - 继续持有5只ETF，当日净值: 1.4588，市值: 145,876,982元
2025-12-12 10:12:53,229 - INFO - 20251027交易日 - 检测到ETF组合变化，重新平衡投资组合
2025-12-12 10:12:53,231 - INFO - 20251027交易日 - ETF 512800.SH: 重新投入 43,866,704 元 (权重:0.3000), 净值 1.6618, 份额 26397102
2025-12-12 10:12:53,232 - INFO - 20251027交易日 - ETF 512890.SH: 重新投入 58,488,939 元 (权重:0.4000), 净值 2.3970, 份额 24400892
2025-12-12 10:12:53,232 - INFO - 20251027交易日 - ETF 515220.SH: 重新投入 0 元 (权重:0.0000), 净值 2.6502, 份额 0
2025-12-12 10:12:53,232 - INFO - 20251027交易日 - ETF 159887.SZ: 重新投入 29,244,470 元 (权重:0.2000), 净值 1.3518, 份额 21633725
2025-12-12 10:12:53,233 - INFO - 20251027交易日 - ETF 159930.SZ: 重新投入 14,622,235 元 (权重:0.1000), 净值 1.4462, 份额 10110797
2025-12-12 10:12:53,234 - INFO - 20251024策略，20251027交易日 - 继续持有5只ETF，当日净值: 1.4622，市值: 146,222,348元
2025-12-12 10:12:53,236 - INFO - 20251028交易日 - 无交易，持有5只ETF，当日净值: 1.4587，市值: 145,869,263元
2025-12-12 10:12:53,239 - INFO - 20251029交易日 - 无交易，持有5只ETF，当日净值: 1.4392，市值: 143,923,498元
2025-12-12 10:12:53,241 - INFO - 20251030交易日 - 无交易，持有5只ETF，当日净值: 1.4408，市值: 144,075,460元
2025-12-12 10:12:53,243 - INFO - 20251031交易日 - 无交易，持有5只ETF，当日净值: 1.4387，市值: 143,870,302元
2025-12-12 10:12:53,243 - INFO - 20251103交易日 - 检测到ETF组合变化，重新平衡投资组合
2025-12-12 10:12:53,246 - INFO - 20251103交易日 - ETF 561580.SH: 重新投入 14,600,271 元 (权重:0.1000), 净值 1.3526, 份额 10794227
2025-12-12 10:12:53,247 - INFO - 20251103交易日 - ETF 159887.SZ: 重新投入 43,800,814 元 (权重:0.3000), 净值 1.3374, 份额 32750721
2025-12-12 10:12:53,247 - INFO - 20251103交易日 - ETF 159930.SZ: 重新投入 0 元 (权重:0.0000), 净值 1.4761, 份额 0
2025-12-12 10:12:53,248 - INFO - 20251103交易日 - ETF 512800.SH: 重新投入 58,401,086 元 (权重:0.4000), 净值 1.6444, 份额 35515134
2025-12-12 10:12:53,248 - INFO - 20251103交易日 - ETF 510230.SH: 重新投入 29,200,543 元 (权重:0.2000), 净值 2.3463, 份额 12445358
2025-12-12 10:12:53,251 - INFO - 20251031策略，20251103交易日 - 继续持有5只ETF，当日净值: 1.4600，市值: 146,002,715元
2025-12-12 10:12:53,253 - INFO - 20251104交易日 - 无交易，持有5只ETF，当日净值: 1.4844，市值: 148,442,526元
2025-12-12 10:12:53,255 - INFO - 20251105交易日 - 无交易，持有5只ETF，当日净值: 1.4840，市值: 148,400,179元
2025-12-12 10:12:53,257 - INFO - 20251106交易日 - 无交易，持有5只ETF，当日净值: 1.4811，市值: 148,105,729元
2025-12-12 10:12:53,260 - INFO - 20251107交易日 - 无交易，持有5只ETF，当日净值: 1.4794，市值: 147,943,611元
2025-12-12 10:12:53,263 - INFO - 20251107策略，20251110交易日 - 继续持有5只ETF，当日净值: 1.4890，市值: 148,902,521元
2025-12-12 10:12:53,265 - INFO - 20251111交易日 - 无交易，持有5只ETF，当日净值: 1.4925，市值: 149,254,080元
2025-12-12 10:12:53,267 - INFO - 20251112交易日 - 无交易，持有5只ETF，当日净值: 1.4997，市值: 149,967,677元
2025-12-12 10:12:53,269 - INFO - 20251113交易日 - 无交易，持有5只ETF，当日净值: 1.5010，市值: 150,099,893元
2025-12-12 10:12:53,271 - INFO - 20251114交易日 - 无交易，持有5只ETF，当日净值: 1.5020，市值: 150,199,242元
2025-12-12 10:12:53,273 - INFO - 组合净值计算完成，共267个交易日，其中58个交易日有交易
2025-12-12 10:12:53,275 - INFO - 
============================================================
2025-12-12 10:12:53,275 - INFO - 绩效统计:
2025-12-12 10:12:53,275 - INFO - ============================================================
2025-12-12 10:12:53,275 - INFO - 初始资金: 100,000,000
2025-12-12 10:12:53,275 - INFO - 最终市值: 150,199,242
2025-12-12 10:12:53,275 - INFO - 绝对收益: 50,199,242
2025-12-12 10:12:53,275 - INFO - 绝对收益率: 50.20%
2025-12-12 10:12:53,275 - INFO - 总收益率: 50.20%
2025-12-12 10:12:53,275 - INFO - 年化收益率: 46.81%
2025-12-12 10:12:53,275 - INFO - 年化波动率: 26.72%
2025-12-12 10:12:53,275 - INFO - 最大回撤: -12.27%
2025-12-12 10:12:53,275 - INFO - 夏普比率: 1.752
2025-12-12 10:12:53,276 - INFO - 交易天数: 267
2025-12-12 10:12:53,276 - INFO - 起始日期: 20241014
2025-12-12 10:12:53,276 - INFO - 结束日期: 20251114
2025-12-12 10:12:53,276 - INFO - 权重方法: s2
2025-12-12 10:12:53,738 - INFO - 净值曲线已保存至: /home/user0/project/etf/output/portfolio_nav_curve_s2.png
2025-12-12 10:12:53,741 - INFO - 计算结果已保存至: /home/user0/project/etf/output/portfolio_nav_results_s2.csv
2025-12-12 10:12:53,742 - INFO - 绩效统计已保存至: /home/user0/project/etf/output/portfolio_nav_results_s2_stats.csv
2025-12-12 10:12:53,743 - INFO - ============================================================
2025-12-12 10:12:53,743 - INFO - 分析完成!
2025-12-12 10:12:53,743 - INFO - ============================================================
