2025-12-12 10:12:06,333 - INFO - ============================================================
2025-12-12 10:12:06,333 - INFO - ETF轮动策略组合净值分析系统启动
2025-12-12 10:12:06,333 - INFO - 日志文件: /home/user0/project/etf/output/etf_analysis_20251212_101206.log
2025-12-12 10:12:06,334 - INFO - 权重方法: equal
2025-12-12 10:12:06,334 - INFO - ============================================================
2025-12-12 10:12:06,334 - INFO - ============================================================
2025-12-12 10:12:06,334 - INFO - 开始ETF轮动策略组合净值分析（含初始资金量计算）
2025-12-12 10:12:06,334 - INFO - ============================================================
2025-12-12 10:12:06,334 - INFO - 加载策略数据...
2025-12-12 10:12:06,423 - INFO - 策略数据加载完成，共290条记录
2025-12-12 10:12:06,424 - INFO - 日期范围: 20241011 至 20251107
2025-12-12 10:12:06,424 - INFO - 初始资金量: 100,000,000 元
2025-12-12 10:12:06,424 - INFO - 获取交易日列表...
2025-12-12 10:12:06,424 - INFO - 共找到694个交易日
2025-12-12 10:12:06,424 - INFO - 加载净值数据...
2025-12-12 10:12:08,067 - INFO - 净值数据加载完成
2025-12-12 10:12:08,067 - INFO - 计算组合净值...
2025-12-12 10:12:08,068 - INFO - 20241011策略，20241014交易日 - ETF 159949.SZ: 初始投入 20,000,000 元, 净值 0.9624, 份额 20781380
2025-12-12 10:12:08,069 - INFO - 20241011策略，20241014交易日 - ETF 159350.SZ: 初始投入 20,000,000 元, 净值 1.1977, 份额 16698672
2025-12-12 10:12:08,069 - INFO - 20241011策略，20241014交易日 - ETF 159996.SZ: 初始投入 20,000,000 元, 净值 1.2985, 份额 15402387
2025-12-12 10:12:08,069 - INFO - 20241011策略，20241014交易日 - ETF 159967.SZ: 初始投入 20,000,000 元, 净值 1.7646, 份额 11334013
2025-12-12 10:12:08,070 - INFO - 20241011策略，20241014交易日 - ETF 159966.SZ: 初始投入 20,000,000 元, 净值 1.4663, 份额 13639774
2025-12-12 10:12:08,081 - INFO - 20241011策略，20241014交易日 - 继续持有5只ETF，当日净值: 1.0000，市值: 100,000,000元
2025-12-12 10:12:08,082 - INFO - 20241015交易日 - 无交易，持有5只ETF，当日净值: 0.9705，市值: 97,049,046元
2025-12-12 10:12:08,084 - INFO - 20241016交易日 - 无交易，持有5只ETF，当日净值: 0.9518，市值: 95,183,234元
2025-12-12 10:12:08,085 - INFO - 20241017交易日 - 无交易，持有5只ETF，当日净值: 0.9470，市值: 94,704,885元
2025-12-12 10:12:08,087 - INFO - 20241018交易日 - 无交易，持有5只ETF，当日净值: 1.0076，市值: 100,764,363元
2025-12-12 10:12:08,087 - INFO - 20241021交易日 - 检测到ETF组合变化，重新平衡投资组合
2025-12-12 10:12:08,089 - INFO - 20241021交易日 - ETF 512800.SH: 重新投入 20,290,192 元 (权重:0.2000), 净值 1.4159, 份额 14330244
2025-12-12 10:12:08,089 - INFO - 20241021交易日 - ETF 515300.SH: 重新投入 20,290,192 元 (权重:0.2000), 净值 1.5980, 份额 12697242
2025-12-12 10:12:08,089 - INFO - 20241021交易日 - ETF 159887.SZ: 重新投入 20,290,192 元 (权重:0.2000), 净值 1.1524, 份额 17606900
2025-12-12 10:12:08,089 - INFO - 20241021交易日 - ETF 159996.SZ: 重新投入 20,290,192 元 (权重:0.2000), 净值 1.3011, 份额 15594645
2025-12-12 10:12:08,090 - INFO - 20241021交易日 - ETF 512750.SH: 重新投入 20,290,192 元 (权重:0.2000), 净值 1.4020, 份额 14472320
2025-12-12 10:12:08,091 - INFO - 20241018策略，20241021交易日 - 继续持有5只ETF，当日净值: 1.0145，市值: 101,450,960元
2025-12-12 10:12:08,093 - INFO - 20241022交易日 - 无交易，持有5只ETF，当日净值: 1.0227，市值: 102,271,109元
2025-12-12 10:12:08,094 - INFO - 20241023交易日 - 无交易，持有5只ETF，当日净值: 1.0261，市值: 102,612,830元
2025-12-12 10:12:08,096 - INFO - 20241024交易日 - 无交易，持有5只ETF，当日净值: 1.0211，市值: 102,105,337元
2025-12-12 10:12:08,097 - INFO - 20241025交易日 - 无交易，持有5只ETF，当日净值: 1.0188，市值: 101,877,699元
2025-12-12 10:12:08,097 - INFO - 20241028交易日 - 检测到ETF组合变化，重新平衡投资组合
2025-12-12 10:12:08,099 - INFO - 20241028交易日 - ETF 512710.SH: 重新投入 20,367,601 元 (权重:0.2000), 净值 1.3314, 份额 15297883
2025-12-12 10:12:08,099 - INFO - 20241028交易日 - ETF 516970.SH: 重新投入 20,367,601 元 (权重:0.2000), 净值 1.1569, 份额 17605325
2025-12-12 10:12:08,100 - INFO - 20241028交易日 - ETF 516950.SH: 重新投入 20,367,601 元 (权重:0.2000), 净值 1.0939, 份额 18619253
2025-12-12 10:12:08,100 - INFO - 20241028交易日 - ETF 512800.SH: 重新投入 20,367,601 元 (权重:0.2000), 净值 1.3976, 份额 14573269
2025-12-12 10:12:08,100 - INFO - 20241028交易日 - ETF 159887.SZ: 重新投入 20,367,601 元 (权重:0.2000), 净值 1.1375, 份额 17905583
2025-12-12 10:12:08,102 - INFO - 20241025策略，20241028交易日 - 继续持有5只ETF，当日净值: 1.0184，市值: 101,838,004元
2025-12-12 10:12:08,103 - INFO - 20241029交易日 - 无交易，持有5只ETF，当日净值: 1.0075，市值: 100,746,720元
2025-12-12 10:12:08,104 - INFO - 20241030交易日 - 无交易，持有5只ETF，当日净值: 1.0031，市值: 100,312,774元
2025-12-12 10:12:08,106 - INFO - 20241031交易日 - 无交易，持有5只ETF，当日净值: 1.0047，市值: 100,470,679元
2025-12-12 10:12:08,107 - INFO - 20241101交易日 - 无交易，持有5只ETF，当日净值: 1.0065，市值: 100,654,473元
2025-12-12 10:12:08,107 - INFO - 20241104交易日 - 检测到ETF组合变化，重新平衡投资组合
2025-12-12 10:12:08,109 - INFO - 20241104交易日 - ETF 516950.SH: 重新投入 20,383,039 元 (权重:0.2000), 净值 1.1101, 份额 18361444
2025-12-12 10:12:08,109 - INFO - 20241104交易日 - ETF 159667.SZ: 重新投入 20,383,039 元 (权重:0.2000), 净值 0.9766, 份额 20871430
2025-12-12 10:12:08,110 - INFO - 20241104交易日 - ETF 159512.SZ: 重新投入 20,383,039 元 (权重:0.2000), 净值 1.3512, 份额 15085138
2025-12-12 10:12:08,110 - INFO - 20241104交易日 - ETF 560280.SH: 重新投入 20,383,039 元 (权重:0.2000), 净值 1.2145, 份额 16783070
2025-12-12 10:12:08,110 - INFO - 20241104交易日 - ETF 560860.SH: 重新投入 20,383,039 元 (权重:0.2000), 净值 0.8719, 份额 23377726
2025-12-12 10:12:08,112 - INFO - 20241101策略，20241104交易日 - 继续持有5只ETF，当日净值: 1.0192，市值: 101,915,195元
2025-12-12 10:12:08,113 - INFO - 20241105交易日 - 无交易，持有5只ETF，当日净值: 1.0487，市值: 104,873,229元
2025-12-12 10:12:08,115 - INFO - 20241106交易日 - 无交易，持有5只ETF，当日净值: 1.0515，市值: 105,147,724元
2025-12-12 10:12:08,116 - INFO - 20241107交易日 - 无交易，持有5只ETF，当日净值: 1.0652，市值: 106,519,248元
2025-12-12 10:12:08,118 - INFO - 20241108交易日 - 无交易，持有5只ETF，当日净值: 1.0558，市值: 105,584,532元
2025-12-12 10:12:08,118 - INFO - 20241111交易日 - 检测到ETF组合变化，重新平衡投资组合
2025-12-12 10:12:08,119 - INFO - 20241111交易日 - ETF 512760.SH: 重新投入 21,474,494 元 (权重:0.2000), 净值 2.5106, 份额 8553531
2025-12-12 10:12:08,120 - INFO - 20241111交易日 - ETF 159516.SZ: 重新投入 21,474,494 元 (权重:0.2000), 净值 1.2653, 份额 16971860
2025-12-12 10:12:08,120 - INFO - 20241111交易日 - ETF 516350.SH: 重新投入 21,474,494 元 (权重:0.2000), 净值 0.9143, 份额 23487361
2025-12-12 10:12:08,120 - INFO - 20241111交易日 - ETF 516950.SH: 重新投入 21,474,494 元 (权重:0.2000), 净值 1.1422, 份额 18800993
2025-12-12 10:12:08,121 - INFO - 20241111交易日 - ETF 516970.SH: 重新投入 21,474,494 元 (权重:0.2000), 净值 1.2059, 份额 17807856
2025-12-12 10:12:08,122 - INFO - 20241108策略，20241111交易日 - 继续持有5只ETF，当日净值: 1.0737，市值: 107,372,470元
2025-12-12 10:12:08,123 - INFO - 20241112交易日 - 无交易，持有5只ETF，当日净值: 1.0518，市值: 105,177,197元
2025-12-12 10:12:08,125 - INFO - 20241113交易日 - 无交易，持有5只ETF，当日净值: 1.0545，市值: 105,449,556元
2025-12-12 10:12:08,126 - INFO - 20241114交易日 - 无交易，持有5只ETF，当日净值: 1.0245，市值: 102,447,455元
2025-12-12 10:12:08,128 - INFO - 20241115交易日 - 无交易，持有5只ETF，当日净值: 0.9904，市值: 99,036,895元
2025-12-12 10:12:08,128 - INFO - 20241118交易日 - 检测到ETF组合变化，重新平衡投资组合
2025-12-12 10:12:08,130 - INFO - 20241118交易日 - ETF 159516.SZ: 重新投入 19,796,517 元 (权重:0.2000), 净值 1.1055, 份额 17907297
2025-12-12 10:12:08,130 - INFO - 20241118交易日 - ETF 512760.SH: 重新投入 19,796,517 元 (权重:0.2000), 净值 2.2066, 份额 8971502
2025-12-12 10:12:08,130 - INFO - 20241118交易日 - ETF 159995.SZ: 重新投入 19,796,517 元 (权重:0.2000), 净值 1.1932, 份额 16591114
2025-12-12 10:12:08,131 - INFO - 20241118交易日 - ETF 516350.SH: 重新投入 19,796,517 元 (权重:0.2000), 净值 0.8042, 份额 24616410
2025-12-12 10:12:08,131 - INFO - 20241118交易日 - ETF 561980.SH: 重新投入 19,796,517 元 (权重:0.2000), 净值 1.3150, 份额 15054385
2025-12-12 10:12:08,132 - INFO - 20241115策略，20241118交易日 - 继续持有5只ETF，当日净值: 0.9898，市值: 98,982,583元
2025-12-12 10:12:08,134 - INFO - 20241119交易日 - 无交易，持有5只ETF，当日净值: 1.0211，市值: 102,107,863元
2025-12-12 10:12:08,135 - INFO - 20241120交易日 - 无交易，持有5只ETF，当日净值: 1.0185，市值: 101,848,737元
2025-12-12 10:12:08,137 - INFO - 20241121交易日 - 无交易，持有5只ETF，当日净值: 1.0238，市值: 102,384,760元
2025-12-12 10:12:08,138 - INFO - 20241122交易日 - 无交易，持有5只ETF，当日净值: 0.9813，市值: 98,131,553元
2025-12-12 10:12:08,138 - INFO - 20241125交易日 - 检测到ETF组合变化，重新平衡投资组合
2025-12-12 10:12:08,140 - INFO - 20241125交易日 - ETF 560980.SH: 重新投入 19,410,297 元 (权重:0.2000), 净值 0.5307, 份额 36574896
2025-12-12 10:12:08,140 - INFO - 20241125交易日 - ETF 588830.SH: 重新投入 19,410,297 元 (权重:0.2000), 净值 1.3066, 份额 14855577
2025-12-12 10:12:08,140 - INFO - 20241125交易日 - ETF 159825.SZ: 重新投入 19,410,297 元 (权重:0.2000), 净值 0.6726, 份额 28858604
2025-12-12 10:12:08,141 - INFO - 20241125交易日 - ETF 159766.SZ: 重新投入 19,410,297 元 (权重:0.2000), 净值 0.7017, 份额 27661817
2025-12-12 10:12:08,141 - INFO - 20241125交易日 - ETF 159865.SZ: 重新投入 19,410,297 元 (权重:0.2000), 净值 0.5718, 份额 33945955
2025-12-12 10:12:08,142 - INFO - 20241122策略，20241125交易日 - 继续持有5只ETF，当日净值: 0.9705，市值: 97,051,485元
2025-12-12 10:12:08,144 - INFO - 20241126交易日 - 无交易，持有5只ETF，当日净值: 0.9677，市值: 96,765,390元
2025-12-12 10:12:08,145 - INFO - 20241127交易日 - 无交易，持有5只ETF，当日净值: 0.9827，市值: 98,268,514元
2025-12-12 10:12:08,147 - INFO - 20241128交易日 - 无交易，持有5只ETF，当日净值: 0.9787，市值: 97,867,502元
2025-12-12 10:12:08,148 - INFO - 20241129交易日 - 无交易，持有5只ETF，当日净值: 0.9912，市值: 99,121,998元
2025-12-12 10:12:08,148 - INFO - 20241202交易日 - 检测到ETF组合变化，重新平衡投资组合
2025-12-12 10:12:08,150 - INFO - 20241202交易日 - ETF 512670.SH: 重新投入 20,089,725 元 (权重:0.2000), 净值 1.4506, 份额 13849252
2025-12-12 10:12:08,150 - INFO - 20241202交易日 - ETF 512710.SH: 重新投入 20,089,725 元 (权重:0.2000), 净值 1.2826, 份额 15663282
2025-12-12 10:12:08,151 - INFO - 20241202交易日 - ETF 159766.SZ: 重新投入 20,089,725 元 (权重:0.2000), 净值 0.7350, 份额 27332959
2025-12-12 10:12:08,151 - INFO - 20241202交易日 - ETF 159865.SZ: 重新投入 20,089,725 元 (权重:0.2000), 净值 0.5935, 份额 33849579
2025-12-12 10:12:08,151 - INFO - 20241202交易日 - ETF 588020.SH: 重新投入 20,089,725 元 (权重:0.2000), 净值 1.1134, 份额 18043583
2025-12-12 10:12:08,153 - INFO - 20241129策略，20241202交易日 - 继续持有5只ETF，当日净值: 1.0045，市值: 100,448,625元
2025-12-12 10:12:08,154 - INFO - 20241203交易日 - 无交易，持有5只ETF，当日净值: 0.9978，市值: 99,780,299元
2025-12-12 10:12:08,155 - INFO - 20241204交易日 - 无交易，持有5只ETF，当日净值: 0.9837，市值: 98,372,445元
2025-12-12 10:12:08,157 - INFO - 20241205交易日 - 无交易，持有5只ETF，当日净值: 0.9898，市值: 98,981,764元
2025-12-12 10:12:08,158 - INFO - 20241206交易日 - 无交易，持有5只ETF，当日净值: 1.0011，市值: 100,111,060元
2025-12-12 10:12:08,159 - INFO - 20241209交易日 - 检测到ETF组合变化，重新平衡投资组合
2025-12-12 10:12:08,160 - INFO - 20241209交易日 - ETF 516970.SH: 重新投入 19,785,990 元 (权重:0.2000), 净值 1.1615, 份额 17034860
2025-12-12 10:12:08,161 - INFO - 20241209交易日 - ETF 159851.SZ: 重新投入 19,785,990 元 (权重:0.2000), 净值 1.5972, 份额 12387923
2025-12-12 10:12:08,161 - INFO - 20241209交易日 - ETF 515100.SH: 重新投入 19,785,990 元 (权重:0.2000), 净值 1.9254, 份额 10276301
2025-12-12 10:12:08,161 - INFO - 20241209交易日 - ETF 159766.SZ: 重新投入 19,785,990 元 (权重:0.2000), 净值 0.7362, 份额 26875835
2025-12-12 10:12:08,161 - INFO - 20241209交易日 - ETF 159611.SZ: 重新投入 19,785,990 元 (权重:0.2000), 净值 1.0061, 份额 19666027
2025-12-12 10:12:08,163 - INFO - 20241206策略，20241209交易日 - 继续持有5只ETF，当日净值: 0.9893，市值: 98,929,950元
2025-12-12 10:12:08,164 - INFO - 20241210交易日 - 无交易，持有5只ETF，当日净值: 0.9947，市值: 99,468,165元
2025-12-12 10:12:08,166 - INFO - 20241211交易日 - 无交易，持有5只ETF，当日净值: 0.9992，市值: 99,923,815元
2025-12-12 10:12:08,167 - INFO - 20241212交易日 - 无交易，持有5只ETF，当日净值: 1.0114，市值: 101,136,196元
2025-12-12 10:12:08,169 - INFO - 20241213交易日 - 无交易，持有5只ETF，当日净值: 0.9928，市值: 99,284,647元
2025-12-12 10:12:08,169 - INFO - 20241216交易日 - 检测到ETF组合变化，重新平衡投资组合
2025-12-12 10:12:08,171 - INFO - 20241216交易日 - ETF 159851.SZ: 重新投入 19,821,193 元 (权重:0.2000), 净值 1.5520, 份额 12771387
2025-12-12 10:12:08,171 - INFO - 20241216交易日 - ETF 159625.SZ: 重新投入 19,821,193 元 (权重:0.2000), 净值 1.1809, 份额 16784819
2025-12-12 10:12:08,171 - INFO - 20241216交易日 - ETF 159766.SZ: 重新投入 19,821,193 元 (权重:0.2000), 净值 0.7709, 份额 25711756
2025-12-12 10:12:08,171 - INFO - 20241216交易日 - ETF 159611.SZ: 重新投入 19,821,193 元 (权重:0.2000), 净值 1.0101, 份额 19623000
2025-12-12 10:12:08,172 - INFO - 20241216交易日 - ETF 159692.SZ: 重新投入 19,821,193 元 (权重:0.2000), 净值 1.2924, 份额 15336732
2025-12-12 10:12:08,173 - INFO - 20241213策略，20241216交易日 - 继续持有5只ETF，当日净值: 0.9911，市值: 99,105,963元
2025-12-12 10:12:08,175 - INFO - 20241217交易日 - 无交易，持有5只ETF，当日净值: 0.9795，市值: 97,950,568元
2025-12-12 10:12:08,176 - INFO - 20241218交易日 - 无交易，持有5只ETF，当日净值: 0.9818，市值: 98,180,232元
2025-12-12 10:12:08,178 - INFO - 20241219交易日 - 无交易，持有5只ETF，当日净值: 0.9761，市值: 97,609,391元
2025-12-12 10:12:08,179 - INFO - 20241220交易日 - 无交易，持有5只ETF，当日净值: 0.9750，市值: 97,495,747元
2025-12-12 10:12:08,179 - INFO - 20241223交易日 - 检测到ETF组合变化，重新平衡投资组合
2025-12-12 10:12:08,181 - INFO - 20241223交易日 - ETF 516970.SH: 重新投入 19,316,328 元 (权重:0.2000), 净值 1.1287, 份额 17113784
2025-12-12 10:12:08,181 - INFO - 20241223交易日 - ETF 159625.SZ: 重新投入 19,316,328 元 (权重:0.2000), 净值 1.1687, 份额 16528047
2025-12-12 10:12:08,181 - INFO - 20241223交易日 - ETF 159611.SZ: 重新投入 19,316,328 元 (权重:0.2000), 净值 1.0003, 份额 19310535
2025-12-12 10:12:08,182 - INFO - 20241223交易日 - ETF 515210.SH: 重新投入 19,316,328 元 (权重:0.2000), 净值 1.3608, 份额 14194833
2025-12-12 10:12:08,182 - INFO - 20241223交易日 - ETF 561580.SH: 重新投入 19,316,328 元 (权重:0.2000), 净值 1.2013, 份额 16079521
2025-12-12 10:12:08,183 - INFO - 20241220策略，20241223交易日 - 继续持有5只ETF，当日净值: 0.9658，市值: 96,581,641元
2025-12-12 10:12:08,185 - INFO - 20241224交易日 - 无交易，持有5只ETF，当日净值: 0.9763，市值: 97,634,332元
2025-12-12 10:12:08,186 - INFO - 20241225交易日 - 无交易，持有5只ETF，当日净值: 0.9745，市值: 97,445,013元
2025-12-12 10:12:08,188 - INFO - 20241226交易日 - 无交易，持有5只ETF，当日净值: 0.9667，市值: 96,668,130元
2025-12-12 10:12:08,189 - INFO - 20241227交易日 - 无交易，持有5只ETF，当日净值: 0.9729，市值: 97,293,605元
2025-12-12 10:12:08,190 - INFO - 20241230交易日 - 检测到ETF组合变化，重新平衡投资组合
2025-12-12 10:12:08,191 - INFO - 20241230交易日 - ETF 516970.SH: 重新投入 19,390,175 元 (权重:0.2000), 净值 1.1393, 份额 17019376
2025-12-12 10:12:08,192 - INFO - 20241230交易日 - ETF 159887.SZ: 重新投入 19,390,175 元 (权重:0.2000), 净值 1.2220, 份额 15867574
2025-12-12 10:12:08,192 - INFO - 20241230交易日 - ETF 512800.SH: 重新投入 19,390,175 元 (权重:0.2000), 净值 1.5008, 份额 12919893
2025-12-12 10:12:08,192 - INFO - 20241230交易日 - ETF 588200.SH: 重新投入 19,390,175 元 (权重:0.2000), 净值 1.5272, 份额 12696553
2025-12-12 10:12:08,193 - INFO - 20241230交易日 - ETF 510230.SH: 重新投入 19,390,175 元 (权重:0.2000), 净值 2.1978, 份额 8822539
2025-12-12 10:12:08,194 - INFO - 20241227策略，20241230交易日 - 继续持有5只ETF，当日净值: 0.9695，市值: 96,950,876元
2025-12-12 10:12:08,196 - INFO - 20241231交易日 - 无交易，持有5只ETF，当日净值: 0.9499，市值: 94,994,387元
2025-12-12 10:12:08,197 - INFO - 20250102交易日 - 无交易，持有5只ETF，当日净值: 0.9222，市值: 92,215,824元
2025-12-12 10:12:08,199 - INFO - 20250103交易日 - 无交易，持有5只ETF，当日净值: 0.9116，市值: 91,160,942元
2025-12-12 10:12:08,199 - INFO - 20250106交易日 - 检测到ETF组合变化，重新平衡投资组合
2025-12-12 10:12:08,201 - INFO - 20250106交易日 - ETF 159768.SZ: 重新投入 18,289,732 元 (权重:0.2000), 净值 0.5438, 份额 33633197
2025-12-12 10:12:08,201 - INFO - 20250106交易日 - ETF 159692.SZ: 重新投入 18,289,732 元 (权重:0.2000), 净值 1.1704, 份额 15626907
2025-12-12 10:12:08,202 - INFO - 20250106交易日 - ETF 159887.SZ: 重新投入 18,289,732 元 (权重:0.2000), 净值 1.1833, 份额 15456547
2025-12-12 10:12:08,202 - INFO - 20250106交易日 - ETF 159707.SZ: 重新投入 18,289,732 元 (权重:0.2000), 净值 0.6058, 份额 30191041
2025-12-12 10:12:08,202 - INFO - 20250106交易日 - ETF 159949.SZ: 重新投入 18,289,732 元 (权重:0.2000), 净值 0.9026, 份额 20263386
2025-12-12 10:12:08,203 - INFO - 20250103策略，20250106交易日 - 继续持有5只ETF，当日净值: 0.9145，市值: 91,448,662元
2025-12-12 10:12:08,205 - INFO - 20250107交易日 - 无交易，持有5只ETF，当日净值: 0.9203，市值: 92,027,557元
2025-12-12 10:12:08,206 - INFO - 20250108交易日 - 无交易，持有5只ETF，当日净值: 0.9152，市值: 91,517,449元
2025-12-12 10:12:08,208 - INFO - 20250109交易日 - 无交易，持有5只ETF，当日净值: 0.9133，市值: 91,333,833元
2025-12-12 10:12:08,209 - INFO - 20250110交易日 - 无交易，持有5只ETF，当日净值: 0.8996，市值: 89,962,484元
2025-12-12 10:12:08,210 - INFO - 20250113交易日 - 检测到ETF组合变化，重新平衡投资组合
2025-12-12 10:12:08,211 - INFO - 20250113交易日 - ETF 512800.SH: 重新投入 18,088,045 元 (权重:0.2000), 净值 1.4397, 份额 12563760
2025-12-12 10:12:08,212 - INFO - 20250113交易日 - ETF 159516.SZ: 重新投入 18,088,045 元 (权重:0.2000), 净值 0.9629, 份额 18784967
2025-12-12 10:12:08,212 - INFO - 20250113交易日 - ETF 512890.SH: 重新投入 18,088,045 元 (权重:0.2000), 净值 2.1190, 份额 8536123
2025-12-12 10:12:08,212 - INFO - 20250113交易日 - ETF 510230.SH: 重新投入 18,088,045 元 (权重:0.2000), 净值 2.0630, 份额 8767836
2025-12-12 10:12:08,213 - INFO - 20250113交易日 - ETF 159887.SZ: 重新投入 18,088,045 元 (权重:0.2000), 净值 1.1731, 份额 15419014
2025-12-12 10:12:08,214 - INFO - 20250110策略，20250113交易日 - 继续持有5只ETF，当日净值: 0.9044，市值: 90,440,226元
2025-12-12 10:12:08,215 - INFO - 20250114交易日 - 无交易，持有5只ETF，当日净值: 0.9228，市值: 92,281,221元
2025-12-12 10:12:08,217 - INFO - 20250115交易日 - 无交易，持有5只ETF，当日净值: 0.9242，市值: 92,420,721元
2025-12-12 10:12:08,218 - INFO - 20250116交易日 - 无交易，持有5只ETF，当日净值: 0.9314，市值: 93,142,348元
2025-12-12 10:12:08,220 - INFO - 20250117交易日 - 无交易，持有5只ETF，当日净值: 0.9302，市值: 93,020,594元
2025-12-12 10:12:08,220 - INFO - 20250120交易日 - 检测到ETF组合变化，重新平衡投资组合
2025-12-12 10:12:08,222 - INFO - 20250120交易日 - ETF 512800.SH: 重新投入 18,553,307 元 (权重:0.2000), 净值 1.4694, 份额 12626451
2025-12-12 10:12:08,222 - INFO - 20250120交易日 - ETF 560860.SH: 重新投入 18,553,307 元 (权重:0.2000), 净值 0.8340, 份额 22246172
2025-12-12 10:12:08,223 - INFO - 20250120交易日 - ETF 512890.SH: 重新投入 18,553,307 元 (权重:0.2000), 净值 2.1676, 份额 8559378
2025-12-12 10:12:08,223 - INFO - 20250120交易日 - ETF 159887.SZ: 重新投入 18,553,307 元 (权重:0.2000), 净值 1.1965, 份额 15506316
2025-12-12 10:12:08,223 - INFO - 20250120交易日 - ETF 510230.SH: 重新投入 18,553,307 元 (权重:0.2000), 净值 2.1056, 份额 8811411
2025-12-12 10:12:08,224 - INFO - 20250117策略，20250120交易日 - 继续持有5只ETF，当日净值: 0.9277，市值: 92,766,536元
2025-12-12 10:12:08,226 - INFO - 20250121交易日 - 无交易，持有5只ETF，当日净值: 0.9258，市值: 92,576,479元
2025-12-12 10:12:08,228 - INFO - 20250122交易日 - 无交易，持有5只ETF，当日净值: 0.9142，市值: 91,417,172元
2025-12-12 10:12:08,229 - INFO - 20250123交易日 - 无交易，持有5只ETF，当日净值: 0.9283，市值: 92,833,251元
2025-12-12 10:12:08,231 - INFO - 20250124交易日 - 无交易，持有5只ETF，当日净值: 0.9333，市值: 93,331,962元
2025-12-12 10:12:08,231 - INFO - 20250127交易日 - 检测到ETF组合变化，重新平衡投资组合
2025-12-12 10:12:08,233 - INFO - 20250127交易日 - ETF 512480.SH: 重新投入 18,816,712 元 (权重:0.2000), 净值 1.9790, 份额 9508192
2025-12-12 10:12:08,233 - INFO - 20250127交易日 - ETF 588010.SH: 重新投入 18,816,712 元 (权重:0.2000), 净值 0.5520, 份额 34088246
2025-12-12 10:12:08,233 - INFO - 20250127交易日 - ETF 159516.SZ: 重新投入 18,816,712 元 (权重:0.2000), 净值 0.9796, 份额 19208567
2025-12-12 10:12:08,233 - INFO - 20250127交易日 - ETF 561980.SH: 重新投入 18,816,712 元 (权重:0.2000), 净值 1.2141, 份额 15498486
2025-12-12 10:12:08,234 - INFO - 20250127交易日 - ETF 560860.SH: 重新投入 18,816,712 元 (权重:0.2000), 净值 0.8346, 份额 22545785
2025-12-12 10:12:08,235 - INFO - 20250124策略，20250127交易日 - 继续持有5只ETF，当日净值: 0.9408，市值: 94,083,559元
2025-12-12 10:12:08,235 - INFO - 20250205交易日 - 检测到ETF组合变化，重新平衡投资组合
2025-12-12 10:12:08,237 - INFO - 20250205交易日 - ETF 159516.SZ: 重新投入 19,025,589 元 (权重:0.2000), 净值 0.9853, 份额 19309438
2025-12-12 10:12:08,238 - INFO - 20250205交易日 - ETF 515250.SH: 重新投入 19,025,589 元 (权重:0.2000), 净值 0.9733, 份额 19547508
2025-12-12 10:12:08,238 - INFO - 20250205交易日 - ETF 159325.SZ: 重新投入 19,025,589 元 (权重:0.2000), 净值 1.0209, 份额 18636095
2025-12-12 10:12:08,238 - INFO - 20250205交易日 - ETF 561980.SH: 重新投入 19,025,589 元 (权重:0.2000), 净值 1.2425, 份额 15312346
2025-12-12 10:12:08,238 - INFO - 20250205交易日 - ETF 588010.SH: 重新投入 19,025,589 元 (权重:0.2000), 净值 0.5511, 份额 34522935
2025-12-12 10:12:08,240 - INFO - 20250127策略，20250205交易日 - 继续持有5只ETF，当日净值: 0.9513，市值: 95,127,947元
2025-12-12 10:12:08,241 - INFO - 20250206交易日 - 无交易，持有5只ETF，当日净值: 0.9964，市值: 99,637,243元
2025-12-12 10:12:08,243 - INFO - 20250207交易日 - 无交易，持有5只ETF，当日净值: 1.0055，市值: 100,553,335元
2025-12-12 10:12:08,243 - INFO - 20250210交易日 - 检测到ETF组合变化，重新平衡投资组合
2025-12-12 10:12:08,245 - INFO - 20250210交易日 - ETF 516510.SH: 重新投入 20,249,515 元 (权重:0.2000), 净值 1.2638, 份额 16022721
2025-12-12 10:12:08,245 - INFO - 20250210交易日 - ETF 159852.SZ: 重新投入 20,249,515 元 (权重:0.2000), 净值 0.9077, 份额 22308599
2025-12-12 10:12:08,245 - INFO - 20250210交易日 - ETF 515400.SH: 重新投入 20,249,515 元 (权重:0.2000), 净值 0.9577, 份额 21143902
2025-12-12 10:12:08,246 - INFO - 20250210交易日 - ETF 159363.SZ: 重新投入 20,249,515 元 (权重:0.2000), 净值 1.0773, 份额 18796543
2025-12-12 10:12:08,246 - INFO - 20250210交易日 - ETF 159869.SZ: 重新投入 20,249,515 元 (权重:0.2000), 净值 1.1793, 份额 17170792
2025-12-12 10:12:08,247 - INFO - 20250207策略，20250210交易日 - 继续持有5只ETF，当日净值: 1.0125，市值: 101,247,577元
2025-12-12 10:12:08,249 - INFO - 20250211交易日 - 无交易，持有5只ETF，当日净值: 1.0036，市值: 100,363,428元
2025-12-12 10:12:08,251 - INFO - 20250212交易日 - 无交易，持有5只ETF，当日净值: 1.0329，市值: 103,288,737元
2025-12-12 10:12:08,252 - INFO - 20250213交易日 - 无交易，持有5只ETF，当日净值: 1.0215，市值: 102,153,085元
2025-12-12 10:12:08,254 - INFO - 20250214交易日 - 无交易，持有5只ETF，当日净值: 1.0644，市值: 106,437,278元
2025-12-12 10:12:08,254 - INFO - 20250217交易日 - 检测到ETF组合变化，重新平衡投资组合
2025-12-12 10:12:08,256 - INFO - 20250217交易日 - ETF 159998.SZ: 重新投入 21,460,498 元 (权重:0.2000), 净值 1.0308, 份额 20819264
2025-12-12 10:12:08,256 - INFO - 20250217交易日 - ETF 560850.SH: 重新投入 21,460,498 元 (权重:0.2000), 净值 1.5262, 份额 14061393
2025-12-12 10:12:08,256 - INFO - 20250217交易日 - ETF 515230.SH: 重新投入 21,460,498 元 (权重:0.2000), 净值 0.9559, 份额 22450568
2025-12-12 10:12:08,257 - INFO - 20250217交易日 - ETF 159852.SZ: 重新投入 21,460,498 元 (权重:0.2000), 净值 0.9404, 份额 22820606
2025-12-12 10:12:08,257 - INFO - 20250217交易日 - ETF 159869.SZ: 重新投入 21,460,498 元 (权重:0.2000), 净值 1.3040, 份额 16457437
2025-12-12 10:12:08,258 - INFO - 20250214策略，20250217交易日 - 继续持有5只ETF，当日净值: 1.0730，市值: 107,302,488元
2025-12-12 10:12:08,260 - INFO - 20250218交易日 - 无交易，持有5只ETF，当日净值: 1.0333，市值: 103,333,223元
2025-12-12 10:12:08,261 - INFO - 20250219交易日 - 无交易，持有5只ETF，当日净值: 1.0600，市值: 106,001,344元
2025-12-12 10:12:08,263 - INFO - 20250220交易日 - 无交易，持有5只ETF，当日净值: 1.0553，市值: 105,531,022元
2025-12-12 10:12:08,264 - INFO - 20250221交易日 - 无交易，持有5只ETF，当日净值: 1.1023，市值: 110,225,562元
2025-12-12 10:12:08,265 - INFO - 20250224交易日 - 检测到ETF组合变化，重新平衡投资组合
2025-12-12 10:12:08,266 - INFO - 20250224交易日 - ETF 562500.SH: 重新投入 21,954,135 元 (权重:0.2000), 净值 1.0071, 份额 21799360
2025-12-12 10:12:08,267 - INFO - 20250224交易日 - ETF 159998.SZ: 重新投入 21,954,135 元 (权重:0.2000), 净值 1.0741, 份额 20439564
2025-12-12 10:12:08,267 - INFO - 20250224交易日 - ETF 562570.SH: 重新投入 21,954,135 元 (权重:0.2000), 净值 1.5455, 份额 14205199
2025-12-12 10:12:08,267 - INFO - 20250224交易日 - ETF 515230.SH: 重新投入 21,954,135 元 (权重:0.2000), 净值 0.9760, 份额 22493991
2025-12-12 10:12:08,268 - INFO - 20250224交易日 - ETF 159530.SZ: 重新投入 21,954,135 元 (权重:0.2000), 净值 1.4596, 份额 15041200
2025-12-12 10:12:08,269 - INFO - 20250221策略，20250224交易日 - 继续持有5只ETF，当日净值: 1.0977，市值: 109,770,677元
2025-12-12 10:12:08,271 - INFO - 20250225交易日 - 无交易，持有5只ETF，当日净值: 1.0858，市值: 108,576,153元
2025-12-12 10:12:08,272 - INFO - 20250226交易日 - 无交易，持有5只ETF，当日净值: 1.0981，市值: 109,810,910元
2025-12-12 10:12:08,274 - INFO - 20250227交易日 - 无交易，持有5只ETF，当日净值: 1.0813，市值: 108,126,172元
2025-12-12 10:12:08,275 - INFO - 20250228交易日 - 无交易，持有5只ETF，当日净值: 1.0152，市值: 101,521,175元
2025-12-12 10:12:08,276 - INFO - 20250303交易日 - 检测到ETF组合变化，重新平衡投资组合
2025-12-12 10:12:08,277 - INFO - 20250303交易日 - ETF 159852.SZ: 重新投入 20,227,455 元 (权重:0.2000), 净值 0.8879, 份额 22781231
2025-12-12 10:12:08,278 - INFO - 20250303交易日 - ETF 560280.SH: 重新投入 20,227,455 元 (权重:0.2000), 净值 1.3327, 份额 15177801
2025-12-12 10:12:08,278 - INFO - 20250303交易日 - ETF 159819.SZ: 重新投入 20,227,455 元 (权重:0.2000), 净值 0.9990, 份额 20247703
2025-12-12 10:12:08,278 - INFO - 20250303交易日 - ETF 515230.SH: 重新投入 20,227,455 元 (权重:0.2000), 净值 0.8964, 份额 22565211
2025-12-12 10:12:08,279 - INFO - 20250303交易日 - ETF 562500.SH: 重新投入 20,227,455 元 (权重:0.2000), 净值 0.9327, 份额 21686990
2025-12-12 10:12:08,280 - INFO - 20250228策略，20250303交易日 - 继续持有5只ETF，当日净值: 1.0114，市值: 101,137,276元
2025-12-12 10:12:08,282 - INFO - 20250304交易日 - 无交易，持有5只ETF，当日净值: 1.0263，市值: 102,629,396元
2025-12-12 10:12:08,283 - INFO - 20250305交易日 - 无交易，持有5只ETF，当日净值: 1.0436，市值: 104,356,987元
2025-12-12 10:12:08,285 - INFO - 20250306交易日 - 无交易，持有5只ETF，当日净值: 1.0822，市值: 108,223,259元
2025-12-12 10:12:08,286 - INFO - 20250307交易日 - 无交易，持有5只ETF，当日净值: 1.0763，市值: 107,632,565元
2025-12-12 10:12:08,287 - INFO - 20250310交易日 - 检测到ETF组合变化，重新平衡投资组合
2025-12-12 10:12:08,288 - INFO - 20250310交易日 - ETF 560280.SH: 重新投入 21,305,662 元 (权重:0.2000), 净值 1.4231, 份额 14971304
2025-12-12 10:12:08,289 - INFO - 20250310交易日 - ETF 515030.SH: 重新投入 21,305,662 元 (权重:0.2000), 净值 1.3483, 份额 15801871
2025-12-12 10:12:08,289 - INFO - 20250310交易日 - ETF 159755.SZ: 重新投入 21,305,662 元 (权重:0.2000), 净值 0.7234, 份额 29452118
2025-12-12 10:12:08,289 - INFO - 20250310交易日 - ETF 515700.SH: 重新投入 21,305,662 元 (权重:0.2000), 净值 1.7886, 份额 11911921
2025-12-12 10:12:08,290 - INFO - 20250310交易日 - ETF 515230.SH: 重新投入 21,305,662 元 (权重:0.2000), 净值 0.9306, 份额 22894544
2025-12-12 10:12:08,291 - INFO - 20250307策略，20250310交易日 - 继续持有5只ETF，当日净值: 1.0653，市值: 106,528,312元
2025-12-12 10:12:08,293 - INFO - 20250311交易日 - 无交易，持有5只ETF，当日净值: 1.0655，市值: 106,549,869元
2025-12-12 10:12:08,294 - INFO - 20250312交易日 - 无交易，持有5只ETF，当日净值: 1.0588，市值: 105,882,290元
2025-12-12 10:12:08,296 - INFO - 20250313交易日 - 无交易，持有5只ETF，当日净值: 1.0447，市值: 104,465,450元
2025-12-12 10:12:08,298 - INFO - 20250314交易日 - 无交易，持有5只ETF，当日净值: 1.0677，市值: 106,771,418元
2025-12-12 10:12:08,298 - INFO - 20250317交易日 - 检测到ETF组合变化，重新平衡投资组合
2025-12-12 10:12:08,300 - INFO - 20250317交易日 - ETF 512670.SH: 重新投入 21,258,880 元 (权重:0.2000), 净值 1.4908, 份额 14260048
2025-12-12 10:12:08,300 - INFO - 20250317交易日 - ETF 562500.SH: 重新投入 21,258,880 元 (权重:0.2000), 净值 0.9734, 份额 21839819
2025-12-12 10:12:08,300 - INFO - 20250317交易日 - ETF 560280.SH: 重新投入 21,258,880 元 (权重:0.2000), 净值 1.3908, 份额 15285361
2025-12-12 10:12:08,301 - INFO - 20250317交易日 - ETF 159530.SZ: 重新投入 21,258,880 元 (权重:0.2000), 净值 1.4300, 份额 14866350
2025-12-12 10:12:08,301 - INFO - 20250317交易日 - ETF 588860.SH: 重新投入 21,258,880 元 (权重:0.2000), 净值 1.2410, 份额 17130443
2025-12-12 10:12:08,302 - INFO - 20250314策略，20250317交易日 - 继续持有5只ETF，当日净值: 1.0629，市值: 106,294,400元
2025-12-12 10:12:08,304 - INFO - 20250318交易日 - 无交易，持有5只ETF，当日净值: 1.0677，市值: 106,769,077元
2025-12-12 10:12:08,306 - INFO - 20250319交易日 - 无交易，持有5只ETF，当日净值: 1.0668，市值: 106,680,863元
2025-12-12 10:12:08,307 - INFO - 20250320交易日 - 无交易，持有5只ETF，当日净值: 1.0630，市值: 106,300,688元
2025-12-12 10:12:08,309 - INFO - 20250321交易日 - 无交易，持有5只ETF，当日净值: 1.0406，市值: 104,062,124元
2025-12-12 10:12:08,309 - INFO - 20250324交易日 - 检测到ETF组合变化，重新平衡投资组合
2025-12-12 10:12:08,311 - INFO - 20250324交易日 - ETF 588860.SH: 重新投入 20,679,063 元 (权重:0.2000), 净值 1.2092, 份额 17101441
2025-12-12 10:12:08,311 - INFO - 20250324交易日 - ETF 512800.SH: 重新投入 20,679,063 元 (权重:0.2000), 净值 1.5321, 份额 13497202
2025-12-12 10:12:08,312 - INFO - 20250324交易日 - ETF 159887.SZ: 重新投入 20,679,063 元 (权重:0.2000), 净值 1.2488, 份额 16559147
2025-12-12 10:12:08,312 - INFO - 20250324交易日 - ETF 159745.SZ: 重新投入 20,679,063 元 (权重:0.2000), 净值 0.5947, 份额 34772260
2025-12-12 10:12:08,312 - INFO - 20250324交易日 - ETF 159652.SZ: 重新投入 20,679,063 元 (权重:0.2000), 净值 0.9595, 份额 21551916
2025-12-12 10:12:08,313 - INFO - 20250321策略，20250324交易日 - 继续持有5只ETF，当日净值: 1.0340，市值: 103,395,315元
2025-12-12 10:12:08,315 - INFO - 20250325交易日 - 无交易，持有5只ETF，当日净值: 1.0371，市值: 103,714,781元
2025-12-12 10:12:08,317 - INFO - 20250326交易日 - 无交易，持有5只ETF，当日净值: 1.0295，市值: 102,954,416元
2025-12-12 10:12:08,318 - INFO - 20250327交易日 - 无交易，持有5只ETF，当日净值: 1.0358，市值: 103,578,241元
2025-12-12 10:12:08,320 - INFO - 20250328交易日 - 无交易，持有5只ETF，当日净值: 1.0342，市值: 103,420,194元
2025-12-12 10:12:08,320 - INFO - 20250331交易日 - 检测到ETF组合变化，重新平衡投资组合
2025-12-12 10:12:08,322 - INFO - 20250331交易日 - ETF 515100.SH: 重新投入 20,602,605 元 (权重:0.2000), 净值 1.8916, 份额 10891629
2025-12-12 10:12:08,323 - INFO - 20250331交易日 - ETF 159930.SZ: 重新投入 20,602,605 元 (权重:0.2000), 净值 1.2654, 份额 16281496
2025-12-12 10:12:08,323 - INFO - 20250331交易日 - ETF 512890.SH: 重新投入 20,602,605 元 (权重:0.2000), 净值 2.2232, 份额 9267095
2025-12-12 10:12:08,324 - INFO - 20250331交易日 - ETF 159745.SZ: 重新投入 20,602,605 元 (权重:0.2000), 净值 0.5856, 份额 35182044
2025-12-12 10:12:08,324 - INFO - 20250331交易日 - ETF 515210.SH: 重新投入 20,602,605 元 (权重:0.2000), 净值 1.4090, 份额 14622147
2025-12-12 10:12:08,326 - INFO - 20250328策略，20250331交易日 - 继续持有5只ETF，当日净值: 1.0301，市值: 103,013,025元
2025-12-12 10:12:08,327 - INFO - 20250401交易日 - 无交易，持有5只ETF，当日净值: 1.0380，市值: 103,799,003元
2025-12-12 10:12:08,329 - INFO - 20250402交易日 - 无交易，持有5只ETF，当日净值: 1.0364，市值: 103,642,474元
2025-12-12 10:12:08,331 - INFO - 20250403交易日 - 无交易，持有5只ETF，当日净值: 1.0404，市值: 104,038,725元
2025-12-12 10:12:08,331 - INFO - 20250407交易日 - 检测到ETF组合变化，重新平衡投资组合
2025-12-12 10:12:08,333 - INFO - 20250407交易日 - ETF 588250.SH: 重新投入 19,432,012 元 (权重:0.2000), 净值 0.9361, 份额 20758479
2025-12-12 10:12:08,333 - INFO - 20250407交易日 - ETF 510720.SH: 重新投入 19,432,012 元 (权重:0.2000), 净值 0.9474, 份额 20510885
2025-12-12 10:12:08,333 - INFO - 20250407交易日 - ETF 159745.SZ: 重新投入 19,432,012 元 (权重:0.2000), 净值 0.5506, 份额 35292431
2025-12-12 10:12:08,334 - INFO - 20250407交易日 - ETF 512890.SH: 重新投入 19,432,012 元 (权重:0.2000), 净值 2.1304, 份额 9121298
2025-12-12 10:12:08,334 - INFO - 20250407交易日 - ETF 510880.SH: 重新投入 19,432,012 元 (权重:0.2000), 净值 2.8544, 份额 6807740
2025-12-12 10:12:08,335 - INFO - 20250403策略，20250407交易日 - 继续持有5只ETF，当日净值: 0.9716，市值: 97,160,062元
2025-12-12 10:12:08,337 - INFO - 20250408交易日 - 无交易，持有5只ETF，当日净值: 0.9941，市值: 99,413,794元
2025-12-12 10:12:08,338 - INFO - 20250409交易日 - 无交易，持有5只ETF，当日净值: 1.0011，市值: 100,105,286元
2025-12-12 10:12:08,340 - INFO - 20250410交易日 - 无交易，持有5只ETF，当日净值: 1.0124，市值: 101,241,288元
2025-12-12 10:12:08,342 - INFO - 20250411交易日 - 无交易，持有5只ETF，当日净值: 1.0103，市值: 101,028,062元
2025-12-12 10:12:08,342 - INFO - 20250414交易日 - 检测到ETF组合变化，重新平衡投资组合
2025-12-12 10:12:08,344 - INFO - 20250414交易日 - ETF 159692.SZ: 重新投入 20,339,420 元 (权重:0.2000), 净值 1.1275, 份额 18039397
2025-12-12 10:12:08,344 - INFO - 20250414交易日 - ETF 512880.SH: 重新投入 20,339,420 元 (权重:0.2000), 净值 1.0308, 份额 19731684
2025-12-12 10:12:08,344 - INFO - 20250414交易日 - ETF 516970.SH: 重新投入 20,339,420 元 (权重:0.2000), 净值 1.0359, 份额 19634540
2025-12-12 10:12:08,345 - INFO - 20250414交易日 - ETF 563180.SH: 重新投入 20,339,420 元 (权重:0.2000), 净值 1.0293, 份额 19760439
2025-12-12 10:12:08,345 - INFO - 20250414交易日 - ETF 159993.SZ: 重新投入 20,339,420 元 (权重:0.2000), 净值 1.0971, 份额 18539258
2025-12-12 10:12:08,346 - INFO - 20250411策略，20250414交易日 - 继续持有5只ETF，当日净值: 1.0170，市值: 101,697,100元
2025-12-12 10:12:08,348 - INFO - 20250415交易日 - 无交易，持有5只ETF，当日净值: 1.0154，市值: 101,538,839元
2025-12-12 10:12:08,350 - INFO - 20250416交易日 - 无交易，持有5只ETF，当日净值: 1.0168，市值: 101,683,410元
2025-12-12 10:12:08,351 - INFO - 20250417交易日 - 无交易，持有5只ETF，当日净值: 1.0161，市值: 101,612,770元
2025-12-12 10:12:08,353 - INFO - 20250418交易日 - 无交易，持有5只ETF，当日净值: 1.0200，市值: 101,998,150元
2025-12-12 10:12:08,353 - INFO - 20250421交易日 - 检测到ETF组合变化，重新平衡投资组合
2025-12-12 10:12:08,355 - INFO - 20250421交易日 - ETF 159736.SZ: 重新投入 20,456,242 元 (权重:0.2000), 净值 0.7286, 份额 28076094
2025-12-12 10:12:08,355 - INFO - 20250421交易日 - ETF 159993.SZ: 重新投入 20,456,242 元 (权重:0.2000), 净值 1.1041, 份额 18527526
2025-12-12 10:12:08,356 - INFO - 20250421交易日 - ETF 159692.SZ: 重新投入 20,456,242 元 (权重:0.2000), 净值 1.1353, 份额 18018358
2025-12-12 10:12:08,356 - INFO - 20250421交易日 - ETF 159887.SZ: 重新投入 20,456,242 元 (权重:0.2000), 净值 1.2454, 份额 16425439
2025-12-12 10:12:08,356 - INFO - 20250421交易日 - ETF 159930.SZ: 重新投入 20,456,242 元 (权重:0.2000), 净值 1.2363, 份额 16546341
2025-12-12 10:12:08,358 - INFO - 20250418策略，20250421交易日 - 继续持有5只ETF，当日净值: 1.0228，市值: 102,281,209元
2025-12-12 10:12:08,359 - INFO - 20250422交易日 - 无交易，持有5只ETF，当日净值: 1.0238，市值: 102,383,630元
2025-12-12 10:12:08,361 - INFO - 20250423交易日 - 无交易，持有5只ETF，当日净值: 1.0226，市值: 102,259,061元
2025-12-12 10:12:08,363 - INFO - 20250424交易日 - 无交易，持有5只ETF，当日净值: 1.0240，市值: 102,398,640元
2025-12-12 10:12:08,364 - INFO - 20250425交易日 - 无交易，持有5只ETF，当日净值: 1.0244，市值: 102,436,120元
2025-12-12 10:12:08,365 - INFO - 20250428交易日 - 检测到ETF组合变化，重新平衡投资组合
2025-12-12 10:12:08,366 - INFO - 20250428交易日 - ETF 159993.SZ: 重新投入 20,430,415 元 (权重:0.2000), 净值 1.1014, 份额 18549496
2025-12-12 10:12:08,367 - INFO - 20250428交易日 - ETF 512880.SH: 重新投入 20,430,415 元 (权重:0.2000), 净值 1.0325, 份额 19787326
2025-12-12 10:12:08,367 - INFO - 20250428交易日 - ETF 512070.SH: 重新投入 20,430,415 元 (权重:0.2000), 净值 2.2092, 份额 9247879
2025-12-12 10:12:08,367 - INFO - 20250428交易日 - ETF 515630.SH: 重新投入 20,430,415 元 (权重:0.2000), 净值 1.1880, 份额 17197319
2025-12-12 10:12:08,368 - INFO - 20250428交易日 - ETF 159692.SZ: 重新投入 20,430,415 元 (权重:0.2000), 净值 1.1340, 份额 18016239
2025-12-12 10:12:08,369 - INFO - 20250425策略，20250428交易日 - 继续持有5只ETF，当日净值: 1.0215，市值: 102,152,073元
2025-12-12 10:12:08,371 - INFO - 20250429交易日 - 无交易，持有5只ETF，当日净值: 1.0177，市值: 101,772,592元
2025-12-12 10:12:08,372 - INFO - 20250430交易日 - 无交易，持有5只ETF，当日净值: 1.0198，市值: 101,978,163元
2025-12-12 10:12:08,373 - INFO - 20250506交易日 - 检测到ETF组合变化，重新平衡投资组合
2025-12-12 10:12:08,374 - INFO - 20250506交易日 - ETF 159887.SZ: 重新投入 20,646,007 元 (权重:0.2000), 净值 1.2362, 份额 16701187
2025-12-12 10:12:08,375 - INFO - 20250506交易日 - ETF 512800.SH: 重新投入 20,646,007 元 (权重:0.2000), 净值 1.5183, 份额 13598108
2025-12-12 10:12:08,375 - INFO - 20250506交易日 - ETF 512070.SH: 重新投入 20,646,007 元 (权重:0.2000), 净值 2.2215, 份额 9293724
2025-12-12 10:12:08,375 - INFO - 20250506交易日 - ETF 159993.SZ: 重新投入 20,646,007 元 (权重:0.2000), 净值 1.1135, 份额 18541542
2025-12-12 10:12:08,376 - INFO - 20250506交易日 - ETF 159692.SZ: 重新投入 20,646,007 元 (权重:0.2000), 净值 1.1478, 份额 17987460
2025-12-12 10:12:08,377 - INFO - 20250430策略，20250506交易日 - 继续持有5只ETF，当日净值: 1.0323，市值: 103,230,035元
2025-12-12 10:12:08,379 - INFO - 20250507交易日 - 无交易，持有5只ETF，当日净值: 1.0431，市值: 104,311,989元
2025-12-12 10:12:08,380 - INFO - 20250508交易日 - 无交易，持有5只ETF，当日净值: 1.0504，市值: 105,036,528元
2025-12-12 10:12:08,382 - INFO - 20250509交易日 - 无交易，持有5只ETF，当日净值: 1.0505，市值: 105,048,734元
2025-12-12 10:12:08,383 - INFO - 20250512交易日 - 检测到ETF组合变化，重新平衡投资组合
2025-12-12 10:12:08,384 - INFO - 20250512交易日 - ETF 159869.SZ: 重新投入 21,304,830 元 (权重:0.2000), 净值 1.1078, 份额 19231658
2025-12-12 10:12:08,385 - INFO - 20250512交易日 - ETF 510230.SH: 重新投入 21,304,830 元 (权重:0.2000), 净值 2.2055, 份额 9659864
2025-12-12 10:12:08,385 - INFO - 20250512交易日 - ETF 159207.SZ: 重新投入 21,304,830 元 (权重:0.2000), 净值 1.0234, 份额 20817696
2025-12-12 10:12:08,385 - INFO - 20250512交易日 - ETF 512800.SH: 重新投入 21,304,830 元 (权重:0.2000), 净值 1.5815, 份额 13471281
2025-12-12 10:12:08,386 - INFO - 20250512交易日 - ETF 159887.SZ: 重新投入 21,304,830 元 (权重:0.2000), 净值 1.2880, 份额 16541017
2025-12-12 10:12:08,387 - INFO - 20250509策略，20250512交易日 - 继续持有5只ETF，当日净值: 1.0652，市值: 106,524,151元
2025-12-12 10:12:08,389 - INFO - 20250513交易日 - 无交易，持有5只ETF，当日净值: 1.0734，市值: 107,341,322元
2025-12-12 10:12:08,390 - INFO - 20250514交易日 - 无交易，持有5只ETF，当日净值: 1.0818，市值: 108,176,378元
2025-12-12 10:12:08,392 - INFO - 20250515交易日 - 无交易，持有5只ETF，当日净值: 1.0735，市值: 107,345,130元
2025-12-12 10:12:08,394 - INFO - 20250516交易日 - 无交易，持有5只ETF，当日净值: 1.0670，市值: 106,703,147元
2025-12-12 10:12:08,394 - INFO - 20250519交易日 - 检测到ETF组合变化，重新平衡投资组合
2025-12-12 10:12:08,396 - INFO - 20250519交易日 - ETF 512800.SH: 重新投入 21,327,599 元 (权重:0.2000), 净值 1.5961, 份额 13362320
2025-12-12 10:12:08,396 - INFO - 20250519交易日 - ETF 159887.SZ: 重新投入 21,327,599 元 (权重:0.2000), 净值 1.2994, 份额 16413421
2025-12-12 10:12:08,397 - INFO - 20250519交易日 - ETF 512530.SH: 重新投入 21,327,599 元 (权重:0.2000), 净值 1.4981, 份额 14236432
2025-12-12 10:12:08,397 - INFO - 20250519交易日 - ETF 159207.SZ: 重新投入 21,327,599 元 (权重:0.2000), 净值 1.0332, 份额 20642276
2025-12-12 10:12:08,397 - INFO - 20250519交易日 - ETF 510230.SH: 重新投入 21,327,599 元 (权重:0.2000), 净值 2.2184, 份额 9613956
2025-12-12 10:12:08,399 - INFO - 20250516策略，20250519交易日 - 继续持有5只ETF，当日净值: 1.0664，市值: 106,637,997元
2025-12-12 10:12:08,400 - INFO - 20250520交易日 - 无交易，持有5只ETF，当日净值: 1.0690，市值: 106,899,737元
2025-12-12 10:12:08,402 - INFO - 20250521交易日 - 无交易，持有5只ETF，当日净值: 1.0766，市值: 107,664,332元
2025-12-12 10:12:08,402 - INFO - 20250522交易日 - 检测到ETF组合变化，重新平衡投资组合
2025-12-12 10:12:08,404 - INFO - 20250522交易日 - ETF 512800.SH: 重新投入 21,633,264 元 (权重:0.2000), 净值 1.6260, 份额 13304590
2025-12-12 10:12:08,404 - INFO - 20250522交易日 - ETF 159790.SZ: 重新投入 21,633,264 元 (权重:0.2000), 净值 0.5594, 份额 38672262
2025-12-12 10:12:08,405 - INFO - 20250522交易日 - ETF 159887.SZ: 重新投入 21,633,264 元 (权重:0.2000), 净值 1.3227, 份额 16355382
2025-12-12 10:12:08,405 - INFO - 20250522交易日 - ETF 159207.SZ: 重新投入 21,633,264 元 (权重:0.2000), 净值 1.0448, 份额 20705650
2025-12-12 10:12:08,405 - INFO - 20250522交易日 - ETF 159758.SZ: 重新投入 21,633,264 元 (权重:0.2000), 净值 0.9204, 份额 23504198
2025-12-12 10:12:08,407 - INFO - 20250521策略，20250522交易日 - 继续持有5只ETF，当日净值: 1.0817，市值: 108,166,318元
2025-12-12 10:12:08,408 - INFO - 20250523交易日 - 无交易，持有5只ETF，当日净值: 1.0723，市值: 107,233,523元
2025-12-12 10:12:08,410 - INFO - 20250526交易日 - 无交易，持有5只ETF，当日净值: 1.0663，市值: 106,632,940元
2025-12-12 10:12:08,412 - INFO - 20250527交易日 - 无交易，持有5只ETF，当日净值: 1.0663，市值: 106,634,791元
2025-12-12 10:12:08,414 - INFO - 20250528交易日 - 无交易，持有5只ETF，当日净值: 1.0680，市值: 106,801,849元
2025-12-12 10:12:08,415 - INFO - 20250529交易日 - 无交易，持有5只ETF，当日净值: 1.0697，市值: 106,971,456元
2025-12-12 10:12:08,417 - INFO - 20250530交易日 - 无交易，持有5只ETF，当日净值: 1.0691，市值: 106,914,265元
2025-12-12 10:12:08,417 - INFO - 20250603交易日 - 检测到ETF组合变化，重新平衡投资组合
2025-12-12 10:12:08,419 - INFO - 20250603交易日 - ETF 512800.SH: 重新投入 21,571,580 元 (权重:0.2000), 净值 1.6427, 份额 13131783
2025-12-12 10:12:08,420 - INFO - 20250603交易日 - ETF 512890.SH: 重新投入 21,571,580 元 (权重:0.2000), 净值 2.3368, 份额 9231248
2025-12-12 10:12:08,420 - INFO - 20250603交易日 - ETF 159887.SZ: 重新投入 21,571,580 元 (权重:0.2000), 净值 1.3336, 份额 16175450
2025-12-12 10:12:08,420 - INFO - 20250603交易日 - ETF 159996.SZ: 重新投入 21,571,580 元 (权重:0.2000), 净值 1.3176, 份额 16371873
2025-12-12 10:12:08,420 - INFO - 20250603交易日 - ETF 159207.SZ: 重新投入 21,571,580 元 (权重:0.2000), 净值 1.0492, 份额 20560027
2025-12-12 10:12:08,422 - INFO - 20250530策略，20250603交易日 - 继续持有5只ETF，当日净值: 1.0786，市值: 107,857,900元
2025-12-12 10:12:08,422 - INFO - 20250604交易日 - 检测到ETF组合变化，重新平衡投资组合
2025-12-12 10:12:08,424 - INFO - 20250604交易日 - ETF 512800.SH: 重新投入 21,651,540 元 (权重:0.2000), 净值 1.6436, 份额 13173242
2025-12-12 10:12:08,424 - INFO - 20250604交易日 - ETF 515100.SH: 重新投入 21,651,540 元 (权重:0.2000), 净值 1.9264, 份额 11239379
2025-12-12 10:12:08,425 - INFO - 20250604交易日 - ETF 159207.SZ: 重新投入 21,651,540 元 (权重:0.2000), 净值 1.0555, 份额 20513065
2025-12-12 10:12:08,425 - INFO - 20250604交易日 - ETF 159887.SZ: 重新投入 21,651,540 元 (权重:0.2000), 净值 1.3328, 份额 16245153
2025-12-12 10:12:08,425 - INFO - 20250604交易日 - ETF 512890.SH: 重新投入 21,651,540 元 (权重:0.2000), 净值 2.3474, 份额 9223626
2025-12-12 10:12:08,427 - INFO - 20250603策略，20250604交易日 - 继续持有5只ETF，当日净值: 1.0826，市值: 108,257,700元
2025-12-12 10:12:08,428 - INFO - 20250605交易日 - 无交易，持有5只ETF，当日净值: 1.0757，市值: 107,570,537元
2025-12-12 10:12:08,430 - INFO - 20250606交易日 - 无交易，持有5只ETF，当日净值: 1.0779，市值: 107,790,881元
2025-12-12 10:12:08,432 - INFO - 20250609交易日 - 无交易，持有5只ETF，当日净值: 1.0806，市值: 108,061,243元
2025-12-12 10:12:08,434 - INFO - 20250610交易日 - 无交易，持有5只ETF，当日净值: 1.0832，市值: 108,317,263元
2025-12-12 10:12:08,435 - INFO - 20250611交易日 - 无交易，持有5只ETF，当日净值: 1.0862，市值: 108,618,333元
2025-12-12 10:12:08,437 - INFO - 20250612交易日 - 无交易，持有5只ETF，当日净值: 1.0890，市值: 108,904,570元
2025-12-12 10:12:08,439 - INFO - 20250613交易日 - 无交易，持有5只ETF，当日净值: 1.0803，市值: 108,034,544元
2025-12-12 10:12:08,439 - INFO - 20250616交易日 - 检测到ETF组合变化，重新平衡投资组合
2025-12-12 10:12:08,441 - INFO - 20250616交易日 - ETF 512800.SH: 重新投入 21,739,057 元 (权重:0.2000), 净值 1.6698, 份额 13018958
2025-12-12 10:12:08,441 - INFO - 20250616交易日 - ETF 510230.SH: 重新投入 21,739,057 元 (权重:0.2000), 净值 2.2908, 份额 9489723
2025-12-12 10:12:08,442 - INFO - 20250616交易日 - ETF 560860.SH: 重新投入 21,739,057 元 (权重:0.2000), 净值 0.8676, 份额 25056543
2025-12-12 10:12:08,442 - INFO - 20250616交易日 - ETF 159887.SZ: 重新投入 21,739,057 元 (权重:0.2000), 净值 1.3568, 份额 16022300
2025-12-12 10:12:08,442 - INFO - 20250616交易日 - ETF 515630.SH: 重新投入 21,739,057 元 (权重:0.2000), 净值 1.2679, 份额 17145719
2025-12-12 10:12:08,444 - INFO - 20250613策略，20250616交易日 - 继续持有5只ETF，当日净值: 1.0870，市值: 108,695,283元
2025-12-12 10:12:08,445 - INFO - 20250617交易日 - 无交易，持有5只ETF，当日净值: 1.0863，市值: 108,627,591元
2025-12-12 10:12:08,447 - INFO - 20250618交易日 - 无交易，持有5只ETF，当日净值: 1.0871，市值: 108,714,980元
2025-12-12 10:12:08,449 - INFO - 20250619交易日 - 无交易，持有5只ETF，当日净值: 1.0779，市值: 107,790,549元
2025-12-12 10:12:08,451 - INFO - 20250620交易日 - 无交易，持有5只ETF，当日净值: 1.0860，市值: 108,597,139元
2025-12-12 10:12:08,451 - INFO - 20250623交易日 - 检测到ETF组合变化，重新平衡投资组合
2025-12-12 10:12:08,453 - INFO - 20250623交易日 - ETF 515630.SH: 重新投入 21,940,344 元 (权重:0.2000), 净值 1.2526, 份额 17515842
2025-12-12 10:12:08,453 - INFO - 20250623交易日 - ETF 512800.SH: 重新投入 21,940,344 元 (权重:0.2000), 净值 1.7200, 份额 12756014
2025-12-12 10:12:08,453 - INFO - 20250623交易日 - ETF 159887.SZ: 重新投入 21,940,344 元 (权重:0.2000), 净值 1.3983, 份额 15690727
2025-12-12 10:12:08,454 - INFO - 20250623交易日 - ETF 560860.SH: 重新投入 21,940,344 元 (权重:0.2000), 净值 0.8513, 份额 25772752
2025-12-12 10:12:08,454 - INFO - 20250623交易日 - ETF 512880.SH: 重新投入 21,940,344 元 (权重:0.2000), 净值 1.0715, 份额 20476289
2025-12-12 10:12:08,455 - INFO - 20250620策略，20250623交易日 - 继续持有5只ETF，当日净值: 1.0970，市值: 109,701,721元
2025-12-12 10:12:08,457 - INFO - 20250624交易日 - 无交易，持有5只ETF，当日净值: 1.1120，市值: 111,202,230元
2025-12-12 10:12:08,459 - INFO - 20250625交易日 - 无交易，持有5只ETF，当日净值: 1.1403，市值: 114,031,030元
2025-12-12 10:12:08,461 - INFO - 20250626交易日 - 无交易，持有5只ETF，当日净值: 1.1385，市值: 113,845,346元
2025-12-12 10:12:08,462 - INFO - 20250627交易日 - 无交易，持有5只ETF，当日净值: 1.1303，市值: 113,033,377元
2025-12-12 10:12:08,463 - INFO - 20250630交易日 - 检测到ETF组合变化，重新平衡投资组合
2025-12-12 10:12:08,465 - INFO - 20250630交易日 - ETF 159869.SZ: 重新投入 22,562,889 元 (权重:0.2000), 净值 1.2788, 份额 17643798
2025-12-12 10:12:08,465 - INFO - 20250630交易日 - ETF 159887.SZ: 重新投入 22,562,889 元 (权重:0.2000), 净值 1.3893, 份额 16240473
2025-12-12 10:12:08,466 - INFO - 20250630交易日 - ETF 159652.SZ: 重新投入 22,562,889 元 (权重:0.2000), 净值 0.9822, 份额 22971787
2025-12-12 10:12:08,466 - INFO - 20250630交易日 - ETF 159852.SZ: 重新投入 22,562,889 元 (权重:0.2000), 净值 0.8104, 份额 27841670
2025-12-12 10:12:08,467 - INFO - 20250630交易日 - ETF 159363.SZ: 重新投入 22,562,889 元 (权重:0.2000), 净值 1.0704, 份额 21078932
2025-12-12 10:12:08,468 - INFO - 20250627策略，20250630交易日 - 继续持有5只ETF，当日净值: 1.1281，市值: 112,814,445元
2025-12-12 10:12:08,470 - INFO - 20250701交易日 - 无交易，持有5只ETF，当日净值: 1.1308，市值: 113,083,377元
2025-12-12 10:12:08,472 - INFO - 20250702交易日 - 无交易，持有5只ETF，当日净值: 1.1227，市值: 112,269,136元
2025-12-12 10:12:08,474 - INFO - 20250703交易日 - 无交易，持有5只ETF，当日净值: 1.1269，市值: 112,693,051元
2025-12-12 10:12:08,475 - INFO - 20250704交易日 - 无交易，持有5只ETF，当日净值: 1.1315，市值: 113,148,956元
2025-12-12 10:12:08,476 - INFO - 20250707交易日 - 检测到ETF组合变化，重新平衡投资组合
2025-12-12 10:12:08,478 - INFO - 20250707交易日 - ETF 159887.SZ: 重新投入 22,478,712 元 (权重:0.2000), 净值 1.4525, 份额 15475877
2025-12-12 10:12:08,478 - INFO - 20250707交易日 - ETF 515880.SH: 重新投入 22,478,712 元 (权重:0.2000), 净值 1.4203, 份额 15826735
2025-12-12 10:12:08,478 - INFO - 20250707交易日 - ETF 159652.SZ: 重新投入 22,478,712 元 (权重:0.2000), 净值 0.9867, 份额 22781708
2025-12-12 10:12:08,479 - INFO - 20250707交易日 - ETF 560860.SH: 重新投入 22,478,712 元 (权重:0.2000), 净值 0.8957, 份额 25096251
2025-12-12 10:12:08,479 - INFO - 20250707交易日 - ETF 512800.SH: 重新投入 22,478,712 元 (权重:0.2000), 净值 1.7850, 份额 12593116
2025-12-12 10:12:08,480 - INFO - 20250704策略，20250707交易日 - 继续持有5只ETF，当日净值: 1.1239，市值: 112,393,559元
2025-12-12 10:12:08,482 - INFO - 20250708交易日 - 无交易，持有5只ETF，当日净值: 1.1374，市值: 113,738,256元
2025-12-12 10:12:08,484 - INFO - 20250709交易日 - 无交易，持有5只ETF，当日净值: 1.1299，市值: 112,992,707元
2025-12-12 10:12:08,486 - INFO - 20250710交易日 - 无交易，持有5只ETF，当日净值: 1.1426，市值: 114,261,106元
2025-12-12 10:12:08,488 - INFO - 20250711交易日 - 无交易，持有5只ETF，当日净值: 1.1438，市值: 114,380,041元
2025-12-12 10:12:08,488 - INFO - 20250714交易日 - 检测到ETF组合变化，重新平衡投资组合
2025-12-12 10:12:08,490 - INFO - 20250714交易日 - ETF 515100.SH: 重新投入 22,964,319 元 (权重:0.2000), 净值 1.9822, 份额 11585268
2025-12-12 10:12:08,490 - INFO - 20250714交易日 - ETF 561580.SH: 重新投入 22,964,319 元 (权重:0.2000), 净值 1.2797, 份额 17945080
2025-12-12 10:12:08,490 - INFO - 20250714交易日 - ETF 512800.SH: 重新投入 22,964,319 元 (权重:0.2000), 净值 1.7868, 份额 12852204
2025-12-12 10:12:08,491 - INFO - 20250714交易日 - ETF 515880.SH: 重新投入 22,964,319 元 (权重:0.2000), 净值 1.4822, 份额 15493401
2025-12-12 10:12:08,491 - INFO - 20250714交易日 - ETF 159887.SZ: 重新投入 22,964,319 元 (权重:0.2000), 净值 1.4533, 份额 15801499
2025-12-12 10:12:08,492 - INFO - 20250711策略，20250714交易日 - 继续持有5只ETF，当日净值: 1.1482，市值: 114,821,594元
2025-12-12 10:12:08,494 - INFO - 20250715交易日 - 无交易，持有5只ETF，当日净值: 1.1544，市值: 115,439,167元
2025-12-12 10:12:08,496 - INFO - 20250716交易日 - 无交易，持有5只ETF，当日净值: 1.1521，市值: 115,205,672元
2025-12-12 10:12:08,498 - INFO - 20250717交易日 - 无交易，持有5只ETF，当日净值: 1.1595，市值: 115,948,675元
2025-12-12 10:12:08,498 - INFO - 20250718交易日 - 检测到ETF组合变化，重新平衡投资组合
2025-12-12 10:12:08,500 - INFO - 20250718交易日 - ETF 515100.SH: 重新投入 23,278,028 元 (权重:0.2000), 净值 1.9738, 份额 11793509
2025-12-12 10:12:08,500 - INFO - 20250718交易日 - ETF 512800.SH: 重新投入 23,278,028 元 (权重:0.2000), 净值 1.7672, 份额 13172266
2025-12-12 10:12:08,501 - INFO - 20250718交易日 - ETF 159887.SZ: 重新投入 23,278,028 元 (权重:0.2000), 净值 1.4375, 份额 16193411
2025-12-12 10:12:08,501 - INFO - 20250718交易日 - ETF 561580.SH: 重新投入 23,278,028 元 (权重:0.2000), 净值 1.2765, 份额 18235823
2025-12-12 10:12:08,501 - INFO - 20250718交易日 - ETF 512890.SH: 重新投入 23,278,028 元 (权重:0.2000), 净值 2.4268, 份额 9592067
2025-12-12 10:12:08,503 - INFO - 20250717策略，20250718交易日 - 继续持有5只ETF，当日净值: 1.1639，市值: 116,390,139元
2025-12-12 10:12:08,505 - INFO - 20250721交易日 - 无交易，持有5只ETF，当日净值: 1.1652，市值: 116,524,829元
2025-12-12 10:12:08,506 - INFO - 20250722交易日 - 无交易，持有5只ETF，当日净值: 1.1670，市值: 116,698,596元
2025-12-12 10:12:08,508 - INFO - 20250723交易日 - 无交易，持有5只ETF，当日净值: 1.1671，市值: 116,707,108元
2025-12-12 10:12:08,510 - INFO - 20250724交易日 - 无交易，持有5只ETF，当日净值: 1.1597，市值: 115,973,776元
2025-12-12 10:12:08,512 - INFO - 20250725交易日 - 无交易，持有5只ETF，当日净值: 1.1543，市值: 115,434,828元
2025-12-12 10:12:08,512 - INFO - 20250728交易日 - 检测到ETF组合变化，重新平衡投资组合
2025-12-12 10:12:08,514 - INFO - 20250728交易日 - ETF 159263.SZ: 重新投入 23,023,444 元 (权重:0.2000), 净值 1.0199, 份额 22574217
2025-12-12 10:12:08,514 - INFO - 20250728交易日 - ETF 560860.SH: 重新投入 23,023,444 元 (权重:0.2000), 净值 1.0401, 份额 22135798
2025-12-12 10:12:08,515 - INFO - 20250728交易日 - ETF 563390.SH: 重新投入 23,023,444 元 (权重:0.2000), 净值 1.1035, 份额 20864018
2025-12-12 10:12:08,515 - INFO - 20250728交易日 - ETF 588700.SH: 重新投入 23,023,444 元 (权重:0.2000), 净值 1.1759, 份额 19579423
2025-12-12 10:12:08,515 - INFO - 20250728交易日 - ETF 515210.SH: 重新投入 23,023,444 元 (权重:0.2000), 净值 1.5674, 份额 14688939
2025-12-12 10:12:08,517 - INFO - 20250725策略，20250728交易日 - 继续持有5只ETF，当日净值: 1.1512，市值: 115,117,218元
2025-12-12 10:12:08,519 - INFO - 20250729交易日 - 无交易，持有5只ETF，当日净值: 1.1598，市值: 115,977,507元
2025-12-12 10:12:08,521 - INFO - 20250730交易日 - 无交易，持有5只ETF，当日净值: 1.1616，市值: 116,162,083元
2025-12-12 10:12:08,522 - INFO - 20250731交易日 - 无交易，持有5只ETF，当日净值: 1.1328，市值: 113,276,279元
2025-12-12 10:12:08,524 - INFO - 20250801交易日 - 无交易，持有5只ETF，当日净值: 1.1287，市值: 112,872,800元
2025-12-12 10:12:08,525 - INFO - 20250804交易日 - 检测到ETF组合变化，重新平衡投资组合
2025-12-12 10:12:08,526 - INFO - 20250804交易日 - ETF 588170.SH: 重新投入 22,650,105 元 (权重:0.2000), 净值 1.0633, 份额 21301707
2025-12-12 10:12:08,527 - INFO - 20250804交易日 - ETF 159516.SZ: 重新投入 22,650,105 元 (权重:0.2000), 净值 1.0826, 份额 20921951
2025-12-12 10:12:08,527 - INFO - 20250804交易日 - ETF 588910.SH: 重新投入 22,650,105 元 (权重:0.2000), 净值 1.0934, 份额 20715296
2025-12-12 10:12:08,527 - INFO - 20250804交易日 - ETF 588010.SH: 重新投入 22,650,105 元 (权重:0.2000), 净值 0.6674, 份额 33937825
2025-12-12 10:12:08,528 - INFO - 20250804交易日 - ETF 561980.SH: 重新投入 22,650,105 元 (权重:0.2000), 净值 1.3556, 份额 16708546
2025-12-12 10:12:08,529 - INFO - 20250801策略，20250804交易日 - 继续持有5只ETF，当日净值: 1.1325，市值: 113,250,523元
2025-12-12 10:12:08,531 - INFO - 20250805交易日 - 无交易，持有5只ETF，当日净值: 1.1369，市值: 113,688,990元
2025-12-12 10:12:08,533 - INFO - 20250806交易日 - 无交易，持有5只ETF，当日净值: 1.1460，市值: 114,600,839元
2025-12-12 10:12:08,535 - INFO - 20250807交易日 - 无交易，持有5只ETF，当日净值: 1.1436，市值: 114,362,931元
2025-12-12 10:12:08,537 - INFO - 20250808交易日 - 无交易，持有5只ETF，当日净值: 1.1319，市值: 113,194,174元
2025-12-12 10:12:08,537 - INFO - 20250811交易日 - 检测到ETF组合变化，重新平衡投资组合
2025-12-12 10:12:08,539 - INFO - 20250811交易日 - ETF 588230.SH: 重新投入 22,853,964 元 (权重:0.2000), 净值 1.3412, 份额 17039937
2025-12-12 10:12:08,539 - INFO - 20250811交易日 - ETF 588170.SH: 重新投入 22,853,964 元 (权重:0.2000), 净值 1.0590, 份额 21580702
2025-12-12 10:12:08,540 - INFO - 20250811交易日 - ETF 588010.SH: 重新投入 22,853,964 元 (权重:0.2000), 净值 0.6845, 份额 33387821
2025-12-12 10:12:08,540 - INFO - 20250811交易日 - ETF 561580.SH: 重新投入 22,853,964 元 (权重:0.2000), 净值 1.2885, 份额 17736875
2025-12-12 10:12:08,540 - INFO - 20250811交易日 - ETF 515880.SH: 重新投入 22,853,964 元 (权重:0.2000), 净值 1.7997, 份额 12698763
2025-12-12 10:12:08,542 - INFO - 20250808策略，20250811交易日 - 继续持有5只ETF，当日净值: 1.1427，市值: 114,269,818元
2025-12-12 10:12:08,544 - INFO - 20250812交易日 - 无交易，持有5只ETF，当日净值: 1.1528，市值: 115,282,340元
2025-12-12 10:12:08,545 - INFO - 20250813交易日 - 无交易，持有5只ETF，当日净值: 1.1845，市值: 118,447,658元
2025-12-12 10:12:08,547 - INFO - 20250814交易日 - 无交易，持有5只ETF，当日净值: 1.1620，市值: 116,203,436元
2025-12-12 10:12:08,548 - INFO - 20250815交易日 - 检测到ETF组合变化，重新平衡投资组合
2025-12-12 10:12:08,550 - INFO - 20250815交易日 - ETF 159768.SZ: 重新投入 23,704,442 元 (权重:0.2000), 净值 0.5940, 份额 39906468
2025-12-12 10:12:08,550 - INFO - 20250815交易日 - ETF 515880.SH: 重新投入 23,704,442 元 (权重:0.2000), 净值 1.9499, 份额 12156748
2025-12-12 10:12:08,550 - INFO - 20250815交易日 - ETF 159707.SZ: 重新投入 23,704,442 元 (权重:0.2000), 净值 0.6605, 份额 35888633
2025-12-12 10:12:08,550 - INFO - 20250815交易日 - ETF 515210.SH: 重新投入 23,704,442 元 (权重:0.2000), 净值 1.5616, 份额 15179586
2025-12-12 10:12:08,551 - INFO - 20250815交易日 - ETF 159583.SZ: 重新投入 23,704,442 元 (权重:0.2000), 净值 1.6092, 份额 14730575
2025-12-12 10:12:08,552 - INFO - 20250814策略，20250815交易日 - 继续持有5只ETF，当日净值: 1.1852，市值: 118,522,210元
2025-12-12 10:12:08,554 - INFO - 20250818交易日 - 无交易，持有5只ETF，当日净值: 1.2042，市值: 120,417,418元
2025-12-12 10:12:08,556 - INFO - 20250819交易日 - 无交易，持有5只ETF，当日净值: 1.2235，市值: 122,352,650元
2025-12-12 10:12:08,558 - INFO - 20250820交易日 - 无交易，持有5只ETF，当日净值: 1.2251，市值: 122,512,450元
2025-12-12 10:12:08,560 - INFO - 20250821交易日 - 无交易，持有5只ETF，当日净值: 1.2189，市值: 121,887,723元
2025-12-12 10:12:08,561 - INFO - 20250822交易日 - 无交易，持有5只ETF，当日净值: 1.2428，市值: 124,283,457元
2025-12-12 10:12:08,562 - INFO - 20250825交易日 - 检测到ETF组合变化，重新平衡投资组合
2025-12-12 10:12:08,564 - INFO - 20250825交易日 - ETF 159583.SZ: 重新投入 25,965,995 元 (权重:0.2000), 净值 1.9279, 份额 13468538
2025-12-12 10:12:08,564 - INFO - 20250825交易日 - ETF 515880.SH: 重新投入 25,965,995 元 (权重:0.2000), 净值 2.3082, 份额 11249456
2025-12-12 10:12:08,564 - INFO - 20250825交易日 - ETF 159566.SZ: 重新投入 25,965,995 元 (权重:0.2000), 净值 1.6668, 份额 15578351
2025-12-12 10:12:08,565 - INFO - 20250825交易日 - ETF 515050.SH: 重新投入 25,965,995 元 (权重:0.2000), 净值 1.7557, 份额 14789540
2025-12-12 10:12:08,565 - INFO - 20250825交易日 - ETF 515980.SH: 重新投入 25,965,995 元 (权重:0.2000), 净值 1.5557, 份额 16690875
2025-12-12 10:12:08,566 - INFO - 20250822策略，20250825交易日 - 继续持有5只ETF，当日净值: 1.2983，市值: 129,829,973元
2025-12-12 10:12:08,568 - INFO - 20250826交易日 - 无交易，持有5只ETF，当日净值: 1.2883，市值: 128,826,675元
2025-12-12 10:12:08,570 - INFO - 20250827交易日 - 无交易，持有5只ETF，当日净值: 1.3100，市值: 131,003,740元
2025-12-12 10:12:08,572 - INFO - 20250828交易日 - 无交易，持有5只ETF，当日净值: 1.4020，市值: 140,199,803元
2025-12-12 10:12:08,574 - INFO - 20250829交易日 - 无交易，持有5只ETF，当日净值: 1.4104，市值: 141,043,041元
2025-12-12 10:12:08,575 - INFO - 20250901交易日 - 检测到ETF组合变化，重新平衡投资组合
2025-12-12 10:12:08,577 - INFO - 20250901交易日 - ETF 515980.SH: 重新投入 29,401,384 元 (权重:0.2000), 净值 1.7439, 份额 16859558
2025-12-12 10:12:08,577 - INFO - 20250901交易日 - ETF 515880.SH: 重新投入 29,401,384 元 (权重:0.2000), 净值 2.7056, 份额 10866863
2025-12-12 10:12:08,577 - INFO - 20250901交易日 - ETF 159870.SZ: 重新投入 29,401,384 元 (权重:0.2000), 净值 0.6933, 份额 42407881
2025-12-12 10:12:08,577 - INFO - 20250901交易日 - ETF 561100.SH: 重新投入 29,401,384 元 (权重:0.2000), 净值 1.2491, 份额 23538054
2025-12-12 10:12:08,578 - INFO - 20250901交易日 - ETF 515050.SH: 重新投入 29,401,384 元 (权重:0.2000), 净值 2.0226, 份额 14536430
2025-12-12 10:12:08,579 - INFO - 20250829策略，20250901交易日 - 继续持有5只ETF，当日净值: 1.4701，市值: 147,006,919元
2025-12-12 10:12:08,581 - INFO - 20250902交易日 - 无交易，持有5只ETF，当日净值: 1.4080，市值: 140,796,298元
2025-12-12 10:12:08,583 - INFO - 20250903交易日 - 无交易，持有5只ETF，当日净值: 1.4124，市值: 141,241,554元
2025-12-12 10:12:08,585 - INFO - 20250904交易日 - 无交易，持有5只ETF，当日净值: 1.3217，市值: 132,168,502元
2025-12-12 10:12:08,587 - INFO - 20250905交易日 - 无交易，持有5只ETF，当日净值: 1.3907，市值: 139,072,227元
2025-12-12 10:12:08,587 - INFO - 20250908交易日 - 检测到ETF组合变化，重新平衡投资组合
2025-12-12 10:12:08,589 - INFO - 20250908交易日 - ETF 159583.SZ: 重新投入 27,438,507 元 (权重:0.2000), 净值 1.9743, 份额 13897841
2025-12-12 10:12:08,589 - INFO - 20250908交易日 - ETF 159363.SZ: 重新投入 27,438,507 元 (权重:0.2000), 净值 1.6130, 份额 17010854
2025-12-12 10:12:08,590 - INFO - 20250908交易日 - ETF 515880.SH: 重新投入 27,438,507 元 (权重:0.2000), 净值 2.3927, 份额 11467592
2025-12-12 10:12:08,590 - INFO - 20250908交易日 - ETF 515050.SH: 重新投入 27,438,507 元 (权重:0.2000), 净值 1.8352, 份额 14951235
2025-12-12 10:12:08,590 - INFO - 20250908交易日 - ETF 515980.SH: 重新投入 27,438,507 元 (权重:0.2000), 净值 1.5647, 份额 17535954
2025-12-12 10:12:08,592 - INFO - 20250905策略，20250908交易日 - 继续持有5只ETF，当日净值: 1.3719，市值: 137,192,534元
2025-12-12 10:12:08,594 - INFO - 20250909交易日 - 无交易，持有5只ETF，当日净值: 1.3453，市值: 134,534,711元
2025-12-12 10:12:08,596 - INFO - 20250910交易日 - 无交易，持有5只ETF，当日净值: 1.3964，市值: 139,638,801元
2025-12-12 10:12:08,598 - INFO - 20250911交易日 - 无交易，持有5只ETF，当日净值: 1.5194，市值: 151,937,831元
2025-12-12 10:12:08,600 - INFO - 20250912交易日 - 无交易，持有5只ETF，当日净值: 1.4952，市值: 149,521,126元
2025-12-12 10:12:08,600 - INFO - 20250915交易日 - 检测到ETF组合变化，重新平衡投资组合
2025-12-12 10:12:08,602 - INFO - 20250915交易日 - ETF 515980.SH: 重新投入 29,516,628 元 (权重:0.2000), 净值 1.6874, 份额 17492372
2025-12-12 10:12:08,602 - INFO - 20250915交易日 - ETF 159870.SZ: 重新投入 29,516,628 元 (权重:0.2000), 净值 0.7046, 份额 41891325
2025-12-12 10:12:08,603 - INFO - 20250915交易日 - ETF 516110.SH: 重新投入 29,516,628 元 (权重:0.2000), 净值 1.4731, 份额 20037084
2025-12-12 10:12:08,603 - INFO - 20250915交易日 - ETF 159819.SZ: 重新投入 29,516,628 元 (权重:0.2000), 净值 1.4567, 份额 20262668
2025-12-12 10:12:08,603 - INFO - 20250915交易日 - ETF 515880.SH: 重新投入 29,516,628 元 (权重:0.2000), 净值 2.5771, 份额 11453427
2025-12-12 10:12:08,605 - INFO - 20250912策略，20250915交易日 - 继续持有5只ETF，当日净值: 1.4758，市值: 147,583,139元
2025-12-12 10:12:08,607 - INFO - 20250916交易日 - 无交易，持有5只ETF，当日净值: 1.4908，市值: 149,079,375元
2025-12-12 10:12:08,608 - INFO - 20250917交易日 - 无交易，持有5只ETF，当日净值: 1.5010，市值: 150,103,705元
2025-12-12 10:12:08,611 - INFO - 20250918交易日 - 无交易，持有5只ETF，当日净值: 1.5043，市值: 150,429,541元
2025-12-12 10:12:08,613 - INFO - 20250919交易日 - 无交易，持有5只ETF，当日净值: 1.5004，市值: 150,039,480元
2025-12-12 10:12:08,613 - INFO - 20250922交易日 - 检测到ETF组合变化，重新平衡投资组合
2025-12-12 10:12:08,615 - INFO - 20250922交易日 - ETF 159389.SZ: 重新投入 30,356,943 元 (权重:0.2000), 净值 1.4386, 份额 21101726
2025-12-12 10:12:08,615 - INFO - 20250922交易日 - ETF 159811.SZ: 重新投入 30,356,943 元 (权重:0.2000), 净值 2.1689, 份额 13996470
2025-12-12 10:12:08,616 - INFO - 20250922交易日 - ETF 515980.SH: 重新投入 30,356,943 元 (权重:0.2000), 净值 1.7718, 份额 17133391
2025-12-12 10:12:08,616 - INFO - 20250922交易日 - ETF 560660.SH: 重新投入 30,356,943 元 (权重:0.2000), 净值 1.8940, 份额 16027953
2025-12-12 10:12:08,616 - INFO - 20250922交易日 - ETF 515880.SH: 重新投入 30,356,943 元 (权重:0.2000), 净值 2.7127, 份额 11190675
2025-12-12 10:12:08,618 - INFO - 20250919策略，20250922交易日 - 继续持有5只ETF，当日净值: 1.5178，市值: 151,784,715元
2025-12-12 10:12:08,620 - INFO - 20250923交易日 - 无交易，持有5只ETF，当日净值: 1.5183，市值: 151,830,898元
2025-12-12 10:12:08,621 - INFO - 20250924交易日 - 无交易，持有5只ETF，当日净值: 1.5338，市值: 153,380,373元
2025-12-12 10:12:08,623 - INFO - 20250925交易日 - 无交易，持有5只ETF，当日净值: 1.5711，市值: 157,114,174元
2025-12-12 10:12:08,625 - INFO - 20250926交易日 - 无交易，持有5只ETF，当日净值: 1.5225，市值: 152,246,908元
2025-12-12 10:12:08,626 - INFO - 20250929交易日 - 检测到ETF组合变化，重新平衡投资组合
2025-12-12 10:12:08,628 - INFO - 20250929交易日 - ETF 588200.SH: 重新投入 30,943,104 元 (权重:0.2000), 净值 2.5100, 份额 12327930
2025-12-12 10:12:08,628 - INFO - 20250929交易日 - ETF 159516.SZ: 重新投入 30,943,104 元 (权重:0.2000), 净值 1.5641, 份额 19783328
2025-12-12 10:12:08,628 - INFO - 20250929交易日 - ETF 588100.SH: 重新投入 30,943,104 元 (权重:0.2000), 净值 2.0547, 份额 15059670
2025-12-12 10:12:08,629 - INFO - 20250929交易日 - ETF 588170.SH: 重新投入 30,943,104 元 (权重:0.2000), 净值 1.5093, 份额 20501626
2025-12-12 10:12:08,629 - INFO - 20250929交易日 - ETF 561980.SH: 重新投入 30,943,104 元 (权重:0.2000), 净值 2.0903, 份额 14803188
2025-12-12 10:12:08,630 - INFO - 20250926策略，20250929交易日 - 继续持有5只ETF，当日净值: 1.5472，市值: 154,715,520元
2025-12-12 10:12:08,633 - INFO - 20250930交易日 - 无交易，持有5只ETF，当日净值: 1.5579，市值: 155,793,482元
2025-12-12 10:12:08,635 - INFO - 20250930策略，20251009交易日 - 继续持有5只ETF，当日净值: 1.6006，市值: 160,059,550元
2025-12-12 10:12:08,637 - INFO - 20251010交易日 - 无交易，持有5只ETF，当日净值: 1.5196，市值: 151,959,784元
2025-12-12 10:12:08,639 - INFO - 20251010策略，20251013交易日 - 继续持有5只ETF，当日净值: 1.5636，市值: 156,360,070元
2025-12-12 10:12:08,641 - INFO - 20251014交易日 - 无交易，持有5只ETF，当日净值: 1.4692，市值: 146,917,090元
2025-12-12 10:12:08,643 - INFO - 20251015交易日 - 无交易，持有5只ETF，当日净值: 1.4790，市值: 147,902,781元
2025-12-12 10:12:08,645 - INFO - 20251016交易日 - 无交易，持有5只ETF，当日净值: 1.4625，市值: 146,253,413元
2025-12-12 10:12:08,647 - INFO - 20251017交易日 - 无交易，持有5只ETF，当日净值: 1.4032，市值: 140,315,594元
2025-12-12 10:12:08,648 - INFO - 20251020交易日 - 检测到ETF组合变化，重新平衡投资组合
2025-12-12 10:12:08,650 - INFO - 20251020交易日 - ETF 588170.SH: 重新投入 28,130,139 元 (权重:0.2000), 净值 1.3639, 份额 20624781
2025-12-12 10:12:08,650 - INFO - 20251020交易日 - ETF 159368.SZ: 重新投入 28,130,139 元 (权重:0.2000), 净值 1.4114, 份额 19930664
2025-12-12 10:12:08,650 - INFO - 20251020交易日 - ETF 512580.SH: 重新投入 28,130,139 元 (权重:0.2000), 净值 1.2336, 份额 22803291
2025-12-12 10:12:08,651 - INFO - 20251020交易日 - ETF 159752.SZ: 重新投入 28,130,139 元 (权重:0.2000), 净值 0.6452, 份额 43599100
2025-12-12 10:12:08,651 - INFO - 20251020交易日 - ETF 159790.SZ: 重新投入 28,130,139 元 (权重:0.2000), 净值 0.7472, 份额 37647403
2025-12-12 10:12:08,652 - INFO - 20251017策略，20251020交易日 - 继续持有5只ETF，当日净值: 1.4065，市值: 140,650,697元
2025-12-12 10:12:08,654 - INFO - 20251021交易日 - 无交易，持有5只ETF，当日净值: 1.4294，市值: 142,938,610元
2025-12-12 10:12:08,656 - INFO - 20251022交易日 - 无交易，持有5只ETF，当日净值: 1.4147，市值: 141,469,955元
2025-12-12 10:12:08,658 - INFO - 20251023交易日 - 无交易，持有5只ETF，当日净值: 1.4254，市值: 142,536,472元
2025-12-12 10:12:08,659 - INFO - 20251024交易日 - 检测到ETF组合变化，重新平衡投资组合
2025-12-12 10:12:08,661 - INFO - 20251024交易日 - ETF 512800.SH: 重新投入 29,306,753 元 (权重:0.2000), 净值 1.6616, 份额 17637670
2025-12-12 10:12:08,661 - INFO - 20251024交易日 - ETF 159790.SZ: 重新投入 29,306,753 元 (权重:0.2000), 净值 0.7664, 份额 38239500
2025-12-12 10:12:08,661 - INFO - 20251024交易日 - ETF 159930.SZ: 重新投入 29,306,753 元 (权重:0.2000), 净值 1.4367, 份额 20398658
2025-12-12 10:12:08,662 - INFO - 20251024交易日 - ETF 159887.SZ: 重新投入 29,306,753 元 (权重:0.2000), 净值 1.3516, 份额 21683007
2025-12-12 10:12:08,662 - INFO - 20251024交易日 - ETF 515220.SH: 重新投入 29,306,753 元 (权重:0.2000), 净值 2.6340, 份额 11126330
2025-12-12 10:12:08,663 - INFO - 20251023策略，20251024交易日 - 继续持有5只ETF，当日净值: 1.4653，市值: 146,533,763元
2025-12-12 10:12:08,664 - INFO - 20251027交易日 - 检测到ETF组合变化，重新平衡投资组合
2025-12-12 10:12:08,666 - INFO - 20251027交易日 - ETF 512800.SH: 重新投入 29,438,962 元 (权重:0.2000), 净值 1.6618, 份额 17715105
2025-12-12 10:12:08,666 - INFO - 20251027交易日 - ETF 512890.SH: 重新投入 29,438,962 元 (权重:0.2000), 净值 2.3970, 份额 12281586
2025-12-12 10:12:08,666 - INFO - 20251027交易日 - ETF 515220.SH: 重新投入 29,438,962 元 (权重:0.2000), 净值 2.6502, 份额 11108204
2025-12-12 10:12:08,667 - INFO - 20251027交易日 - ETF 159887.SZ: 重新投入 29,438,962 元 (权重:0.2000), 净值 1.3518, 份额 21777602
2025-12-12 10:12:08,667 - INFO - 20251027交易日 - ETF 159930.SZ: 重新投入 29,438,962 元 (权重:0.2000), 净值 1.4462, 份额 20356079
2025-12-12 10:12:08,668 - INFO - 20251024策略，20251027交易日 - 继续持有5只ETF，当日净值: 1.4719，市值: 147,194,809元
2025-12-12 10:12:08,670 - INFO - 20251028交易日 - 无交易，持有5只ETF，当日净值: 1.4647，市值: 146,473,064元
2025-12-12 10:12:08,673 - INFO - 20251029交易日 - 无交易，持有5只ETF，当日净值: 1.4550，市值: 145,502,400元
2025-12-12 10:12:08,675 - INFO - 20251030交易日 - 无交易，持有5只ETF，当日净值: 1.4550，市值: 145,504,477元
2025-12-12 10:12:08,677 - INFO - 20251031交易日 - 无交易，持有5只ETF，当日净值: 1.4499，市值: 144,994,415元
2025-12-12 10:12:08,677 - INFO - 20251103交易日 - 检测到ETF组合变化，重新平衡投资组合
2025-12-12 10:12:08,680 - INFO - 20251103交易日 - ETF 561580.SH: 重新投入 29,534,692 元 (权重:0.2000), 净值 1.3526, 份额 21835496
2025-12-12 10:12:08,680 - INFO - 20251103交易日 - ETF 159887.SZ: 重新投入 29,534,692 元 (权重:0.2000), 净值 1.3374, 份额 22083664
2025-12-12 10:12:08,681 - INFO - 20251103交易日 - ETF 159930.SZ: 重新投入 29,534,692 元 (权重:0.2000), 净值 1.4761, 份额 20008598
2025-12-12 10:12:08,681 - INFO - 20251103交易日 - ETF 512800.SH: 重新投入 29,534,692 元 (权重:0.2000), 净值 1.6444, 份额 17960771
2025-12-12 10:12:08,682 - INFO - 20251103交易日 - ETF 510230.SH: 重新投入 29,534,692 元 (权重:0.2000), 净值 2.3463, 份额 12587773
2025-12-12 10:12:08,684 - INFO - 20251031策略，20251103交易日 - 继续持有5只ETF，当日净值: 1.4767，市值: 147,673,459元
2025-12-12 10:12:08,686 - INFO - 20251104交易日 - 无交易，持有5只ETF，当日净值: 1.4922，市值: 149,222,640元
2025-12-12 10:12:08,688 - INFO - 20251105交易日 - 无交易，持有5只ETF，当日净值: 1.4938，市值: 149,382,744元
2025-12-12 10:12:08,690 - INFO - 20251106交易日 - 无交易，持有5只ETF，当日净值: 1.4965，市值: 149,649,254元
2025-12-12 10:12:08,692 - INFO - 20251107交易日 - 无交易，持有5只ETF，当日净值: 1.4968，市值: 149,678,708元
2025-12-12 10:12:08,695 - INFO - 20251107策略，20251110交易日 - 继续持有5只ETF，当日净值: 1.5070，市值: 150,696,504元
2025-12-12 10:12:08,697 - INFO - 20251111交易日 - 无交易，持有5只ETF，当日净值: 1.5056，市值: 150,564,432元
2025-12-12 10:12:08,699 - INFO - 20251112交易日 - 无交易，持有5只ETF，当日净值: 1.5120，市值: 151,198,245元
2025-12-12 10:12:08,702 - INFO - 20251113交易日 - 无交易，持有5只ETF，当日净值: 1.5146，市值: 151,464,684元
2025-12-12 10:12:08,704 - INFO - 20251114交易日 - 无交易，持有5只ETF，当日净值: 1.5113，市值: 151,127,093元
2025-12-12 10:12:08,705 - INFO - 组合净值计算完成，共267个交易日，其中58个交易日有交易
2025-12-12 10:12:08,708 - INFO - 
============================================================
2025-12-12 10:12:08,708 - INFO - 绩效统计:
2025-12-12 10:12:08,708 - INFO - ============================================================
2025-12-12 10:12:08,708 - INFO - 初始资金: 100,000,000
2025-12-12 10:12:08,708 - INFO - 最终市值: 151,127,093
2025-12-12 10:12:08,708 - INFO - 绝对收益: 51,127,093
2025-12-12 10:12:08,708 - INFO - 绝对收益率: 51.13%
2025-12-12 10:12:08,708 - INFO - 总收益率: 51.13%
2025-12-12 10:12:08,708 - INFO - 年化收益率: 47.66%
2025-12-12 10:12:08,708 - INFO - 年化波动率: 28.75%
2025-12-12 10:12:08,708 - INFO - 最大回撤: -16.21%
2025-12-12 10:12:08,708 - INFO - 夏普比率: 1.658
2025-12-12 10:12:08,708 - INFO - 交易天数: 267
2025-12-12 10:12:08,708 - INFO - 起始日期: 20241014
2025-12-12 10:12:08,708 - INFO - 结束日期: 20251114
2025-12-12 10:12:08,708 - INFO - 权重方法: equal
2025-12-12 10:12:09,180 - INFO - 净值曲线已保存至: /home/user0/project/etf/output/portfolio_nav_curve_equal.png
2025-12-12 10:12:09,183 - INFO - 计算结果已保存至: /home/user0/project/etf/output/portfolio_nav_results_equal.csv
2025-12-12 10:12:09,185 - INFO - 绩效统计已保存至: /home/user0/project/etf/output/portfolio_nav_results_equal_stats.csv
2025-12-12 10:12:09,185 - INFO - ============================================================
2025-12-12 10:12:09,185 - INFO - 分析完成!
2025-12-12 10:12:09,185 - INFO - ============================================================
